#
# A fatal error has been detected by the Java Runtime Environment:
#
#  EXCEPTION_ACCESS_VIOLATION (0xc0000005) at pc=0x0000020422da2f5c, pid=8928, tid=4452
#
# JRE version: OpenJDK Runtime Environment (11.0.11+9) (build 11.0.11+9-b60-7590822)
# Java VM: OpenJDK 64-Bit Server VM (11.0.11+9-b60-7590822, mixed mode, tiered, compressed oops, g1 gc, windows-amd64)
# Problematic frame:
# J 14960 c1 com.android.tools.r8.graph.k0.a(Lcom/android/tools/r8/internal/rT0;)V (46 bytes) @ 0x0000020422da2f5c [0x0000020422da2dc0+0x000000000000019c]
#
# No core dump will be written. Minidumps are not enabled by default on client versions of Windows
#
# If you would like to submit a bug report, please visit:
#   https://bugreport.java.com/bugreport/crash.jsp
#

---------------  S U M M A R Y ------------

Command Line: --add-opens=java.base/java.util=ALL-UNNAMED --add-opens=java.base/java.lang=ALL-UNNAMED --add-opens=java.base/java.lang.invoke=ALL-UNNAMED --add-opens=java.base/java.util=ALL-UNNAMED --add-opens=java.prefs/java.util.prefs=ALL-UNNAMED --add-opens=java.prefs/java.util.prefs=ALL-UNNAMED --add-opens=java.base/java.nio.charset=ALL-UNNAMED --add-opens=java.base/java.net=ALL-UNNAMED --add-opens=java.base/java.util.concurrent.atomic=ALL-UNNAMED -Xmx2048m -Dfile.encoding=UTF-8 -Duser.country=US -Duser.language=en -Duser.variant org.gradle.launcher.daemon.bootstrap.GradleDaemon 7.2

Host: Intel(R) Core(TM) i3-2330M CPU @ 2.20GHz, 4 cores, 3G,  Windows 10 , 64 bit Build 19041 (10.0.19041.1566)
Time: Tue Mar 15 21:47:38 2022 Russia TZ 2 Standard Time elapsed time: 9562.711110 seconds (0d 2h 39m 22s)

---------------  T H R E A D  ---------------

Current thread (0x000002043c2c3800):  JavaThread "WorkerExecutor Queue Thread 3" [_thread_in_Java, id=4452, stack(0x000000864fa00000,0x000000864fb00000)]

Stack: [0x000000864fa00000,0x000000864fb00000],  sp=0x000000864fafd690,  free space=1013k
Native frames: (J=compiled Java code, j=interpreted, Vv=VM code, C=native code)
C  0x0000020422da2f5c


siginfo: EXCEPTION_ACCESS_VIOLATION (0xc0000005), reading address 0x0000000000000070


Register to memory mapping:

RIP=0x0000020422da2f5c is at entry_point+412 in (nmethod*)0x0000020422da2b90
RAX=0x00000000890a1b20 is pointing into object: java.beans.MethodDescriptor 
{0x00000000890a1af8} - klass: 'java/beans/MethodDescriptor'
RBX=0x0000000000000080 is an unknown value
RCX=0x0000000000000001 is an unknown value
RDX=0x000000008f0a8030 is an oop: com.android.tools.r8.naming.X 
{0x000000008f0a8030} - klass: 'com/android/tools/r8/naming/X'
RSP=0x000000864fafd690 is pointing into the stack for thread: 0x000002043c2c3800
RBP=0x000000008eefa600 is an oop: com.android.tools.r8.graph.S0$$Lambda$1925/0x0000000100f48840 
{0x000000008eefa600} - klass: 'com/android/tools/r8/graph/S0$$Lambda$1925'
RSI=0x000000008ef60ab0 is an oop: com.android.tools.r8.dex.N 
{0x000000008ef60ab0} - klass: 'com/android/tools/r8/dex/N'
RDI=0x000000008b0c00f8 is an oop: com.android.tools.r8.graph.X0 
{0x000000008b0c00f8} - klass: 'com/android/tools/r8/graph/X0'
R8 =0x0 is NULL
R9 =0x000000008b0c00f8 is an oop: com.android.tools.r8.graph.X0 
{0x000000008b0c00f8} - klass: 'com/android/tools/r8/graph/X0'
R10=0x000002041b041000 points into unknown readable memory: 0x0000000000000000 | 00 00 00 00 00 00 00 00
R11=0x00000000890a1b20 is pointing into object: java.beans.MethodDescriptor 
{0x00000000890a1af8} - klass: 'java/beans/MethodDescriptor'
R12=0x0 is NULL
R13=0x0 is NULL
R14=0x000000008eda08e8 is an oop: java.util.LinkedHashMap$Entry 
{0x000000008eda08e8} - klass: 'java/util/LinkedHashMap$Entry'
R15=0x000002043c2c3800 is a thread


Registers:
RAX=0x00000000890a1b20, RBX=0x0000000000000080, RCX=0x0000000000000001, RDX=0x000000008f0a8030
RSP=0x000000864fafd690, RBP=0x000000008eefa600, RSI=0x000000008ef60ab0, RDI=0x000000008b0c00f8
R8 =0x0000000000000000, R9 =0x000000008b0c00f8, R10=0x000002041b041000, R11=0x00000000890a1b20
R12=0x0000000000000000, R13=0x0000000000000000, R14=0x000000008eda08e8, R15=0x000002043c2c3800
RIP=0x0000020422da2f5c, EFLAGS=0x0000000000010246

Top of Stack: (sp=0x000000864fafd690)
0x000000864fafd690:   000002043c2c3800 000000864fafd5a0
0x000000864fafd6a0:   000000008eefd8b0 0000000000000000
0x000000864fafd6b0:   0000000000000220 00000204435f20e0
0x000000864fafd6c0:   000000008a6302f0 000000008eefd8b0
0x000000864fafd6d0:   0000000000000000 0000020444119ba0
0x000000864fafd6e0:   000000864fafd710 000000008abfafd8
0x000000864fafd6f0:   000000008ef60ab0 000000008ab2d800
0x000000864fafd700:   000000008b0c00f8 00000001000e8718
0x000000864fafd710:   000000008eefa600 0000020422da651c
0x000000864fafd720:   ffffffffffffffff 00000204435f20e0
0x000000864fafd730:   000000008ef60bc8 00000204288272ec
0x000000864fafd740:   000000008eefa698 0000020422d76f54
0x000000864fafd750:   000000008eefa750 00000204297a31cc
0x000000864fafd760:   000000003c2c3800 0000000084c84d38
0x000000864fafd770:   000000008eda08d0 000000008ef60ab0
0x000000864fafd780:   0000000000000000 0000000084c84ce0 

Instructions: (pc=0x0000020422da2f5c)
0x0000020422da2e5c:   00 00 00 e8 1c 44 a8 05 83 f8 00 0f 84 47 00 00
0x0000020422da2e6c:   00 48 8b 74 24 68 4c 8b c6 48 8b 54 24 60 66 66
0x0000020422da2e7c:   90 48 b8 80 14 f4 00 01 00 00 00 e8 94 f4 8f 05
0x0000020422da2e8c:   44 8b 40 08 49 c1 e0 03 4d 8b 40 70 4d 8b 00 4c
0x0000020422da2e9c:   8b c0 48 8b 54 24 60 66 90 48 b8 80 14 f4 00 01
0x0000020422da2eac:   00 00 00 e8 ac 02 a0 06 48 8b 54 24 58 8b 72 18
0x0000020422da2ebc:   48 3b 06 4c 8b c6 48 8b 54 24 60 48 89 74 24 70
0x0000020422da2ecc:   90 48 b8 80 14 f4 00 01 00 00 00 e8 a4 43 a8 05
0x0000020422da2edc:   83 f8 00 0f 84 47 00 00 00 48 8b 74 24 70 4c 8b
0x0000020422da2eec:   c6 48 8b 54 24 60 66 66 90 48 b8 80 14 f4 00 01
0x0000020422da2efc:   00 00 00 e8 1c f4 8f 05 44 8b 40 08 49 c1 e0 03
0x0000020422da2f0c:   4d 8b 40 70 4d 8b 00 4c 8b c0 48 8b 54 24 60 66
0x0000020422da2f1c:   90 48 b8 80 14 f4 00 01 00 00 00 e8 34 02 a0 06
0x0000020422da2f2c:   4c 8b 44 24 60 48 8b 54 24 58 49 8b f0 4c 8b c2
0x0000020422da2f3c:   48 8b d6 66 0f 1f 44 00 00 48 b8 80 14 f4 00 01
0x0000020422da2f4c:   00 00 00 e8 4c b4 07 06 44 8b 40 08 49 c1 e0 03
0x0000020422da2f5c:   4d 8b 40 70 4d 8b 00 4c 8b c0 48 8b 54 24 60 66
0x0000020422da2f6c:   90 48 b8 80 14 f4 00 01 00 00 00 e8 e4 01 a0 06
0x0000020422da2f7c:   48 81 c4 80 00 00 00 5d 4d 8b 97 08 01 00 00 41
0x0000020422da2f8c:   85 02 c3 49 ba 00 d2 5a 43 04 02 00 00 4c 89 54
0x0000020422da2f9c:   24 08 48 c7 04 24 ff ff ff ff e8 d5 d5 ce fd e9
0x0000020422da2fac:   6b fe ff ff e8 eb 8d ce fd e8 e6 8d ce fd e8 e1
0x0000020422da2fbc:   8d ce fd e8 dc 8d ce fd e8 d7 8d ce fd 90 90 49
0x0000020422da2fcc:   8b 87 20 04 00 00 49 ba 00 00 00 00 00 00 00 00
0x0000020422da2fdc:   4d 89 97 20 04 00 00 49 ba 00 00 00 00 00 00 00
0x0000020422da2fec:   00 4d 89 97 28 04 00 00 48 81 c4 80 00 00 00 5d
0x0000020422da2ffc:   e9 ff b5 c5 fd f4 f4 f4 f4 f4 f4 f4 f4 f4 f4 f4
0x0000020422da300c:   f4 f4 f4 f4 f4 f4 f4 f4 f4 f4 f4 f4 f4 f4 f4 f4
0x0000020422da301c:   f4 f4 f4 f4 0f 1f 44 00 00 48 bb 00 00 00 00 00
0x0000020422da302c:   00 00 00 e9 fb ff ff ff 90 48 bb 00 00 00 00 00
0x0000020422da303c:   00 00 00 e9 fb ff ff ff 90 48 bb 00 00 00 00 00
0x0000020422da304c:   00 00 00 e9 fb ff ff ff 90 48 bb 00 00 00 00 00 


Stack slot to memory mapping:
stack at sp + 0 slots: 0x000002043c2c3800 is a thread
stack at sp + 1 slots: 0x000000864fafd5a0 is pointing into the stack for thread: 0x000002043c2c3800
stack at sp + 2 slots: 0x000000008eefd8b0 is an oop: com.android.tools.r8.graph.O2 
{0x000000008eefd8b0} - klass: 'com/android/tools/r8/graph/O2'
stack at sp + 3 slots: 0x0 is NULL
stack at sp + 4 slots: 0x0000000000000220 is an unknown value
stack at sp + 5 slots: {method} {0x00000204435f20e8} 'a' '(Lcom/android/tools/r8/internal/rT0;Lcom/android/tools/r8/graph/O2;)V' in 'com/android/tools/r8/graph/S0'
stack at sp + 6 slots: 0x000000008a6302f0 is an oop: com.android.tools.r8.graph.g0 
{0x000000008a6302f0} - klass: 'com/android/tools/r8/graph/g0'
stack at sp + 7 slots: 0x000000008eefd8b0 is an oop: com.android.tools.r8.graph.O2 
{0x000000008eefd8b0} - klass: 'com/android/tools/r8/graph/O2'



---------------  P R O C E S S  ---------------

Threads class SMR info:
_java_thread_list=0x00000204429d7b10, length=99, elements={
0x000002041cf05800, 0x0000020436ac1000, 0x0000020436acf000, 0x00000204372f2800,
0x00000204372f3800, 0x00000204372f7000, 0x000002043733b000, 0x0000020437347800,
0x000002043734b000, 0x000002043749f800, 0x00000204392e2000, 0x00000204387c0000,
0x000002043833a000, 0x0000020438c93800, 0x0000020438c96000, 0x0000020438c95000,
0x0000020438c92000, 0x0000020438c94000, 0x00000204396bc000, 0x00000204396b8000,
0x00000204396b9000, 0x00000204396bb800, 0x000002043c466000, 0x000002043c2b5000,
0x000002043c2b6800, 0x000002043c2c1000, 0x000002043c2c2000, 0x000002043c2bc800,
0x000002043c2c3000, 0x000002043a162800, 0x000002043c2be000, 0x000002043fd62000,
0x000002043fd68000, 0x000002043fd63800, 0x000002043fd61000, 0x000002043fd60800,
0x000002043fd64800, 0x000002043fd5f000, 0x000002043fd65800, 0x000002043fd5f800,
0x000002043fd66000, 0x000002043fd67000, 0x000002043fd68800, 0x000002043fd63000,
0x000002043fd6c000, 0x000002043fd69800, 0x000002043fd6a000, 0x000002043fd6d800,
0x000002043fd6b000, 0x000002043fd6c800, 0x000002043a15b800, 0x000002043a15c800,
0x000002043a15a000, 0x000002043a15d800, 0x000002043a157800, 0x000002043a15e000,
0x000002043a158800, 0x000002043a15f000, 0x000002043a159800, 0x000002043a160800,
0x000002043a160000, 0x000002043a15b000, 0x000002043a165800, 0x000002043a161800,
0x000002043a163000, 0x000002043a166800, 0x000002043a164000, 0x000002043a164800,
0x000002043c461000, 0x000002043c465000, 0x000002043c463800, 0x000002043c462000,
0x000002043c460800, 0x000002043c464800, 0x000002043c462800, 0x000002043c46a000,
0x000002043c468800, 0x000002043c46c800, 0x000002043c46b000, 0x000002043c469800,
0x000002043c46b800, 0x000002043c467000, 0x000002043c46d800, 0x000002043c46e000,
0x000002043c46f000, 0x000002043c2b7800, 0x000002043c2b8000, 0x000002043c2bb800,
0x000002043c2b9000, 0x000002043c2ba000, 0x000002043c2ba800, 0x000002043c2b6000,
0x000002043c2be800, 0x000002043c2bf800, 0x000002043c2c0800, 0x000002043c2bd000,
0x000002043c2c3800, 0x0000020438c98800, 0x0000020438c97800
}

Java Threads: ( => current thread )
  0x000002041cf05800 JavaThread "main" [_thread_blocked, id=6036, stack(0x0000008649400000,0x0000008649500000)]
  0x0000020436ac1000 JavaThread "Reference Handler" daemon [_thread_blocked, id=4528, stack(0x0000008649b00000,0x0000008649c00000)]
  0x0000020436acf000 JavaThread "Finalizer" daemon [_thread_blocked, id=5824, stack(0x0000008649c00000,0x0000008649d00000)]
  0x00000204372f2800 JavaThread "Signal Dispatcher" daemon [_thread_blocked, id=9044, stack(0x0000008649d00000,0x0000008649e00000)]
  0x00000204372f3800 JavaThread "Attach Listener" daemon [_thread_blocked, id=6684, stack(0x0000008649e00000,0x0000008649f00000)]
  0x00000204372f7000 JavaThread "Service Thread" daemon [_thread_blocked, id=7664, stack(0x0000008649f00000,0x000000864a000000)]
  0x000002043733b000 JavaThread "C2 CompilerThread0" daemon [_thread_in_native, id=7560, stack(0x000000864a000000,0x000000864a100000)]
  0x0000020437347800 JavaThread "C1 CompilerThread0" daemon [_thread_blocked, id=8128, stack(0x000000864a100000,0x000000864a200000)]
  0x000002043734b000 JavaThread "Sweeper thread" daemon [_thread_blocked, id=7448, stack(0x000000864a200000,0x000000864a300000)]
  0x000002043749f800 JavaThread "Common-Cleaner" daemon [_thread_blocked, id=7976, stack(0x000000864a300000,0x000000864a400000)]
  0x00000204392e2000 JavaThread "Daemon health stats" [_thread_blocked, id=2844, stack(0x000000864a600000,0x000000864a700000)]
  0x00000204387c0000 JavaThread "Incoming local TCP Connector on port 64805" [_thread_in_native, id=1100, stack(0x000000864a700000,0x000000864a800000)]
  0x000002043833a000 JavaThread "Daemon periodic checks" [_thread_blocked, id=4684, stack(0x000000864a800000,0x000000864a900000)]
  0x0000020438c93800 JavaThread "Cache worker for journal cache (C:\Users\Garik Asatryan\.gradle\caches\journal-1)" [_thread_blocked, id=5804, stack(0x000000864b200000,0x000000864b300000)]
  0x0000020438c96000 JavaThread "File lock request listener" [_thread_in_native, id=4588, stack(0x000000864b300000,0x000000864b400000)]
  0x0000020438c95000 JavaThread "Cache worker for file hash cache (C:\Users\Garik Asatryan\.gradle\caches\7.2\fileHashes)" [_thread_blocked, id=7072, stack(0x000000864b400000,0x000000864b500000)]
  0x0000020438c92000 JavaThread "File watcher server" daemon [_thread_in_native, id=6544, stack(0x000000864b600000,0x000000864b700000)]
  0x0000020438c94000 JavaThread "File watcher consumer" daemon [_thread_blocked, id=5944, stack(0x000000864b700000,0x000000864b800000)]
  0x00000204396bc000 JavaThread "Cache worker for execution history cache (C:\Users\Garik Asatryan\.gradle\caches\7.2\executionHistory)" [_thread_blocked, id=1204, stack(0x000000864bb00000,0x000000864bc00000)]
  0x00000204396b8000 JavaThread "jar transforms" [_thread_blocked, id=5956, stack(0x000000864bc00000,0x000000864bd00000)]
  0x00000204396b9000 JavaThread "Cache worker for file content cache (C:\Users\Garik Asatryan\.gradle\caches\7.2\fileContent)" [_thread_blocked, id=1476, stack(0x000000864bd00000,0x000000864be00000)]
  0x00000204396bb800 JavaThread "jar transforms Thread 2" [_thread_blocked, id=2912, stack(0x000000864be00000,0x000000864bf00000)]
  0x000002043c466000 JavaThread "jar transforms Thread 3" [_thread_blocked, id=8712, stack(0x000000864c000000,0x000000864c100000)]
  0x000002043c2b5000 JavaThread "jar transforms Thread 4" [_thread_blocked, id=5412, stack(0x000000864ea00000,0x000000864eb00000)]
  0x000002043c2b6800 JavaThread "Memory manager" [_thread_blocked, id=8028, stack(0x000000864eb00000,0x000000864ec00000)]
  0x000002043c2c1000 JavaThread "RMI Scheduler(0)" daemon [_thread_blocked, id=7500, stack(0x000000864f400000,0x000000864f500000)]
  0x000002043c2c2000 JavaThread "RMI GC Daemon" daemon [_thread_blocked, id=9116, stack(0x000000864f600000,0x000000864f700000)]
  0x000002043c2bc800 JavaThread "RMI TCP Accept-0" daemon [_thread_in_native, id=4380, stack(0x000000864f700000,0x000000864f800000)]
  0x000002043c2c3000 JavaThread "RMI Reaper" [_thread_blocked, id=552, stack(0x000000864f800000,0x000000864f900000)]
  0x000002043a162800 JavaThread "Cache worker for Java compile cache (C:\Users\Garik Asatryan\.gradle\caches\7.2\javaCompile)" [_thread_blocked, id=7084, stack(0x000000864f500000,0x000000864f600000)]
  0x000002043c2be000 JavaThread "ForkJoinPool.commonPool-worker-3" daemon [_thread_blocked, id=5276, stack(0x000000864fc00000,0x000000864fd00000)]
  0x000002043fd62000 JavaThread "RMI TCP Connection(203)-127.0.0.1" daemon [_thread_in_native, id=2456, stack(0x000000864f000000,0x000000864f100000)]
  0x000002043fd68000 JavaThread "RMI TCP Connection(205)-127.0.0.1" daemon [_thread_in_native, id=9840, stack(0x000000864f200000,0x000000864f300000)]
  0x000002043fd63800 JavaThread "ForkJoinPool.commonPool-worker-5" daemon [_thread_blocked, id=528, stack(0x000000864ef00000,0x000000864f000000)]
  0x000002043fd61000 JavaThread "RMI TCP Connection(204)-127.0.0.1" daemon [_thread_in_native, id=5380, stack(0x0000008649200000,0x0000008649300000)]
  0x000002043fd60800 JavaThread "Daemon Thread 33" [_thread_blocked, id=2336, stack(0x0000008649100000,0x0000008649200000)]
  0x000002043fd64800 JavaThread "Handler for socket connection from /127.0.0.1:64805 to /127.0.0.1:50831" [_thread_in_native, id=2120, stack(0x0000008649300000,0x0000008649400000)]
  0x000002043fd5f000 JavaThread "Cancel handler" [_thread_blocked, id=7236, stack(0x000000864a900000,0x000000864aa00000)]
  0x000002043fd65800 JavaThread "Daemon worker Thread 33" [_thread_blocked, id=8472, stack(0x000000864aa00000,0x000000864ab00000)]
  0x000002043fd5f800 JavaThread "Asynchronous log dispatcher for DefaultDaemonConnection: socket connection from /127.0.0.1:64805 to /127.0.0.1:50831" [_thread_blocked, id=3576, stack(0x000000864ab00000,0x000000864ac00000)]
  0x000002043fd66000 JavaThread "Stdin handler" [_thread_blocked, id=3496, stack(0x000000864ac00000,0x000000864ad00000)]
  0x000002043fd67000 JavaThread "Daemon client event forwarder" [_thread_blocked, id=9340, stack(0x000000864ad00000,0x000000864ae00000)]
  0x000002043fd68800 JavaThread "Cache worker for file hash cache (C:\Users\Garik Asatryan\AndroidStudioProjects\Task_1\.gradle\7.2\fileHashes)" [_thread_blocked, id=2560, stack(0x000000864ae00000,0x000000864af00000)]
  0x000002043fd63000 JavaThread "Cache worker for checksums cache (C:\Users\Garik Asatryan\AndroidStudioProjects\Task_1\.gradle\checksums)" [_thread_blocked, id=9164, stack(0x000000864af00000,0x000000864b000000)]
  0x000002043fd6c000 JavaThread "Cache worker for cache directory md-supplier (C:\Users\Garik Asatryan\.gradle\caches\7.2\md-supplier)" [_thread_blocked, id=6360, stack(0x000000864b500000,0x000000864b600000)]
  0x000002043fd69800 JavaThread "Cache worker for cache directory md-rule (C:\Users\Garik Asatryan\.gradle\caches\7.2\md-rule)" [_thread_blocked, id=7492, stack(0x000000864b800000,0x000000864b900000)]
  0x000002043fd6a000 JavaThread "Cache worker for dependencies-accessors (C:\Users\Garik Asatryan\AndroidStudioProjects\Task_1\.gradle\7.2\dependencies-accessors)" [_thread_blocked, id=9904, stack(0x000000864b900000,0x000000864ba00000)]
  0x000002043fd6d800 JavaThread "Cache worker for Build Output Cleanup Cache (C:\Users\Garik Asatryan\AndroidStudioProjects\Task_1\.gradle\buildOutputCleanup)" [_thread_blocked, id=6576, stack(0x000000864ba00000,0x000000864bb00000)]
  0x000002043fd6b000 JavaThread "Unconstrained build operations" [_thread_blocked, id=10032, stack(0x000000864bf00000,0x000000864c000000)]
  0x000002043fd6c800 JavaThread "Unconstrained build operations Thread 2" [_thread_blocked, id=9464, stack(0x000000864c100000,0x000000864c200000)]
  0x000002043a15b800 JavaThread "Unconstrained build operations Thread 3" [_thread_blocked, id=9884, stack(0x000000864c200000,0x000000864c300000)]
  0x000002043a15c800 JavaThread "Unconstrained build operations Thread 4" [_thread_blocked, id=7076, stack(0x000000864c300000,0x000000864c400000)]
  0x000002043a15a000 JavaThread "Unconstrained build operations Thread 5" [_thread_blocked, id=1908, stack(0x000000864c400000,0x000000864c500000)]
  0x000002043a15d800 JavaThread "Unconstrained build operations Thread 6" [_thread_blocked, id=4444, stack(0x000000864c500000,0x000000864c600000)]
  0x000002043a157800 JavaThread "Unconstrained build operations Thread 7" [_thread_blocked, id=4896, stack(0x000000864c600000,0x000000864c700000)]
  0x000002043a15e000 JavaThread "Unconstrained build operations Thread 8" [_thread_blocked, id=2772, stack(0x000000864c700000,0x000000864c800000)]
  0x000002043a158800 JavaThread "Unconstrained build operations Thread 9" [_thread_blocked, id=1380, stack(0x000000864c800000,0x000000864c900000)]
  0x000002043a15f000 JavaThread "Unconstrained build operations Thread 10" [_thread_blocked, id=1468, stack(0x000000864c900000,0x000000864ca00000)]
  0x000002043a159800 JavaThread "Unconstrained build operations Thread 11" [_thread_blocked, id=1544, stack(0x000000864ca00000,0x000000864cb00000)]
  0x000002043a160800 JavaThread "Unconstrained build operations Thread 12" [_thread_blocked, id=8500, stack(0x000000864cb00000,0x000000864cc00000)]
  0x000002043a160000 JavaThread "Unconstrained build operations Thread 13" [_thread_blocked, id=1088, stack(0x000000864cc00000,0x000000864cd00000)]
  0x000002043a15b000 JavaThread "Unconstrained build operations Thread 14" [_thread_blocked, id=9556, stack(0x000000864cd00000,0x000000864ce00000)]
  0x000002043a165800 JavaThread "Unconstrained build operations Thread 15" [_thread_blocked, id=6232, stack(0x000000864ce00000,0x000000864cf00000)]
  0x000002043a161800 JavaThread "Unconstrained build operations Thread 16" [_thread_blocked, id=3116, stack(0x000000864cf00000,0x000000864d000000)]
  0x000002043a163000 JavaThread "Unconstrained build operations Thread 17" [_thread_blocked, id=5512, stack(0x000000864d000000,0x000000864d100000)]
  0x000002043a166800 JavaThread "Unconstrained build operations Thread 18" [_thread_blocked, id=7656, stack(0x000000864d100000,0x000000864d200000)]
  0x000002043a164000 JavaThread "Unconstrained build operations Thread 19" [_thread_blocked, id=8156, stack(0x000000864d200000,0x000000864d300000)]
  0x000002043a164800 JavaThread "Unconstrained build operations Thread 20" [_thread_blocked, id=9252, stack(0x000000864d300000,0x000000864d400000)]
  0x000002043c461000 JavaThread "Unconstrained build operations Thread 21" [_thread_blocked, id=10200, stack(0x000000864d400000,0x000000864d500000)]
  0x000002043c465000 JavaThread "Unconstrained build operations Thread 22" [_thread_blocked, id=9384, stack(0x000000864d500000,0x000000864d600000)]
  0x000002043c463800 JavaThread "Unconstrained build operations Thread 23" [_thread_blocked, id=8244, stack(0x000000864d600000,0x000000864d700000)]
  0x000002043c462000 JavaThread "Unconstrained build operations Thread 24" [_thread_blocked, id=3644, stack(0x000000864d700000,0x000000864d800000)]
  0x000002043c460800 JavaThread "Unconstrained build operations Thread 25" [_thread_blocked, id=8676, stack(0x000000864d800000,0x000000864d900000)]
  0x000002043c464800 JavaThread "Unconstrained build operations Thread 26" [_thread_blocked, id=9372, stack(0x000000864d900000,0x000000864da00000)]
  0x000002043c462800 JavaThread "Unconstrained build operations Thread 27" [_thread_blocked, id=5548, stack(0x000000864da00000,0x000000864db00000)]
  0x000002043c46a000 JavaThread "Unconstrained build operations Thread 28" [_thread_blocked, id=10196, stack(0x000000864db00000,0x000000864dc00000)]
  0x000002043c468800 JavaThread "Unconstrained build operations Thread 29" [_thread_blocked, id=7228, stack(0x000000864dc00000,0x000000864dd00000)]
  0x000002043c46c800 JavaThread "Unconstrained build operations Thread 30" [_thread_blocked, id=10044, stack(0x000000864dd00000,0x000000864de00000)]
  0x000002043c46b000 JavaThread "Unconstrained build operations Thread 31" [_thread_blocked, id=8076, stack(0x000000864de00000,0x000000864df00000)]
  0x000002043c469800 JavaThread "Unconstrained build operations Thread 32" [_thread_blocked, id=660, stack(0x000000864df00000,0x000000864e000000)]
  0x000002043c46b800 JavaThread "Unconstrained build operations Thread 33" [_thread_blocked, id=6900, stack(0x000000864e000000,0x000000864e100000)]
  0x000002043c467000 JavaThread "Unconstrained build operations Thread 34" [_thread_blocked, id=9288, stack(0x000000864e100000,0x000000864e200000)]
  0x000002043c46d800 JavaThread "Unconstrained build operations Thread 35" [_thread_blocked, id=9324, stack(0x000000864e200000,0x000000864e300000)]
  0x000002043c46e000 JavaThread "Unconstrained build operations Thread 36" [_thread_blocked, id=9600, stack(0x000000864e300000,0x000000864e400000)]
  0x000002043c46f000 JavaThread "Unconstrained build operations Thread 37" [_thread_blocked, id=8588, stack(0x000000864e400000,0x000000864e500000)]
  0x000002043c2b7800 JavaThread "Unconstrained build operations Thread 38" [_thread_blocked, id=5812, stack(0x000000864e500000,0x000000864e600000)]
  0x000002043c2b8000 JavaThread "Unconstrained build operations Thread 39" [_thread_blocked, id=7784, stack(0x000000864e600000,0x000000864e700000)]
  0x000002043c2bb800 JavaThread "Unconstrained build operations Thread 40" [_thread_blocked, id=6668, stack(0x000000864e700000,0x000000864e800000)]
  0x000002043c2b9000 JavaThread "build event listener" [_thread_blocked, id=1180, stack(0x000000864e800000,0x000000864e900000)]
  0x000002043c2ba000 JavaThread "build event listener" [_thread_blocked, id=2948, stack(0x000000864e900000,0x000000864ea00000)]
  0x000002043c2ba800 JavaThread "Execution worker for ':'" [_thread_blocked, id=3224, stack(0x000000864ec00000,0x000000864ed00000)]
  0x000002043c2b6000 JavaThread "Execution worker for ':' Thread 2" [_thread_blocked, id=8988, stack(0x000000864ed00000,0x000000864ee00000)]
  0x000002043c2be800 JavaThread "Execution worker for ':' Thread 3" [_thread_blocked, id=6172, stack(0x000000864ee00000,0x000000864ef00000)]
  0x000002043c2bf800 JavaThread "Cache worker for execution history cache (C:\Users\Garik Asatryan\AndroidStudioProjects\Task_1\.gradle\7.2\executionHistory)" [_thread_blocked, id=1056, stack(0x000000864f100000,0x000000864f200000)]
  0x000002043c2c0800 JavaThread "WorkerExecutor Queue" [_thread_in_native, id=8672, stack(0x000000864f300000,0x000000864f400000)]
  0x000002043c2bd000 JavaThread "WorkerExecutor Queue Thread 2" [_thread_in_native, id=10140, stack(0x000000864f900000,0x000000864fa00000)]
=>0x000002043c2c3800 JavaThread "WorkerExecutor Queue Thread 3" [_thread_in_Java, id=4452, stack(0x000000864fa00000,0x000000864fb00000)]
  0x0000020438c98800 JavaThread "WorkerExecutor Queue Thread 4" [_thread_in_vm, id=7968, stack(0x000000864fb00000,0x000000864fc00000)]
  0x0000020438c97800 JavaThread "WorkerExecutor Queue Thread 5" [_thread_blocked, id=7772, stack(0x000000864fd00000,0x000000864fe00000)]

Other Threads:
  0x00000204372e5000 VMThread "VM Thread" [stack: 0x0000008649a00000,0x0000008649b00000] [id=6320]
  0x00000204374ba800 WatcherThread [stack: 0x000000864a400000,0x000000864a500000] [id=7112]
  0x000002041cf1c000 GCTaskThread "GC Thread#0" [stack: 0x0000008649500000,0x0000008649600000] [id=8476]
  0x000002043797d000 GCTaskThread "GC Thread#1" [stack: 0x000000864a500000,0x000000864a600000] [id=7676]
  0x0000020439556000 GCTaskThread "GC Thread#2" [stack: 0x000000864b000000,0x000000864b100000] [id=4680]
  0x000002043979d800 GCTaskThread "GC Thread#3" [stack: 0x000000864b100000,0x000000864b200000] [id=7472]
  0x000002041cf51000 ConcurrentGCThread "G1 Main Marker" [stack: 0x0000008649600000,0x0000008649700000] [id=1416]
  0x000002041cf52800 ConcurrentGCThread "G1 Conc#0" [stack: 0x0000008649700000,0x0000008649800000] [id=6120]
  0x000002041cf7e800 ConcurrentGCThread "G1 Refine#0" [stack: 0x0000008649800000,0x0000008649900000] [id=8728]
  0x0000020436915800 ConcurrentGCThread "G1 Young RemSet Sampling" [stack: 0x0000008649900000,0x0000008649a00000] [id=8916]

Threads with active compile tasks:
C2 CompilerThread09562914 38286 %     4       com.android.tools.r8.internal.lH0::a @ 3921 (4225 bytes)

VM state:not at safepoint (normal execution)

VM Mutex/Monitor currently owned by a thread: None

Heap address: 0x0000000080000000, size: 2048 MB, Compressed Oops mode: 32-bit
Narrow klass base: 0x0000000000000000, Narrow klass shift: 3
Compressed class space size: 1073741824 Address: 0x0000000100000000

Heap:
 garbage-first heap   total 248832K, used 159482K [0x0000000080000000, 0x0000000100000000)
  region size 1024K, 25 young (25600K), 9 survivors (9216K)
 Metaspace       used 135437K, capacity 140793K, committed 142760K, reserved 1173504K
  class space    used 16578K, capacity 18482K, committed 18764K, reserved 1048576K
Heap Regions: E=young(eden), S=young(survivor), O=old, HS=humongous(starts), HC=humongous(continues), CS=collection set, F=free, A=archive, TAMS=top-at-mark-start (previous, next)
|   0|0x0000000080000000, 0x0000000080100000, 0x0000000080100000|100%|HS|  |TAMS 0x0000000080100000, 0x0000000080100000| Complete 
|   1|0x0000000080100000, 0x0000000080200000, 0x0000000080200000|100%|HC|  |TAMS 0x0000000080200000, 0x0000000080200000| Complete 
|   2|0x0000000080200000, 0x0000000080300000, 0x0000000080300000|100%|HC|  |TAMS 0x0000000080300000, 0x0000000080300000| Complete 
|   3|0x0000000080300000, 0x0000000080400000, 0x0000000080400000|100%| O|  |TAMS 0x0000000080400000, 0x0000000080400000| Untracked 
|   4|0x0000000080400000, 0x0000000080500000, 0x0000000080500000|100%| O|  |TAMS 0x0000000080500000, 0x0000000080500000| Untracked 
|   5|0x0000000080500000, 0x0000000080600000, 0x0000000080600000|100%| O|  |TAMS 0x0000000080600000, 0x0000000080600000| Untracked 
|   6|0x0000000080600000, 0x0000000080700000, 0x0000000080700000|100%| O|  |TAMS 0x0000000080700000, 0x0000000080700000| Untracked 
|   7|0x0000000080700000, 0x0000000080800000, 0x0000000080800000|100%| O|  |TAMS 0x0000000080800000, 0x0000000080800000| Untracked 
|   8|0x0000000080800000, 0x0000000080900000, 0x0000000080900000|100%| O|  |TAMS 0x0000000080900000, 0x0000000080900000| Untracked 
|   9|0x0000000080900000, 0x0000000080a00000, 0x0000000080a00000|100%| O|  |TAMS 0x0000000080a00000, 0x0000000080a00000| Untracked 
|  10|0x0000000080a00000, 0x0000000080b00000, 0x0000000080b00000|100%| O|  |TAMS 0x0000000080b00000, 0x0000000080b00000| Untracked 
|  11|0x0000000080b00000, 0x0000000080c00000, 0x0000000080c00000|100%| O|  |TAMS 0x0000000080c00000, 0x0000000080c00000| Untracked 
|  12|0x0000000080c00000, 0x0000000080d00000, 0x0000000080d00000|100%| O|  |TAMS 0x0000000080d00000, 0x0000000080d00000| Untracked 
|  13|0x0000000080d00000, 0x0000000080e00000, 0x0000000080e00000|100%| O|  |TAMS 0x0000000080e00000, 0x0000000080e00000| Untracked 
|  14|0x0000000080e00000, 0x0000000080f00000, 0x0000000080f00000|100%| O|  |TAMS 0x0000000080f00000, 0x0000000080f00000| Untracked 
|  15|0x0000000080f00000, 0x0000000081000000, 0x0000000081000000|100%| O|  |TAMS 0x0000000081000000, 0x0000000081000000| Untracked 
|  16|0x0000000081000000, 0x0000000081100000, 0x0000000081100000|100%| O|  |TAMS 0x0000000081100000, 0x0000000081100000| Untracked 
|  17|0x0000000081100000, 0x0000000081200000, 0x0000000081200000|100%| O|  |TAMS 0x0000000081200000, 0x0000000081200000| Untracked 
|  18|0x0000000081200000, 0x0000000081300000, 0x0000000081300000|100%| O|  |TAMS 0x0000000081300000, 0x0000000081300000| Untracked 
|  19|0x0000000081300000, 0x0000000081400000, 0x0000000081400000|100%| O|  |TAMS 0x0000000081400000, 0x0000000081400000| Untracked 
|  20|0x0000000081400000, 0x0000000081500000, 0x0000000081500000|100%| O|  |TAMS 0x0000000081500000, 0x0000000081500000| Untracked 
|  21|0x0000000081500000, 0x0000000081600000, 0x0000000081600000|100%| O|  |TAMS 0x0000000081600000, 0x0000000081600000| Untracked 
|  22|0x0000000081600000, 0x0000000081700000, 0x0000000081700000|100%| O|  |TAMS 0x0000000081600000, 0x0000000081600000| Untracked 
|  23|0x0000000081700000, 0x0000000081800000, 0x0000000081800000|100%| O|  |TAMS 0x0000000081800000, 0x0000000081800000| Untracked 
|  24|0x0000000081800000, 0x0000000081900000, 0x0000000081900000|100%| O|  |TAMS 0x0000000081900000, 0x0000000081900000| Untracked 
|  25|0x0000000081900000, 0x0000000081a00000, 0x0000000081a00000|100%| O|  |TAMS 0x0000000081a00000, 0x0000000081a00000| Untracked 
|  26|0x0000000081a00000, 0x0000000081b00000, 0x0000000081b00000|100%| O|  |TAMS 0x0000000081b00000, 0x0000000081b00000| Untracked 
|  27|0x0000000081b00000, 0x0000000081c00000, 0x0000000081c00000|100%| O|  |TAMS 0x0000000081b00000, 0x0000000081b00000| Untracked 
|  28|0x0000000081c00000, 0x0000000081d00000, 0x0000000081d00000|100%|HS|  |TAMS 0x0000000081d00000, 0x0000000081d00000| Complete 
|  29|0x0000000081d00000, 0x0000000081e00000, 0x0000000081e00000|100%|HS|  |TAMS 0x0000000081e00000, 0x0000000081e00000| Complete 
|  30|0x0000000081e00000, 0x0000000081f00000, 0x0000000081f00000|100%|HS|  |TAMS 0x0000000081f00000, 0x0000000081f00000| Complete 
|  31|0x0000000081f00000, 0x0000000082000000, 0x0000000082000000|100%|HS|  |TAMS 0x0000000082000000, 0x0000000082000000| Complete 
|  32|0x0000000082000000, 0x0000000082100000, 0x0000000082100000|100%|HS|  |TAMS 0x0000000082100000, 0x0000000082100000| Complete 
|  33|0x0000000082100000, 0x0000000082200000, 0x0000000082200000|100%|HC|  |TAMS 0x0000000082200000, 0x0000000082200000| Complete 
|  34|0x0000000082200000, 0x0000000082300000, 0x0000000082300000|100%|HC|  |TAMS 0x0000000082300000, 0x0000000082300000| Complete 
|  35|0x0000000082300000, 0x0000000082400000, 0x0000000082400000|100%|HS|  |TAMS 0x0000000082400000, 0x0000000082400000| Complete 
|  36|0x0000000082400000, 0x0000000082500000, 0x0000000082500000|100%|HC|  |TAMS 0x0000000082500000, 0x0000000082500000| Complete 
|  37|0x0000000082500000, 0x0000000082600000, 0x0000000082600000|100%| O|  |TAMS 0x0000000082600000, 0x0000000082600000| Untracked 
|  38|0x0000000082600000, 0x0000000082700000, 0x0000000082700000|100%| O|  |TAMS 0x0000000082700000, 0x0000000082700000| Untracked 
|  39|0x0000000082700000, 0x0000000082800000, 0x0000000082800000|100%| O|  |TAMS 0x0000000082800000, 0x0000000082800000| Untracked 
|  40|0x0000000082800000, 0x0000000082900000, 0x0000000082900000|100%| O|  |TAMS 0x0000000082900000, 0x0000000082900000| Untracked 
|  41|0x0000000082900000, 0x0000000082a00000, 0x0000000082a00000|100%| O|  |TAMS 0x0000000082a00000, 0x0000000082a00000| Untracked 
|  42|0x0000000082a00000, 0x0000000082b00000, 0x0000000082b00000|100%| O|  |TAMS 0x0000000082b00000, 0x0000000082b00000| Untracked 
|  43|0x0000000082b00000, 0x0000000082c00000, 0x0000000082c00000|100%| O|  |TAMS 0x0000000082c00000, 0x0000000082c00000| Untracked 
|  44|0x0000000082c00000, 0x0000000082d00000, 0x0000000082d00000|100%| O|  |TAMS 0x0000000082d00000, 0x0000000082d00000| Untracked 
|  45|0x0000000082d00000, 0x0000000082e00000, 0x0000000082e00000|100%| O|  |TAMS 0x0000000082e00000, 0x0000000082e00000| Untracked 
|  46|0x0000000082e00000, 0x0000000082f00000, 0x0000000082f00000|100%| O|  |TAMS 0x0000000082e00000, 0x0000000082f00000| Untracked 
|  47|0x0000000082f00000, 0x0000000082fbea00, 0x0000000083000000| 74%| O|  |TAMS 0x0000000082f00000, 0x0000000082f00000| Untracked 
|  48|0x0000000083000000, 0x0000000083100000, 0x0000000083100000|100%| O|  |TAMS 0x0000000083100000, 0x0000000083100000| Untracked 
|  49|0x0000000083100000, 0x0000000083200000, 0x0000000083200000|100%| O|  |TAMS 0x0000000083200000, 0x0000000083200000| Untracked 
|  50|0x0000000083200000, 0x0000000083300000, 0x0000000083300000|100%| O|  |TAMS 0x0000000083300000, 0x0000000083300000| Untracked 
|  51|0x0000000083300000, 0x0000000083400000, 0x0000000083400000|100%| O|  |TAMS 0x0000000083400000, 0x0000000083400000| Untracked 
|  52|0x0000000083400000, 0x0000000083500000, 0x0000000083500000|100%| O|  |TAMS 0x0000000083500000, 0x0000000083500000| Untracked 
|  53|0x0000000083500000, 0x0000000083600000, 0x0000000083600000|100%| O|  |TAMS 0x0000000083600000, 0x0000000083600000| Untracked 
|  54|0x0000000083600000, 0x0000000083700000, 0x0000000083700000|100%| O|  |TAMS 0x0000000083700000, 0x0000000083700000| Untracked 
|  55|0x0000000083700000, 0x0000000083800000, 0x0000000083800000|100%| O|  |TAMS 0x0000000083800000, 0x0000000083800000| Untracked 
|  56|0x0000000083800000, 0x0000000083900000, 0x0000000083900000|100%| O|  |TAMS 0x0000000083900000, 0x0000000083900000| Untracked 
|  57|0x0000000083900000, 0x0000000083a00000, 0x0000000083a00000|100%| O|  |TAMS 0x0000000083a00000, 0x0000000083a00000| Untracked 
|  58|0x0000000083a00000, 0x0000000083b00000, 0x0000000083b00000|100%| O|  |TAMS 0x0000000083b00000, 0x0000000083b00000| Untracked 
|  59|0x0000000083b00000, 0x0000000083c00000, 0x0000000083c00000|100%| O|  |TAMS 0x0000000083c00000, 0x0000000083c00000| Untracked 
|  60|0x0000000083c00000, 0x0000000083c00000, 0x0000000083d00000|  0%| F|  |TAMS 0x0000000083c00000, 0x0000000083c00000| Untracked 
|  61|0x0000000083d00000, 0x0000000083e00000, 0x0000000083e00000|100%| O|  |TAMS 0x0000000083e00000, 0x0000000083e00000| Untracked 
|  62|0x0000000083e00000, 0x0000000083f00000, 0x0000000083f00000|100%| O|  |TAMS 0x0000000083f00000, 0x0000000083f00000| Untracked 
|  63|0x0000000083f00000, 0x0000000084000000, 0x0000000084000000|100%| O|  |TAMS 0x0000000084000000, 0x0000000084000000| Untracked 
|  64|0x0000000084000000, 0x0000000084000000, 0x0000000084100000|  0%| F|  |TAMS 0x0000000084000000, 0x0000000084000000| Untracked 
|  65|0x0000000084100000, 0x0000000084100000, 0x0000000084200000|  0%| F|  |TAMS 0x0000000084100000, 0x0000000084100000| Untracked 
|  66|0x0000000084200000, 0x0000000084300000, 0x0000000084300000|100%| O|  |TAMS 0x0000000084300000, 0x0000000084300000| Untracked 
|  67|0x0000000084300000, 0x0000000084300000, 0x0000000084400000|  0%| F|  |TAMS 0x0000000084300000, 0x0000000084300000| Untracked 
|  68|0x0000000084400000, 0x0000000084500000, 0x0000000084500000|100%| O|  |TAMS 0x0000000084500000, 0x0000000084500000| Untracked 
|  69|0x0000000084500000, 0x0000000084500000, 0x0000000084600000|  0%| F|  |TAMS 0x0000000084500000, 0x0000000084500000| Untracked 
|  70|0x0000000084600000, 0x0000000084700000, 0x0000000084700000|100%| O|  |TAMS 0x0000000084600000, 0x0000000084700000| Untracked 
|  71|0x0000000084700000, 0x0000000084800000, 0x0000000084800000|100%| O|  |TAMS 0x0000000084800000, 0x0000000084800000| Untracked 
|  72|0x0000000084800000, 0x0000000084800000, 0x0000000084900000|  0%| F|  |TAMS 0x0000000084800000, 0x0000000084800000| Untracked 
|  73|0x0000000084900000, 0x0000000084a00000, 0x0000000084a00000|100%| O|  |TAMS 0x000000008493ce00, 0x0000000084a00000| Untracked 
|  74|0x0000000084a00000, 0x0000000084b00000, 0x0000000084b00000|100%| O|  |TAMS 0x0000000084a00000, 0x0000000084b00000| Untracked 
|  75|0x0000000084b00000, 0x0000000084c00000, 0x0000000084c00000|100%| O|  |TAMS 0x0000000084b00000, 0x0000000084c00000| Untracked 
|  76|0x0000000084c00000, 0x0000000084d00000, 0x0000000084d00000|100%| O|  |TAMS 0x0000000084d00000, 0x0000000084d00000| Untracked 
|  77|0x0000000084d00000, 0x0000000084e00000, 0x0000000084e00000|100%| O|  |TAMS 0x0000000084e00000, 0x0000000084e00000| Untracked 
|  78|0x0000000084e00000, 0x0000000084f00000, 0x0000000084f00000|100%| O|  |TAMS 0x0000000084f00000, 0x0000000084f00000| Untracked 
|  79|0x0000000084f00000, 0x0000000085000000, 0x0000000085000000|100%| O|  |TAMS 0x0000000085000000, 0x0000000085000000| Untracked 
|  80|0x0000000085000000, 0x0000000085100000, 0x0000000085100000|100%| O|  |TAMS 0x0000000085000000, 0x0000000085100000| Untracked 
|  81|0x0000000085100000, 0x0000000085200000, 0x0000000085200000|100%| O|  |TAMS 0x0000000085200000, 0x0000000085200000| Untracked 
|  82|0x0000000085200000, 0x0000000085300000, 0x0000000085300000|100%| O|  |TAMS 0x0000000085300000, 0x0000000085300000| Untracked 
|  83|0x0000000085300000, 0x0000000085400000, 0x0000000085400000|100%| O|  |TAMS 0x0000000085400000, 0x0000000085400000| Untracked 
|  84|0x0000000085400000, 0x0000000085500000, 0x0000000085500000|100%| O|  |TAMS 0x0000000085400000, 0x0000000085500000| Untracked 
|  85|0x0000000085500000, 0x0000000085600000, 0x0000000085600000|100%| O|  |TAMS 0x0000000085600000, 0x0000000085600000| Untracked 
|  86|0x0000000085600000, 0x0000000085700000, 0x0000000085700000|100%| O|  |TAMS 0x0000000085700000, 0x0000000085700000| Untracked 
|  87|0x0000000085700000, 0x0000000085800000, 0x0000000085800000|100%| O|  |TAMS 0x0000000085800000, 0x0000000085800000| Untracked 
|  88|0x0000000085800000, 0x0000000085900000, 0x0000000085900000|100%| O|  |TAMS 0x0000000085900000, 0x0000000085900000| Untracked 
|  89|0x0000000085900000, 0x0000000085a00000, 0x0000000085a00000|100%| O|  |TAMS 0x0000000085900000, 0x0000000085a00000| Untracked 
|  90|0x0000000085a00000, 0x0000000085b00000, 0x0000000085b00000|100%| O|  |TAMS 0x0000000085b00000, 0x0000000085b00000| Untracked 
|  91|0x0000000085b00000, 0x0000000085c00000, 0x0000000085c00000|100%| O|  |TAMS 0x0000000085c00000, 0x0000000085c00000| Untracked 
|  92|0x0000000085c00000, 0x0000000085d00000, 0x0000000085d00000|100%| O|  |TAMS 0x0000000085d00000, 0x0000000085d00000| Untracked 
|  93|0x0000000085d00000, 0x0000000085e00000, 0x0000000085e00000|100%| O|  |TAMS 0x0000000085e00000, 0x0000000085e00000| Untracked 
|  94|0x0000000085e00000, 0x0000000085f00000, 0x0000000085f00000|100%| O|  |TAMS 0x0000000085f00000, 0x0000000085f00000| Untracked 
|  95|0x0000000085f00000, 0x0000000086000000, 0x0000000086000000|100%| O|  |TAMS 0x0000000086000000, 0x0000000086000000| Untracked 
|  96|0x0000000086000000, 0x0000000086100000, 0x0000000086100000|100%| O|  |TAMS 0x0000000086000000, 0x0000000086100000| Untracked 
|  97|0x0000000086100000, 0x0000000086200000, 0x0000000086200000|100%| O|  |TAMS 0x0000000086200000, 0x0000000086200000| Untracked 
|  98|0x0000000086200000, 0x0000000086300000, 0x0000000086300000|100%| O|  |TAMS 0x0000000086300000, 0x0000000086300000| Untracked 
|  99|0x0000000086300000, 0x0000000086400000, 0x0000000086400000|100%| O|  |TAMS 0x0000000086400000, 0x0000000086400000| Untracked 
| 100|0x0000000086400000, 0x0000000086500000, 0x0000000086500000|100%| O|  |TAMS 0x0000000086500000, 0x0000000086500000| Untracked 
| 101|0x0000000086500000, 0x0000000086600000, 0x0000000086600000|100%| O|  |TAMS 0x0000000086600000, 0x0000000086600000| Untracked 
| 102|0x0000000086600000, 0x0000000086700000, 0x0000000086700000|100%| O|  |TAMS 0x0000000086700000, 0x0000000086700000| Untracked 
| 103|0x0000000086700000, 0x0000000086800000, 0x0000000086800000|100%| O|  |TAMS 0x0000000086700000, 0x0000000086800000| Untracked 
| 104|0x0000000086800000, 0x0000000086900000, 0x0000000086900000|100%| O|  |TAMS 0x0000000086800000, 0x0000000086900000| Untracked 
| 105|0x0000000086900000, 0x0000000086a00000, 0x0000000086a00000|100%| O|  |TAMS 0x0000000086900000, 0x0000000086a00000| Untracked 
| 106|0x0000000086a00000, 0x0000000086b00000, 0x0000000086b00000|100%| O|  |TAMS 0x0000000086a00000, 0x0000000086b00000| Untracked 
| 107|0x0000000086b00000, 0x0000000086b00000, 0x0000000086c00000|  0%| F|  |TAMS 0x0000000086b00000, 0x0000000086b00000| Untracked 
| 108|0x0000000086c00000, 0x0000000086d00000, 0x0000000086d00000|100%| O|  |TAMS 0x0000000086d00000, 0x0000000086d00000| Untracked 
| 109|0x0000000086d00000, 0x0000000086e00000, 0x0000000086e00000|100%| O|  |TAMS 0x0000000086d00000, 0x0000000086e00000| Untracked 
| 110|0x0000000086e00000, 0x0000000086f00000, 0x0000000086f00000|100%| O|  |TAMS 0x0000000086e00000, 0x0000000086f00000| Untracked 
| 111|0x0000000086f00000, 0x0000000087000000, 0x0000000087000000|100%|HS|  |TAMS 0x0000000087000000, 0x0000000087000000| Complete 
| 112|0x0000000087000000, 0x0000000087100000, 0x0000000087100000|100%|HC|  |TAMS 0x0000000087100000, 0x0000000087100000| Complete 
| 113|0x0000000087100000, 0x0000000087200000, 0x0000000087200000|100%|HC|  |TAMS 0x0000000087200000, 0x0000000087200000| Complete 
| 114|0x0000000087200000, 0x0000000087300000, 0x0000000087300000|100%| O|  |TAMS 0x0000000087300000, 0x0000000087300000| Untracked 
| 115|0x0000000087300000, 0x0000000087400000, 0x0000000087400000|100%| O|  |TAMS 0x0000000087400000, 0x0000000087400000| Untracked 
| 116|0x0000000087400000, 0x0000000087400000, 0x0000000087500000|  0%| F|  |TAMS 0x0000000087400000, 0x0000000087400000| Untracked 
| 117|0x0000000087500000, 0x0000000087600000, 0x0000000087600000|100%| O|  |TAMS 0x0000000087600000, 0x0000000087600000| Untracked 
| 118|0x0000000087600000, 0x0000000087600000, 0x0000000087700000|  0%| F|  |TAMS 0x0000000087600000, 0x0000000087600000| Untracked 
| 119|0x0000000087700000, 0x0000000087800000, 0x0000000087800000|100%| O|  |TAMS 0x0000000087800000, 0x0000000087800000| Untracked 
| 120|0x0000000087800000, 0x0000000087900000, 0x0000000087900000|100%| O|  |TAMS 0x0000000087900000, 0x0000000087900000| Untracked 
| 121|0x0000000087900000, 0x0000000087900000, 0x0000000087a00000|  0%| F|  |TAMS 0x0000000087900000, 0x0000000087900000| Untracked 
| 122|0x0000000087a00000, 0x0000000087b00000, 0x0000000087b00000|100%| O|  |TAMS 0x0000000087b00000, 0x0000000087b00000| Untracked 
| 123|0x0000000087b00000, 0x0000000087c00000, 0x0000000087c00000|100%| O|  |TAMS 0x0000000087c00000, 0x0000000087c00000| Untracked 
| 124|0x0000000087c00000, 0x0000000087d00000, 0x0000000087d00000|100%| O|  |TAMS 0x0000000087c00000, 0x0000000087d00000| Untracked 
| 125|0x0000000087d00000, 0x0000000087e00000, 0x0000000087e00000|100%| O|  |TAMS 0x0000000087d00000, 0x0000000087da3400| Untracked 
| 126|0x0000000087e00000, 0x0000000087e00000, 0x0000000087f00000|  0%| F|  |TAMS 0x0000000087e00000, 0x0000000087e00000| Untracked 
| 127|0x0000000087f00000, 0x0000000088000000, 0x0000000088000000|100%| O|  |TAMS 0x0000000088000000, 0x0000000088000000| Untracked 
| 128|0x0000000088000000, 0x0000000088100000, 0x0000000088100000|100%| O|  |TAMS 0x0000000088100000, 0x0000000088100000| Untracked 
| 129|0x0000000088100000, 0x0000000088200000, 0x0000000088200000|100%| O|  |TAMS 0x0000000088200000, 0x0000000088200000| Untracked 
| 130|0x0000000088200000, 0x0000000088300000, 0x0000000088300000|100%| O|  |TAMS 0x0000000088300000, 0x0000000088300000| Untracked 
| 131|0x0000000088300000, 0x0000000088400000, 0x0000000088400000|100%| O|  |TAMS 0x0000000088400000, 0x0000000088400000| Untracked 
| 132|0x0000000088400000, 0x0000000088400000, 0x0000000088500000|  0%| F|  |TAMS 0x0000000088400000, 0x0000000088400000| Untracked 
| 133|0x0000000088500000, 0x0000000088600000, 0x0000000088600000|100%| O|  |TAMS 0x0000000088600000, 0x0000000088600000| Untracked 
| 134|0x0000000088600000, 0x0000000088700000, 0x0000000088700000|100%| O|  |TAMS 0x0000000088700000, 0x0000000088700000| Untracked 
| 135|0x0000000088700000, 0x0000000088800000, 0x0000000088800000|100%| O|  |TAMS 0x0000000088800000, 0x0000000088800000| Untracked 
| 136|0x0000000088800000, 0x0000000088800000, 0x0000000088900000|  0%| F|  |TAMS 0x0000000088800000, 0x0000000088800000| Untracked 
| 137|0x0000000088900000, 0x0000000088a00000, 0x0000000088a00000|100%| O|  |TAMS 0x0000000088a00000, 0x0000000088a00000| Untracked 
| 138|0x0000000088a00000, 0x0000000088b00000, 0x0000000088b00000|100%| O|  |TAMS 0x0000000088b00000, 0x0000000088b00000| Untracked 
| 139|0x0000000088b00000, 0x0000000088b00000, 0x0000000088c00000|  0%| F|  |TAMS 0x0000000088b00000, 0x0000000088b00000| Untracked 
| 140|0x0000000088c00000, 0x0000000088c00000, 0x0000000088d00000|  0%| F|  |TAMS 0x0000000088c00000, 0x0000000088c00000| Untracked 
| 141|0x0000000088d00000, 0x0000000088d00000, 0x0000000088e00000|  0%| F|  |TAMS 0x0000000088d00000, 0x0000000088d00000| Untracked 
| 142|0x0000000088e00000, 0x0000000088f00000, 0x0000000088f00000|100%| O|  |TAMS 0x0000000088f00000, 0x0000000088f00000| Untracked 
| 143|0x0000000088f00000, 0x0000000088f00000, 0x0000000089000000|  0%| F|  |TAMS 0x0000000088f00000, 0x0000000088f00000| Untracked 
| 144|0x0000000089000000, 0x0000000089100000, 0x0000000089100000|100%| O|  |TAMS 0x0000000089100000, 0x0000000089100000| Untracked 
| 145|0x0000000089100000, 0x0000000089200000, 0x0000000089200000|100%| O|  |TAMS 0x0000000089200000, 0x0000000089200000| Untracked 
| 146|0x0000000089200000, 0x0000000089300000, 0x0000000089300000|100%| O|  |TAMS 0x0000000089300000, 0x0000000089300000| Untracked 
| 147|0x0000000089300000, 0x0000000089400000, 0x0000000089400000|100%| O|  |TAMS 0x0000000089400000, 0x0000000089400000| Untracked 
| 148|0x0000000089400000, 0x0000000089500000, 0x0000000089500000|100%| O|  |TAMS 0x0000000089500000, 0x0000000089500000| Untracked 
| 149|0x0000000089500000, 0x0000000089600000, 0x0000000089600000|100%| O|  |TAMS 0x0000000089600000, 0x0000000089600000| Untracked 
| 150|0x0000000089600000, 0x0000000089600000, 0x0000000089700000|  0%| F|  |TAMS 0x0000000089600000, 0x0000000089600000| Untracked 
| 151|0x0000000089700000, 0x0000000089700000, 0x0000000089800000|  0%| F|  |TAMS 0x0000000089700000, 0x0000000089700000| Untracked 
| 152|0x0000000089800000, 0x0000000089800000, 0x0000000089900000|  0%| F|  |TAMS 0x0000000089800000, 0x0000000089800000| Untracked 
| 153|0x0000000089900000, 0x0000000089900000, 0x0000000089a00000|  0%| F|  |TAMS 0x0000000089900000, 0x0000000089900000| Untracked 
| 154|0x0000000089a00000, 0x0000000089a00000, 0x0000000089b00000|  0%| F|  |TAMS 0x0000000089a00000, 0x0000000089a00000| Untracked 
| 155|0x0000000089b00000, 0x0000000089b00000, 0x0000000089c00000|  0%| F|  |TAMS 0x0000000089b00000, 0x0000000089b00000| Untracked 
| 156|0x0000000089c00000, 0x0000000089c00000, 0x0000000089d00000|  0%| F|  |TAMS 0x0000000089c00000, 0x0000000089c00000| Untracked 
| 157|0x0000000089d00000, 0x0000000089d00000, 0x0000000089e00000|  0%| F|  |TAMS 0x0000000089d00000, 0x0000000089d00000| Untracked 
| 158|0x0000000089e00000, 0x0000000089e00000, 0x0000000089f00000|  0%| F|  |TAMS 0x0000000089e00000, 0x0000000089e00000| Untracked 
| 159|0x0000000089f00000, 0x0000000089f00000, 0x000000008a000000|  0%| F|  |TAMS 0x0000000089f00000, 0x0000000089f00000| Untracked 
| 160|0x000000008a000000, 0x000000008a000000, 0x000000008a100000|  0%| F|  |TAMS 0x000000008a000000, 0x000000008a000000| Untracked 
| 161|0x000000008a100000, 0x000000008a100000, 0x000000008a200000|  0%| F|  |TAMS 0x000000008a100000, 0x000000008a100000| Untracked 
| 162|0x000000008a200000, 0x000000008a200000, 0x000000008a300000|  0%| F|  |TAMS 0x000000008a200000, 0x000000008a200000| Untracked 
| 163|0x000000008a300000, 0x000000008a300000, 0x000000008a400000|  0%| F|  |TAMS 0x000000008a300000, 0x000000008a300000| Untracked 
| 164|0x000000008a400000, 0x000000008a400000, 0x000000008a500000|  0%| F|  |TAMS 0x000000008a400000, 0x000000008a400000| Untracked 
| 165|0x000000008a500000, 0x000000008a600000, 0x000000008a600000|100%| S|CS|TAMS 0x000000008a500000, 0x000000008a500000| Complete 
| 166|0x000000008a600000, 0x000000008a700000, 0x000000008a700000|100%| S|CS|TAMS 0x000000008a600000, 0x000000008a600000| Complete 
| 167|0x000000008a700000, 0x000000008a800000, 0x000000008a800000|100%| S|CS|TAMS 0x000000008a700000, 0x000000008a700000| Complete 
| 168|0x000000008a800000, 0x000000008a900000, 0x000000008a900000|100%| S|CS|TAMS 0x000000008a800000, 0x000000008a800000| Complete 
| 169|0x000000008a900000, 0x000000008aa00000, 0x000000008aa00000|100%| S|CS|TAMS 0x000000008a900000, 0x000000008a900000| Complete 
| 170|0x000000008aa00000, 0x000000008ab00000, 0x000000008ab00000|100%| S|CS|TAMS 0x000000008aa00000, 0x000000008aa00000| Complete 
| 171|0x000000008ab00000, 0x000000008ac00000, 0x000000008ac00000|100%| S|CS|TAMS 0x000000008ab00000, 0x000000008ab00000| Complete 
| 172|0x000000008ac00000, 0x000000008ac00000, 0x000000008ad00000|  0%| F|  |TAMS 0x000000008ac00000, 0x000000008ac00000| Untracked 
| 173|0x000000008ad00000, 0x000000008ad00000, 0x000000008ae00000|  0%| F|  |TAMS 0x000000008ad00000, 0x000000008ad00000| Untracked 
| 174|0x000000008ae00000, 0x000000008ae00000, 0x000000008af00000|  0%| F|  |TAMS 0x000000008ae00000, 0x000000008ae00000| Untracked 
| 175|0x000000008af00000, 0x000000008af00000, 0x000000008b000000|  0%| F|  |TAMS 0x000000008af00000, 0x000000008af00000| Untracked 
| 176|0x000000008b000000, 0x000000008b100000, 0x000000008b100000|100%| S|CS|TAMS 0x000000008b000000, 0x000000008b000000| Complete 
| 177|0x000000008b100000, 0x000000008b200000, 0x000000008b200000|100%| S|CS|TAMS 0x000000008b100000, 0x000000008b100000| Complete 
| 178|0x000000008b200000, 0x000000008b200000, 0x000000008b300000|  0%| F|  |TAMS 0x000000008b200000, 0x000000008b200000| Untracked 
| 179|0x000000008b300000, 0x000000008b300000, 0x000000008b400000|  0%| F|  |TAMS 0x000000008b300000, 0x000000008b300000| Untracked 
| 180|0x000000008b400000, 0x000000008b400000, 0x000000008b500000|  0%| F|  |TAMS 0x000000008b400000, 0x000000008b400000| Untracked 
| 181|0x000000008b500000, 0x000000008b500000, 0x000000008b600000|  0%| F|  |TAMS 0x000000008b500000, 0x000000008b500000| Untracked 
| 182|0x000000008b600000, 0x000000008b600000, 0x000000008b700000|  0%| F|  |TAMS 0x000000008b600000, 0x000000008b600000| Untracked 
| 183|0x000000008b700000, 0x000000008b700000, 0x000000008b800000|  0%| F|  |TAMS 0x000000008b700000, 0x000000008b700000| Untracked 
| 184|0x000000008b800000, 0x000000008b800000, 0x000000008b900000|  0%| F|  |TAMS 0x000000008b800000, 0x000000008b800000| Untracked 
| 185|0x000000008b900000, 0x000000008b900000, 0x000000008ba00000|  0%| F|  |TAMS 0x000000008b900000, 0x000000008b900000| Untracked 
| 186|0x000000008ba00000, 0x000000008ba00000, 0x000000008bb00000|  0%| F|  |TAMS 0x000000008ba00000, 0x000000008ba00000| Untracked 
| 187|0x000000008bb00000, 0x000000008bb00000, 0x000000008bc00000|  0%| F|  |TAMS 0x000000008bb00000, 0x000000008bb00000| Untracked 
| 188|0x000000008bc00000, 0x000000008bc00000, 0x000000008bd00000|  0%| F|  |TAMS 0x000000008bc00000, 0x000000008bc00000| Untracked 
| 189|0x000000008bd00000, 0x000000008bd00000, 0x000000008be00000|  0%| F|  |TAMS 0x000000008bd00000, 0x000000008bd00000| Untracked 
| 190|0x000000008be00000, 0x000000008be00000, 0x000000008bf00000|  0%| F|  |TAMS 0x000000008be00000, 0x000000008be00000| Untracked 
| 191|0x000000008bf00000, 0x000000008bf00000, 0x000000008c000000|  0%| F|  |TAMS 0x000000008bf00000, 0x000000008bf00000| Untracked 
| 192|0x000000008c000000, 0x000000008c000000, 0x000000008c100000|  0%| F|  |TAMS 0x000000008c000000, 0x000000008c000000| Untracked 
| 193|0x000000008c100000, 0x000000008c100000, 0x000000008c200000|  0%| F|  |TAMS 0x000000008c100000, 0x000000008c100000| Untracked 
| 194|0x000000008c200000, 0x000000008c200000, 0x000000008c300000|  0%| F|  |TAMS 0x000000008c200000, 0x000000008c200000| Untracked 
| 195|0x000000008c300000, 0x000000008c300000, 0x000000008c400000|  0%| F|  |TAMS 0x000000008c300000, 0x000000008c300000| Untracked 
| 196|0x000000008c400000, 0x000000008c400000, 0x000000008c500000|  0%| F|  |TAMS 0x000000008c400000, 0x000000008c400000| Untracked 
| 197|0x000000008c500000, 0x000000008c500000, 0x000000008c600000|  0%| F|  |TAMS 0x000000008c500000, 0x000000008c500000| Untracked 
| 198|0x000000008c600000, 0x000000008c600000, 0x000000008c700000|  0%| F|  |TAMS 0x000000008c600000, 0x000000008c600000| Untracked 
| 199|0x000000008c700000, 0x000000008c700000, 0x000000008c800000|  0%| F|  |TAMS 0x000000008c700000, 0x000000008c700000| Untracked 
| 200|0x000000008c800000, 0x000000008c800000, 0x000000008c900000|  0%| F|  |TAMS 0x000000008c800000, 0x000000008c800000| Untracked 
| 201|0x000000008c900000, 0x000000008c900000, 0x000000008ca00000|  0%| F|  |TAMS 0x000000008c900000, 0x000000008c900000| Untracked 
| 202|0x000000008ca00000, 0x000000008ca00000, 0x000000008cb00000|  0%| F|  |TAMS 0x000000008ca00000, 0x000000008ca00000| Untracked 
| 203|0x000000008cb00000, 0x000000008cb00000, 0x000000008cc00000|  0%| F|  |TAMS 0x000000008cb00000, 0x000000008cb00000| Untracked 
| 204|0x000000008cc00000, 0x000000008cc00000, 0x000000008cd00000|  0%| F|  |TAMS 0x000000008cc00000, 0x000000008cc00000| Untracked 
| 205|0x000000008cd00000, 0x000000008cd00000, 0x000000008ce00000|  0%| F|  |TAMS 0x000000008cd00000, 0x000000008cd00000| Untracked 
| 206|0x000000008ce00000, 0x000000008ce00000, 0x000000008cf00000|  0%| F|  |TAMS 0x000000008ce00000, 0x000000008ce00000| Untracked 
| 207|0x000000008cf00000, 0x000000008cf00000, 0x000000008d000000|  0%| F|  |TAMS 0x000000008cf00000, 0x000000008cf00000| Untracked 
| 208|0x000000008d000000, 0x000000008d000000, 0x000000008d100000|  0%| F|  |TAMS 0x000000008d000000, 0x000000008d000000| Untracked 
| 209|0x000000008d100000, 0x000000008d100000, 0x000000008d200000|  0%| F|  |TAMS 0x000000008d100000, 0x000000008d100000| Untracked 
| 210|0x000000008d200000, 0x000000008d200000, 0x000000008d300000|  0%| F|  |TAMS 0x000000008d200000, 0x000000008d200000| Untracked 
| 211|0x000000008d300000, 0x000000008d300000, 0x000000008d400000|  0%| F|  |TAMS 0x000000008d300000, 0x000000008d300000| Untracked 
| 212|0x000000008d400000, 0x000000008d400000, 0x000000008d500000|  0%| F|  |TAMS 0x000000008d400000, 0x000000008d400000| Untracked 
| 213|0x000000008d500000, 0x000000008d500000, 0x000000008d600000|  0%| F|  |TAMS 0x000000008d500000, 0x000000008d500000| Untracked 
| 214|0x000000008d600000, 0x000000008d600000, 0x000000008d700000|  0%| F|  |TAMS 0x000000008d600000, 0x000000008d600000| Untracked 
| 215|0x000000008d700000, 0x000000008d700000, 0x000000008d800000|  0%| F|  |TAMS 0x000000008d700000, 0x000000008d700000| Untracked 
| 216|0x000000008d800000, 0x000000008d800000, 0x000000008d900000|  0%| F|  |TAMS 0x000000008d800000, 0x000000008d800000| Untracked 
| 217|0x000000008d900000, 0x000000008d900000, 0x000000008da00000|  0%| F|  |TAMS 0x000000008d900000, 0x000000008d900000| Untracked 
| 218|0x000000008da00000, 0x000000008da00000, 0x000000008db00000|  0%| F|  |TAMS 0x000000008da00000, 0x000000008da00000| Untracked 
| 219|0x000000008db00000, 0x000000008db00000, 0x000000008dc00000|  0%| F|  |TAMS 0x000000008db00000, 0x000000008db00000| Untracked 
| 220|0x000000008dc00000, 0x000000008dc00000, 0x000000008dd00000|  0%| F|  |TAMS 0x000000008dc00000, 0x000000008dc00000| Untracked 
| 221|0x000000008dd00000, 0x000000008dd00000, 0x000000008de00000|  0%| F|  |TAMS 0x000000008dd00000, 0x000000008dd00000| Untracked 
| 222|0x000000008de00000, 0x000000008de00000, 0x000000008df00000|  0%| F|  |TAMS 0x000000008de00000, 0x000000008de00000| Untracked 
| 223|0x000000008df00000, 0x000000008df00000, 0x000000008e000000|  0%| F|  |TAMS 0x000000008df00000, 0x000000008df00000| Untracked 
| 224|0x000000008e000000, 0x000000008e000000, 0x000000008e100000|  0%| F|  |TAMS 0x000000008e000000, 0x000000008e000000| Untracked 
| 225|0x000000008e100000, 0x000000008e1cb008, 0x000000008e200000| 79%| E|  |TAMS 0x000000008e100000, 0x000000008e100000| Complete 
| 226|0x000000008e200000, 0x000000008e300000, 0x000000008e300000|100%| E|CS|TAMS 0x000000008e200000, 0x000000008e200000| Complete 
| 227|0x000000008e300000, 0x000000008e400000, 0x000000008e400000|100%| E|CS|TAMS 0x000000008e300000, 0x000000008e300000| Complete 
| 228|0x000000008e400000, 0x000000008e500000, 0x000000008e500000|100%| E|CS|TAMS 0x000000008e400000, 0x000000008e400000| Complete 
| 229|0x000000008e500000, 0x000000008e600000, 0x000000008e600000|100%| E|CS|TAMS 0x000000008e500000, 0x000000008e500000| Complete 
| 230|0x000000008e600000, 0x000000008e700000, 0x000000008e700000|100%| E|  |TAMS 0x000000008e600000, 0x000000008e600000| Complete 
| 231|0x000000008e700000, 0x000000008e800000, 0x000000008e800000|100%| E|CS|TAMS 0x000000008e700000, 0x000000008e700000| Complete 
| 232|0x000000008e800000, 0x000000008e900000, 0x000000008e900000|100%| E|CS|TAMS 0x000000008e800000, 0x000000008e800000| Complete 
| 233|0x000000008e900000, 0x000000008ea00000, 0x000000008ea00000|100%| E|CS|TAMS 0x000000008e900000, 0x000000008e900000| Complete 
| 234|0x000000008ea00000, 0x000000008eb00000, 0x000000008eb00000|100%| E|CS|TAMS 0x000000008ea00000, 0x000000008ea00000| Complete 
| 235|0x000000008eb00000, 0x000000008ec00000, 0x000000008ec00000|100%| E|CS|TAMS 0x000000008eb00000, 0x000000008eb00000| Complete 
| 236|0x000000008ec00000, 0x000000008ed00000, 0x000000008ed00000|100%| E|CS|TAMS 0x000000008ec00000, 0x000000008ec00000| Complete 
| 237|0x000000008ed00000, 0x000000008ee00000, 0x000000008ee00000|100%| E|CS|TAMS 0x000000008ed00000, 0x000000008ed00000| Complete 
| 238|0x000000008ee00000, 0x000000008ef00000, 0x000000008ef00000|100%| E|CS|TAMS 0x000000008ee00000, 0x000000008ee00000| Complete 
| 239|0x000000008ef00000, 0x000000008f000000, 0x000000008f000000|100%| E|CS|TAMS 0x000000008ef00000, 0x000000008ef00000| Complete 
| 240|0x000000008f000000, 0x000000008f100000, 0x000000008f100000|100%| E|CS|TAMS 0x000000008f000000, 0x000000008f000000| Complete 
| 241|0x000000008f100000, 0x000000008f200000, 0x000000008f200000|100%| E|CS|TAMS 0x000000008f100000, 0x000000008f100000| Complete 
| 242|0x000000008f200000, 0x000000008f300000, 0x000000008f300000|100%| E|CS|TAMS 0x000000008f200000, 0x000000008f200000| Complete 

Card table byte_map: [0x000002042fda0000,0x00000204301a0000] _byte_map_base: 0x000002042f9a0000

Marking Bits (Prev, Next): (CMBitMap*) 0x000002041cf48538, (CMBitMap*) 0x000002041cf48570
 Prev Bits: [0x00000204305a0000, 0x00000204325a0000)
 Next Bits: [0x00000204325a0000, 0x00000204345a0000)

Polling page: 0x000002041b040000

Metaspace:

Usage:
  Non-class:    119.44 MB capacity,   116.07 MB ( 97%) used,     2.76 MB (  2%) free+waste,   624.63 KB ( <1%) overhead. 
      Class:     18.05 MB capacity,    16.19 MB ( 90%) used,     1.60 MB (  9%) free+waste,   270.31 KB (  1%) overhead. 
       Both:    137.49 MB capacity,   132.26 MB ( 96%) used,     4.36 MB (  3%) free+waste,   894.94 KB ( <1%) overhead. 

Virtual space:
  Non-class space:      122.00 MB reserved,     121.09 MB (>99%) committed 
      Class space:        1.00 GB reserved,      18.32 MB (  2%) committed 
             Both:        1.12 GB reserved,     139.41 MB ( 12%) committed 

Chunk freelists:
   Non-Class:  1.46 MB
       Class:  174.00 KB
        Both:  1.63 MB

MaxMetaspaceSize: 17179869184.00 GB
CompressedClassSpaceSize: 1.00 GB

CodeHeap 'non-profiled nmethods': size=120064Kb used=26539Kb max_used=26539Kb free=93524Kb
 bounds [0x0000020428460000, 0x0000020429e60000, 0x000002042f9a0000]
CodeHeap 'profiled nmethods': size=120000Kb used=62438Kb max_used=62982Kb free=57561Kb
 bounds [0x0000020420f30000, 0x0000020424d10000, 0x0000020428460000]
CodeHeap 'non-nmethods': size=5696Kb used=2374Kb max_used=2452Kb free=3321Kb
 bounds [0x00000204209a0000, 0x0000020420c10000, 0x0000020420f30000]
 total_blobs=30531 nmethods=29527 adapters=913
 compilation: enabled
              stopped_count=0, restarted_count=0
 full_count=0

Compilation events (20 events):
Event: 9562.369 Thread 0x0000020437347800 38330       2       com.android.tools.r8.internal.Pp1::j (14 bytes)
Event: 9562.369 Thread 0x0000020437347800 nmethod 38330 0x00000204222fa010 code [0x00000204222fa1c0, 0x00000204222fa328]
Event: 9562.370 Thread 0x0000020437347800 38331       2       com.android.tools.r8.graph.f2::a (77 bytes)
Event: 9562.371 Thread 0x0000020437347800 nmethod 38331 0x00000204233a9d10 code [0x00000204233a9f20, 0x00000204233aa4e8]
Event: 9562.388 Thread 0x0000020437347800 38333       2       com.android.tools.r8.code.K0::hashCode (29 bytes)
Event: 9562.389 Thread 0x0000020437347800 nmethod 38333 0x000002042213fa10 code [0x000002042213fbc0, 0x000002042213fd08]
Event: 9562.438 Thread 0x0000020437347800 38342       2       com.android.tools.r8.synthesis.s::a (331 bytes)
Event: 9562.446 Thread 0x0000020437347800 nmethod 38342 0x0000020423f60e90 code [0x0000020423f61260, 0x0000020423f62498]
Event: 9562.446 Thread 0x0000020437347800 38343       2       com.android.tools.r8.internal.AU0::p1 (37 bytes)
Event: 9562.446 Thread 0x0000020437347800 nmethod 38343 0x00000204225eed90 code [0x00000204225eef40, 0x00000204225ef158]
Event: 9562.449 Thread 0x0000020437347800 38344       2       com.android.tools.r8.code.K0::a (1 bytes)
Event: 9562.449 Thread 0x0000020437347800 nmethod 38344 0x0000020422220e10 code [0x0000020422220fc0, 0x00000204222210b8]
Event: 9562.476 Thread 0x0000020437347800 38346       1       com.android.tools.r8.code.T0::h (6 bytes)
Event: 9562.477 Thread 0x0000020437347800 nmethod 38346 0x000002042909f190 code [0x000002042909f340, 0x000002042909f3f8]
Event: 9562.477 Thread 0x0000020437347800 38347       1       com.android.tools.r8.code.v1::t (5 bytes)
Event: 9562.477 Thread 0x0000020437347800 nmethod 38347 0x00000204290a9f10 code [0x00000204290aa0c0, 0x00000204290aa178]
Event: 9562.505 Thread 0x0000020437347800 38349       2       com.android.tools.r8.synthesis.s::e (36 bytes)
Event: 9562.506 Thread 0x0000020437347800 nmethod 38349 0x00000204225f7790 code [0x00000204225f7960, 0x00000204225f7af8]
Event: 9562.566 Thread 0x0000020437347800 38353       3       com.android.tools.r8.internal.yD0::a (203 bytes)
Event: 9562.574 Thread 0x0000020437347800 nmethod 38353 0x000002042413a310 code [0x000002042413a900, 0x000002042413de28]

GC Heap History (20 events):
Event: 9291.839 GC heap before
{Heap before GC invocations=296 (full 0):
 garbage-first heap   total 248832K, used 143516K [0x0000000080000000, 0x0000000100000000)
  region size 1024K, 12 young (12288K), 8 survivors (8192K)
 Metaspace       used 135303K, capacity 140711K, committed 142760K, reserved 1173504K
  class space    used 16577K, capacity 18482K, committed 18764K, reserved 1048576K
}
Event: 9291.954 GC heap after
{Heap after GC invocations=297 (full 0):
 garbage-first heap   total 248832K, used 138717K [0x0000000080000000, 0x0000000100000000)
  region size 1024K, 2 young (2048K), 2 survivors (2048K)
 Metaspace       used 135303K, capacity 140711K, committed 142760K, reserved 1173504K
  class space    used 16577K, capacity 18482K, committed 18764K, reserved 1048576K
}
Event: 9305.975 GC heap before
{Heap before GC invocations=297 (full 0):
 garbage-first heap   total 248832K, used 199133K [0x0000000080000000, 0x0000000100000000)
  region size 1024K, 62 young (63488K), 2 survivors (2048K)
 Metaspace       used 135310K, capacity 140713K, committed 142760K, reserved 1173504K
  class space    used 16577K, capacity 18482K, committed 18764K, reserved 1048576K
}
Event: 9306.088 GC heap after
{Heap after GC invocations=298 (full 0):
 garbage-first heap   total 248832K, used 141220K [0x0000000080000000, 0x0000000100000000)
  region size 1024K, 4 young (4096K), 4 survivors (4096K)
 Metaspace       used 135310K, capacity 140713K, committed 142760K, reserved 1173504K
  class space    used 16577K, capacity 18482K, committed 18764K, reserved 1048576K
}
Event: 9471.102 GC heap before
{Heap before GC invocations=299 (full 0):
 garbage-first heap   total 248832K, used 221092K [0x0000000080000000, 0x0000000100000000)
  region size 1024K, 65 young (66560K), 4 survivors (4096K)
 Metaspace       used 135328K, capacity 140778K, committed 142760K, reserved 1173504K
  class space    used 16578K, capacity 18482K, committed 18764K, reserved 1048576K
}
Event: 9471.160 GC heap after
{Heap after GC invocations=300 (full 0):
 garbage-first heap   total 248832K, used 146263K [0x0000000080000000, 0x0000000100000000)
  region size 1024K, 9 young (9216K), 9 survivors (9216K)
 Metaspace       used 135328K, capacity 140778K, committed 142760K, reserved 1173504K
  class space    used 16578K, capacity 18482K, committed 18764K, reserved 1048576K
}
Event: 9471.257 GC heap before
{Heap before GC invocations=300 (full 0):
 garbage-first heap   total 248832K, used 148311K [0x0000000080000000, 0x0000000100000000)
  region size 1024K, 12 young (12288K), 9 survivors (9216K)
 Metaspace       used 135329K, capacity 140778K, committed 142760K, reserved 1173504K
  class space    used 16578K, capacity 18482K, committed 18764K, reserved 1048576K
}
Event: 9471.474 GC heap after
{Heap after GC invocations=301 (full 0):
 garbage-first heap   total 248832K, used 131968K [0x0000000080000000, 0x0000000100000000)
  region size 1024K, 2 young (2048K), 2 survivors (2048K)
 Metaspace       used 135329K, capacity 140778K, committed 142760K, reserved 1173504K
  class space    used 16578K, capacity 18482K, committed 18764K, reserved 1048576K
}
Event: 9471.723 GC heap before
{Heap before GC invocations=301 (full 0):
 garbage-first heap   total 248832K, used 141184K [0x0000000080000000, 0x0000000100000000)
  region size 1024K, 12 young (12288K), 2 survivors (2048K)
 Metaspace       used 135329K, capacity 140778K, committed 142760K, reserved 1173504K
  class space    used 16578K, capacity 18482K, committed 18764K, reserved 1048576K
}
Event: 9471.771 GC heap after
{Heap after GC invocations=302 (full 0):
 garbage-first heap   total 248832K, used 132339K [0x0000000080000000, 0x0000000100000000)
  region size 1024K, 2 young (2048K), 2 survivors (2048K)
 Metaspace       used 135329K, capacity 140778K, committed 142760K, reserved 1173504K
  class space    used 16578K, capacity 18482K, committed 18764K, reserved 1048576K
}
Event: 9481.331 GC heap before
{Heap before GC invocations=302 (full 0):
 garbage-first heap   total 248832K, used 198899K [0x0000000080000000, 0x0000000100000000)
  region size 1024K, 68 young (69632K), 2 survivors (2048K)
 Metaspace       used 135341K, capacity 140778K, committed 142760K, reserved 1173504K
  class space    used 16578K, capacity 18482K, committed 18764K, reserved 1048576K
}
Event: 9481.386 GC heap after
{Heap after GC invocations=303 (full 0):
 garbage-first heap   total 248832K, used 136376K [0x0000000080000000, 0x0000000100000000)
  region size 1024K, 6 young (6144K), 6 survivors (6144K)
 Metaspace       used 135341K, capacity 140778K, committed 142760K, reserved 1173504K
  class space    used 16578K, capacity 18482K, committed 18764K, reserved 1048576K
}
Event: 9553.447 GC heap before
{Heap before GC invocations=304 (full 0):
 garbage-first heap   total 248832K, used 220344K [0x0000000080000000, 0x0000000100000000)
  region size 1024K, 71 young (72704K), 6 survivors (6144K)
 Metaspace       used 135411K, capacity 140789K, committed 142760K, reserved 1173504K
  class space    used 16578K, capacity 18482K, committed 18764K, reserved 1048576K
}
Event: 9553.540 GC heap after
{Heap after GC invocations=305 (full 0):
 garbage-first heap   total 248832K, used 143002K [0x0000000080000000, 0x0000000100000000)
  region size 1024K, 9 young (9216K), 9 survivors (9216K)
 Metaspace       used 135411K, capacity 140789K, committed 142760K, reserved 1173504K
  class space    used 16578K, capacity 18482K, committed 18764K, reserved 1048576K
}
Event: 9553.565 GC heap before
{Heap before GC invocations=305 (full 0):
 garbage-first heap   total 248832K, used 146074K [0x0000000080000000, 0x0000000100000000)
  region size 1024K, 12 young (12288K), 9 survivors (9216K)
 Metaspace       used 135411K, capacity 140789K, committed 142760K, reserved 1173504K
  class space    used 16578K, capacity 18482K, committed 18764K, reserved 1048576K
}
Event: 9553.682 GC heap after
{Heap after GC invocations=306 (full 0):
 garbage-first heap   total 248832K, used 134177K [0x0000000080000000, 0x0000000100000000)
  region size 1024K, 2 young (2048K), 2 survivors (2048K)
 Metaspace       used 135411K, capacity 140789K, committed 142760K, reserved 1173504K
  class space    used 16578K, capacity 18482K, committed 18764K, reserved 1048576K
}
Event: 9561.989 GC heap before
{Heap before GC invocations=306 (full 0):
 garbage-first heap   total 248832K, used 198689K [0x0000000080000000, 0x0000000100000000)
  region size 1024K, 67 young (68608K), 2 survivors (2048K)
 Metaspace       used 135423K, capacity 140790K, committed 142760K, reserved 1173504K
  class space    used 16578K, capacity 18482K, committed 18764K, reserved 1048576K
}
Event: 9562.040 GC heap after
{Heap after GC invocations=307 (full 0):
 garbage-first heap   total 248832K, used 136845K [0x0000000080000000, 0x0000000100000000)
  region size 1024K, 4 young (4096K), 4 survivors (4096K)
 Metaspace       used 135423K, capacity 140790K, committed 142760K, reserved 1173504K
  class space    used 16578K, capacity 18482K, committed 18764K, reserved 1048576K
}
Event: 9562.577 GC heap before
{Heap before GC invocations=307 (full 0):
 garbage-first heap   total 248832K, used 206477K [0x0000000080000000, 0x0000000100000000)
  region size 1024K, 69 young (70656K), 4 survivors (4096K)
 Metaspace       used 135436K, capacity 140793K, committed 142760K, reserved 1173504K
  class space    used 16578K, capacity 18482K, committed 18764K, reserved 1048576K
}
Event: 9562.625 GC heap after
{Heap after GC invocations=308 (full 0):
 garbage-first heap   total 248832K, used 145146K [0x0000000080000000, 0x0000000100000000)
  region size 1024K, 9 young (9216K), 9 survivors (9216K)
 Metaspace       used 135436K, capacity 140793K, committed 142760K, reserved 1173504K
  class space    used 16578K, capacity 18482K, committed 18764K, reserved 1048576K
}

Deoptimization events (20 events):
Event: 9562.398 Thread 0x000002043c2c0800 DEOPT PACKING pc=0x000002042445c99a sp=0x000000864f3fc820
Event: 9562.398 Thread 0x000002043c2c0800 DEOPT UNPACKING pc=0x00000204209c6d5e sp=0x000000864f3fbea8 mode 0
Event: 9562.413 Thread 0x000002043c2bd000 DEOPT PACKING pc=0x00000204239e17bf sp=0x000000864f9fc6b0
Event: 9562.414 Thread 0x000002043c2bd000 DEOPT UNPACKING pc=0x00000204209c6d5e sp=0x000000864f9fbbd0 mode 0
Event: 9562.468 Thread 0x000002043c2c3800 DEOPT PACKING pc=0x0000020422bdf767 sp=0x000000864fafc500
Event: 9562.468 Thread 0x000002043c2c3800 DEOPT UNPACKING pc=0x00000204209c6d5e sp=0x000000864fafb998 mode 0
Event: 9562.474 Thread 0x000002043c2c3800 DEOPT PACKING pc=0x000002042494327f sp=0x000000864fafbee0
Event: 9562.474 Thread 0x000002043c2c3800 DEOPT UNPACKING pc=0x00000204209c6d5e sp=0x000000864fafb6a0 mode 0
Event: 9562.475 Thread 0x000002043c2c3800 DEOPT PACKING pc=0x000002042458ac3b sp=0x000000864fafc340
Event: 9562.475 Thread 0x000002043c2c3800 DEOPT UNPACKING pc=0x00000204209c6d5e sp=0x000000864fafba28 mode 0
Event: 9562.552 Thread 0x0000020438c98800 DEOPT PACKING pc=0x00000204239e17bf sp=0x000000864fbfc5e0
Event: 9562.552 Thread 0x0000020438c98800 DEOPT UNPACKING pc=0x00000204209c6d5e sp=0x000000864fbfbb00 mode 0
Event: 9562.566 Thread 0x0000020438c98800 DEOPT PACKING pc=0x00000204235f3054 sp=0x000000864fbfc300
Event: 9562.568 Thread 0x0000020438c98800 DEOPT UNPACKING pc=0x00000204209c6d5e sp=0x000000864fbfb8a8 mode 0
Event: 9562.629 Thread 0x0000020438c98800 DEOPT PACKING pc=0x0000020424ca39eb sp=0x000000864fbfc060
Event: 9562.629 Thread 0x0000020438c98800 DEOPT UNPACKING pc=0x00000204209c6d5e sp=0x000000864fbfb8e0 mode 0
Event: 9562.630 Thread 0x000002043c2c3800 DEOPT PACKING pc=0x0000020422bc92cd sp=0x000000864fafc750
Event: 9562.631 Thread 0x000002043c2c3800 DEOPT UNPACKING pc=0x00000204209c6d5e sp=0x000000864fafbc30 mode 0
Event: 9562.656 Thread 0x000002043c2c3800 DEOPT PACKING pc=0x00000204242108d6 sp=0x000000864fafdc60
Event: 9562.656 Thread 0x000002043c2c3800 DEOPT UNPACKING pc=0x00000204209c6d5e sp=0x000000864fafd1c0 mode 0

Classes redefined (0 events):
No events

Internal exceptions (20 events):
Event: 9482.595 Thread 0x000002043a15e000 Exception <a 'sun/nio/fs/WindowsException'{0x000000008f050358}> (0x000000008f050358) thrown at [./src/hotspot/share/prims/jni.cpp, line 615]
Event: 9482.595 Thread 0x000002043a15e000 Exception <a 'sun/nio/fs/WindowsException'{0x000000008f0503d8}> (0x000000008f0503d8) thrown at [./src/hotspot/share/prims/jni.cpp, line 615]
Event: 9482.598 Thread 0x000002043a15e000 Exception <a 'sun/nio/fs/WindowsException'{0x000000008f051d60}> (0x000000008f051d60) thrown at [./src/hotspot/share/prims/jni.cpp, line 615]
Event: 9551.818 Thread 0x000002043fd65800 Exception <a 'sun/nio/fs/WindowsException'{0x000000008ccdc960}> (0x000000008ccdc960) thrown at [./src/hotspot/share/prims/jni.cpp, line 615]
Event: 9552.304 Thread 0x000002043fd65800 Exception <a 'sun/nio/fs/WindowsException'{0x000000008be2a060}> (0x000000008be2a060) thrown at [./src/hotspot/share/prims/jni.cpp, line 615]
Event: 9553.145 Thread 0x000002043fd65800 Exception <a 'sun/nio/fs/WindowsException'{0x000000008bed0b78}> (0x000000008bed0b78) thrown at [./src/hotspot/share/prims/jni.cpp, line 615]
Event: 9553.146 Thread 0x000002043fd65800 Exception <a 'sun/nio/fs/WindowsException'{0x000000008bed1d70}> (0x000000008bed1d70) thrown at [./src/hotspot/share/prims/jni.cpp, line 615]
Event: 9553.146 Thread 0x000002043fd65800 Exception <a 'sun/nio/fs/WindowsException'{0x000000008bed2fb8}> (0x000000008bed2fb8) thrown at [./src/hotspot/share/prims/jni.cpp, line 615]
Event: 9553.146 Thread 0x000002043fd65800 Exception <a 'sun/nio/fs/WindowsException'{0x000000008bed4200}> (0x000000008bed4200) thrown at [./src/hotspot/share/prims/jni.cpp, line 615]
Event: 9554.332 Thread 0x000002043c2bd000 Exception <a 'java/lang/InterruptedException'{0x000000008ce79d30}> (0x000000008ce79d30) thrown at [./src/hotspot/share/runtime/objectMonitor.cpp, line 1635]
Event: 9558.341 Thread 0x000002043c2c0800 Exception <a 'java/lang/InterruptedException'{0x000000008c08b388}> (0x000000008c08b388) thrown at [./src/hotspot/share/runtime/objectMonitor.cpp, line 1635]
Event: 9562.118 Thread 0x000002043c2be800 Exception <a 'sun/nio/fs/WindowsException'{0x000000008f24d868}> (0x000000008f24d868) thrown at [./src/hotspot/share/prims/jni.cpp, line 615]
Event: 9562.145 Thread 0x000002043c2bd000 Exception <a 'sun/nio/fs/WindowsException'{0x000000008f0950d8}> (0x000000008f0950d8) thrown at [./src/hotspot/share/prims/jni.cpp, line 615]
Event: 9562.147 Thread 0x000002043c2c0800 Exception <a 'sun/nio/fs/WindowsException'{0x000000008f0a1d90}> (0x000000008f0a1d90) thrown at [./src/hotspot/share/prims/jni.cpp, line 615]
Event: 9562.463 Thread 0x000002043c2c0800 Exception <a 'sun/nio/fs/WindowsException'{0x000000008bbf0c28}> (0x000000008bbf0c28) thrown at [./src/hotspot/share/prims/jni.cpp, line 615]
Event: 9562.511 Thread 0x000002043c2bd000 Exception <a 'sun/nio/fs/WindowsException'{0x000000008b779280}> (0x000000008b779280) thrown at [./src/hotspot/share/prims/jni.cpp, line 615]
Event: 9562.511 Thread 0x000002043c2c0800 Exception <a 'sun/nio/fs/WindowsException'{0x000000008b7ee678}> (0x000000008b7ee678) thrown at [./src/hotspot/share/prims/jni.cpp, line 615]
Event: 9562.564 Thread 0x000002043c2bd000 Exception <a 'sun/nio/fs/WindowsException'{0x000000008b214328}> (0x000000008b214328) thrown at [./src/hotspot/share/prims/jni.cpp, line 615]
Event: 9562.655 Thread 0x000002043c2c0800 Exception <a 'sun/nio/fs/WindowsException'{0x000000008f0eb620}> (0x000000008f0eb620) thrown at [./src/hotspot/share/prims/jni.cpp, line 615]
Event: 9562.677 Thread 0x000002043c2c3800 Implicit null exception at 0x0000020422da2f5c to 0x0000000000000000

Events (20 events):
Event: 9562.055 Thread 0x000002043c2bd000 Thread exited: 0x000002043c2bd000
Event: 9562.128 Thread 0x000002043c2c0800 Thread added: 0x000002043c2c0800
Event: 9562.129 Thread 0x000002043c2bd000 Thread added: 0x000002043c2bd000
Event: 9562.131 Executing VM operation: RevokeBias
Event: 9562.131 Thread 0x000002043c2c3800 Thread added: 0x000002043c2c3800
Event: 9562.133 Executing coalesced safepoint VM operation: RevokeBias
Event: 9562.133 Executing coalesced safepoint VM operation: RevokeBias done
Event: 9562.133 Executing VM operation: RevokeBias done
Event: 9562.134 Thread 0x0000020438c98800 Thread added: 0x0000020438c98800
Event: 9562.134 Thread 0x0000020438c97800 Thread added: 0x0000020438c97800
Event: 9562.139 Executing VM operation: RevokeBias
Event: 9562.146 Executing coalesced safepoint VM operation: RevokeBias
Event: 9562.146 Executing coalesced safepoint VM operation: RevokeBias done
Event: 9562.146 Executing VM operation: RevokeBias done
Event: 9562.189 Executing VM operation: RevokeBias
Event: 9562.192 Executing VM operation: RevokeBias done
Event: 9562.575 Executing VM operation: G1CollectForAllocation
Event: 9562.626 Executing VM operation: G1CollectForAllocation done
Event: 9562.652 Executing VM operation: RevokeBias
Event: 9562.654 Executing VM operation: RevokeBias done


Dynamic libraries:
0x00007ff662990000 - 0x00007ff66299a000 	C:\Program Files\Android\Android Studio\jre\bin\java.exe
0x00007ffcc5f10000 - 0x00007ffcc6105000 	C:\Windows\SYSTEM32\ntdll.dll
0x00007ffcc43e0000 - 0x00007ffcc449e000 	C:\Windows\System32\KERNEL32.DLL
0x00007ffcc3820000 - 0x00007ffcc3ae8000 	C:\Windows\System32\KERNELBASE.dll
0x00007ffcc36d0000 - 0x00007ffcc37d0000 	C:\Windows\System32\ucrtbase.dll
0x00007ffca7860000 - 0x00007ffca7877000 	C:\Program Files\Android\Android Studio\jre\bin\VCRUNTIME140.dll
0x00007ffca7840000 - 0x00007ffca7859000 	C:\Program Files\Android\Android Studio\jre\bin\jli.dll
0x00007ffcc3f70000 - 0x00007ffcc4110000 	C:\Windows\System32\USER32.dll
0x00007ffcc3c30000 - 0x00007ffcc3c52000 	C:\Windows\System32\win32u.dll
0x00007ffcb50d0000 - 0x00007ffcb536a000 	C:\Windows\WinSxS\amd64_microsoft.windows.common-controls_6595b64144ccf1df_6.0.19041.1110_none_60b5254171f9507e\COMCTL32.dll
0x00007ffcc44a0000 - 0x00007ffcc44cb000 	C:\Windows\System32\GDI32.dll
0x00007ffcc3cd0000 - 0x00007ffcc3ddb000 	C:\Windows\System32\gdi32full.dll
0x00007ffcc3630000 - 0x00007ffcc36cd000 	C:\Windows\System32\msvcp_win.dll
0x00007ffcc44d0000 - 0x00007ffcc456e000 	C:\Windows\System32\msvcrt.dll
0x00007ffcc4580000 - 0x00007ffcc45b0000 	C:\Windows\System32\IMM32.DLL
0x00007ffcc2e10000 - 0x00007ffcc2e46000 	C:\Windows\system32\DriverStore\FileRepository\nvam.inf_amd64_1aae4f19e68d0780\nvinitx.dll
0x00007ffcc54a0000 - 0x00007ffcc554e000 	C:\Windows\System32\ADVAPI32.dll
0x00007ffcc51e0000 - 0x00007ffcc527c000 	C:\Windows\System32\sechost.dll
0x00007ffcc4110000 - 0x00007ffcc4235000 	C:\Windows\System32\RPCRT4.dll
0x00007ffcc2e00000 - 0x00007ffcc2e0a000 	C:\Windows\SYSTEM32\VERSION.dll
0x00007ffcc5660000 - 0x00007ffcc5da4000 	C:\Windows\System32\Shell32.dll
0x00007ffcc16f0000 - 0x00007ffcc1e84000 	C:\Windows\SYSTEM32\windows.storage.dll
0x00007ffcc4660000 - 0x00007ffcc49b4000 	C:\Windows\System32\combase.dll
0x00007ffcc3090000 - 0x00007ffcc30bc000 	C:\Windows\SYSTEM32\Wldp.dll
0x00007ffcc5550000 - 0x00007ffcc55fd000 	C:\Windows\System32\SHCORE.dll
0x00007ffcc4fd0000 - 0x00007ffcc5025000 	C:\Windows\System32\shlwapi.dll
0x0000000077640000 - 0x0000000077646000 	C:\Program Files\NVIDIA Corporation\CoProcManager\_etoured.dll
0x00007ffcbac80000 - 0x00007ffcbacc3000 	C:\Program Files\NVIDIA Corporation\CoProcManager\nvd3d9wrapx.dll
0x00007ffcc4a40000 - 0x00007ffcc4eb0000 	C:\Windows\System32\SETUPAPI.dll
0x00007ffcc37d0000 - 0x00007ffcc381e000 	C:\Windows\System32\cfgmgr32.dll
0x00007ffcc3de0000 - 0x00007ffcc3e07000 	C:\Windows\System32\bcrypt.dll
0x00007ffcbabb0000 - 0x00007ffcbabdd000 	C:\Program Files\NVIDIA Corporation\CoProcManager\nvdxgiwrapx.dll
0x00007ffc868d0000 - 0x00007ffc8696d000 	C:\Program Files\Android\Android Studio\jre\bin\msvcp140.dll
0x00007ffc96140000 - 0x00007ffc96c15000 	C:\Program Files\Android\Android Studio\jre\bin\server\jvm.dll
0x00007ffcc4f60000 - 0x00007ffcc4f68000 	C:\Windows\System32\PSAPI.DLL
0x00007ffcb7300000 - 0x00007ffcb7327000 	C:\Windows\SYSTEM32\WINMM.dll
0x00007ffcb4580000 - 0x00007ffcb4589000 	C:\Windows\SYSTEM32\WSOCK32.dll
0x00007ffcc4240000 - 0x00007ffcc42ab000 	C:\Windows\System32\WS2_32.dll
0x00007ffcc14f0000 - 0x00007ffcc1502000 	C:\Windows\SYSTEM32\kernel.appcore.dll
0x00007ffcb43c0000 - 0x00007ffcb43d1000 	C:\Program Files\Android\Android Studio\jre\bin\verify.dll
0x00007ffcb1840000 - 0x00007ffcb1a24000 	C:\Windows\SYSTEM32\DBGHELP.DLL
0x00007ffcb17f0000 - 0x00007ffcb181c000 	C:\Windows\SYSTEM32\dbgcore.DLL
0x00007ffcc3af0000 - 0x00007ffcc3b72000 	C:\Windows\System32\bcryptPrimitives.dll
0x00007ffc96110000 - 0x00007ffc96139000 	C:\Program Files\Android\Android Studio\jre\bin\java.dll
0x00007ffcb4550000 - 0x00007ffcb455b000 	C:\Program Files\Android\Android Studio\jre\bin\jimage.dll
0x00007ffc960f0000 - 0x00007ffc96108000 	C:\Program Files\Android\Android Studio\jre\bin\zip.dll
0x00007ffcc3570000 - 0x00007ffcc358f000 	C:\Windows\SYSTEM32\profapi.dll
0x00007ffc960d0000 - 0x00007ffc960ea000 	C:\Program Files\Android\Android Studio\jre\bin\net.dll
0x00007ffcbd590000 - 0x00007ffcbd699000 	C:\Windows\SYSTEM32\WINHTTP.dll
0x00007ffcc2d30000 - 0x00007ffcc2d9a000 	C:\Windows\system32\mswsock.dll
0x00007ffc960b0000 - 0x00007ffc960c4000 	C:\Program Files\Android\Android Studio\jre\bin\nio.dll
0x00007ffca7880000 - 0x00007ffca78a7000 	C:\Users\Garik Asatryan\.gradle\native\e1d6ef7f7dcc3fd88c89a11ec53ec762bb8ba0a96d01ffa2cd45eb1d1d8dd5c5\windows-amd64\native-platform.dll
0x00007ffca7e40000 - 0x00007ffca7f84000 	C:\Users\Garik Asatryan\.gradle\native\5664cfc778a61ccfe75a443a1ab52a65af34e5dc3c78e0209fed803814484fcb\windows-amd64\native-platform-file-events.dll
0x00007ffcb4080000 - 0x00007ffcb408a000 	C:\Program Files\Android\Android Studio\jre\bin\management.dll
0x00007ffcb4010000 - 0x00007ffcb401d000 	C:\Program Files\Android\Android Studio\jre\bin\management_ext.dll
0x00007ffcc2f80000 - 0x00007ffcc2f98000 	C:\Windows\SYSTEM32\CRYPTSP.dll
0x00007ffcc2650000 - 0x00007ffcc2684000 	C:\Windows\system32\rsaenh.dll
0x00007ffcc3530000 - 0x00007ffcc355e000 	C:\Windows\SYSTEM32\USERENV.dll
0x00007ffcc2f70000 - 0x00007ffcc2f7c000 	C:\Windows\SYSTEM32\CRYPTBASE.dll
0x00007ffcc2a20000 - 0x00007ffcc2a5b000 	C:\Windows\SYSTEM32\IPHLPAPI.DLL
0x00007ffcc5280000 - 0x00007ffcc5288000 	C:\Windows\System32\NSI.dll
0x00007ffcb9940000 - 0x00007ffcb9957000 	C:\Windows\SYSTEM32\dhcpcsvc6.DLL
0x00007ffcbab90000 - 0x00007ffcbabad000 	C:\Windows\SYSTEM32\dhcpcsvc.DLL
0x00007ffcc2a60000 - 0x00007ffcc2b2a000 	C:\Windows\SYSTEM32\DNSAPI.dll
0x00007ffcbca50000 - 0x00007ffcbca58000 	C:\Program Files\Android\Android Studio\jre\bin\rmi.dll
0x00007ffc96090000 - 0x00007ffc960a7000 	C:\Windows\system32\napinsp.dll
0x00007ffc96070000 - 0x00007ffc9608b000 	C:\Windows\system32\pnrpnsp.dll
0x00007ffcbe4a0000 - 0x00007ffcbe4b5000 	C:\Windows\system32\wshbth.dll
0x00007ffcbf020000 - 0x00007ffcbf03d000 	C:\Windows\system32\NLAapi.dll
0x00007ffc96050000 - 0x00007ffc96062000 	C:\Windows\System32\winrnr.dll
0x00007ffcb4ff0000 - 0x00007ffcb4ffa000 	C:\Windows\System32\rasadhlp.dll
0x00007ffcb5050000 - 0x00007ffcb50cf000 	C:\Windows\System32\fwpuclnt.dll

dbghelp: loaded successfully - version: 4.0.5 - missing functions: none
symbol engine: initialized successfully - sym options: 0x614 - pdb path: .;C:\Program Files\Android\Android Studio\jre\bin;C:\Windows\SYSTEM32;C:\Windows\WinSxS\amd64_microsoft.windows.common-controls_6595b64144ccf1df_6.0.19041.1110_none_60b5254171f9507e;C:\Windows\system32\DriverStore\FileRepository\nvam.inf_amd64_1aae4f19e68d0780;C:\Program Files\NVIDIA Corporation\CoProcManager;C:\Program Files\Android\Android Studio\jre\bin\server;C:\Users\Garik Asatryan\.gradle\native\e1d6ef7f7dcc3fd88c89a11ec53ec762bb8ba0a96d01ffa2cd45eb1d1d8dd5c5\windows-amd64;C:\Users\Garik Asatryan\.gradle\native\5664cfc778a61ccfe75a443a1ab52a65af34e5dc3c78e0209fed803814484fcb\windows-amd64

VM Arguments:
jvm_args: --add-opens=java.base/java.util=ALL-UNNAMED --add-opens=java.base/java.lang=ALL-UNNAMED --add-opens=java.base/java.lang.invoke=ALL-UNNAMED --add-opens=java.base/java.util=ALL-UNNAMED --add-opens=java.prefs/java.util.prefs=ALL-UNNAMED --add-opens=java.prefs/java.util.prefs=ALL-UNNAMED --add-opens=java.base/java.nio.charset=ALL-UNNAMED --add-opens=java.base/java.net=ALL-UNNAMED --add-opens=java.base/java.util.concurrent.atomic=ALL-UNNAMED -Xmx2048m -Dfile.encoding=UTF-8 -Duser.country=US -Duser.language=en -Duser.variant 
java_command: org.gradle.launcher.daemon.bootstrap.GradleDaemon 7.2
java_class_path (initial): C:\Users\Garik Asatryan\.gradle\wrapper\dists\gradle-7.2-bin\2dnblmf4td7x66yl1d74lt32g\gradle-7.2\lib\gradle-launcher-7.2.jar
Launcher Type: SUN_STANDARD

[Global flags]
     intx CICompilerCount                          = 3                                         {product} {ergonomic}
     uint ConcGCThreads                            = 1                                         {product} {ergonomic}
     uint G1ConcRefinementThreads                  = 4                                         {product} {ergonomic}
   size_t G1HeapRegionSize                         = 1048576                                   {product} {ergonomic}
    uintx GCDrainStackTargetSize                   = 64                                        {product} {ergonomic}
   size_t InitialHeapSize                          = 67108864                                  {product} {ergonomic}
   size_t MarkStackSize                            = 4194304                                   {product} {ergonomic}
   size_t MaxHeapSize                              = 2147483648                                {product} {command line}
   size_t MaxNewSize                               = 1287651328                                {product} {ergonomic}
   size_t MinHeapDeltaBytes                        = 1048576                                   {product} {ergonomic}
    uintx NonNMethodCodeHeapSize                   = 5830732                                {pd product} {ergonomic}
    uintx NonProfiledCodeHeapSize                  = 122913754                              {pd product} {ergonomic}
    uintx ProfiledCodeHeapSize                     = 122913754                              {pd product} {ergonomic}
    uintx ReservedCodeCacheSize                    = 251658240                              {pd product} {ergonomic}
     bool SegmentedCodeCache                       = true                                      {product} {ergonomic}
     bool UseCompressedClassPointers               = true                                 {lp64_product} {ergonomic}
     bool UseCompressedOops                        = true                                 {lp64_product} {ergonomic}
     bool UseG1GC                                  = true                                      {product} {ergonomic}
     bool UseLargePagesIndividualAllocation        = false                                  {pd product} {ergonomic}

Logging:
Log output configuration:
 #0: stdout all=warning uptime,level,tags
 #1: stderr all=off uptime,level,tags

Environment Variables:
PATH=C:\Windows\system32;C:\Windows;C:\Windows\System32\Wbem;C:\Windows\System32\WindowsPowerShell\v1.0\;C:\Windows\System32\OpenSSH\;C:\Program Files\Git\cmd;C:\Users\Garik Asatryan\AppData\Local\Microsoft\WindowsApps;
USERNAME=Garik Asatryan
OS=Windows_NT
PROCESSOR_IDENTIFIER=Intel64 Family 6 Model 42 Stepping 7, GenuineIntel



---------------  S Y S T E M  ---------------

OS: Windows 10 , 64 bit Build 19041 (10.0.19041.1566)
OS uptime: 0 days 11:06 hours

CPU:total 4 (initial active 4) (2 cores per cpu, 2 threads per core) family 6 model 42 stepping 7 microcode 0x2f, cmov, cx8, fxsr, mmx, sse, sse2, sse3, ssse3, sse4.1, sse4.2, popcnt, avx, clmul, ht, tsc, tscinvbit

Memory: 4k page, system-wide physical 4006M (34M free)
TotalPageFile size 10992M (AvailPageFile size 4217M)
current process WorkingSet (physical memory assigned to process): 459M, peak: 492M
current process commit charge ("private bytes"): 663M, peak: 676M

vm_info: OpenJDK 64-Bit Server VM (11.0.11+9-b60-7590822) for windows-amd64 JRE (11.0.11+9-b60-7590822), built on Jul 29 2021 21:43:44 by "builder" with MS VC++ 14.0 (VS2015)

END.
