#
# A fatal error has been detected by the Java Runtime Environment:
#
#  EXCEPTION_ACCESS_VIOLATION (0xc0000005) at pc=0x000002b08805ad9d, pid=4832, tid=1916
#
# JRE version: OpenJDK Runtime Environment (11.0.11+9) (build 11.0.11+9-b60-7590822)
# Java VM: OpenJDK 64-Bit Server VM (11.0.11+9-b60-7590822, mixed mode, tiered, compressed oops, g1 gc, windows-amd64)
# Problematic frame:
# J 13465 c2 java.lang.AbstractStringBuilder.append(Ljava/lang/String;)Ljava/lang/AbstractStringBuilder; java.base@11.0.11 (45 bytes) @ 0x000002b08805ad9d [0x000002b08805ad60+0x000000000000003d]
#
# No core dump will be written. Minidumps are not enabled by default on client versions of Windows
#
# If you would like to submit a bug report, please visit:
#   https://bugreport.java.com/bugreport/crash.jsp
#

---------------  S U M M A R Y ------------

Command Line: --add-opens=java.base/java.util=ALL-UNNAMED --add-opens=java.base/java.lang=ALL-UNNAMED --add-opens=java.base/java.lang.invoke=ALL-UNNAMED --add-opens=java.base/java.util=ALL-UNNAMED --add-opens=java.prefs/java.util.prefs=ALL-UNNAMED --add-opens=java.prefs/java.util.prefs=ALL-UNNAMED --add-opens=java.base/java.nio.charset=ALL-UNNAMED --add-opens=java.base/java.net=ALL-UNNAMED --add-opens=java.base/java.util.concurrent.atomic=ALL-UNNAMED -Xmx2048m -Dfile.encoding=UTF-8 -Duser.country=US -Duser.language=en -Duser.variant org.gradle.launcher.daemon.bootstrap.GradleDaemon 7.2

Host: Intel(R) Core(TM) i3-2330M CPU @ 2.20GHz, 4 cores, 3G,  Windows 10 , 64 bit Build 19041 (10.0.19041.1566)
Time: Tue Mar 15 19:07:51 2022 Russia TZ 2 Standard Time elapsed time: 6913.351627 seconds (0d 1h 55m 13s)

---------------  T H R E A D  ---------------

Current thread (0x000002b091767000):  JavaThread "WorkerExecutor Queue Thread 3" [_thread_in_Java, id=1916, stack(0x000000c849c00000,0x000000c849d00000)]

Stack: [0x000000c849c00000,0x000000c849d00000],  sp=0x000000c849cfc550,  free space=1009k
Native frames: (J=compiled Java code, j=interpreted, Vv=VM code, C=native code)
C  0x000002b08805ad9d


siginfo: EXCEPTION_ACCESS_VIOLATION (0xc0000005), reading address 0x00000000200a098a


Register to memory mapping:

RIP=0x000002b08805ad9d is at entry_point+61 in (nmethod*)0x000002b08805ab90
RAX=0x000002b08805ad80 is at entry_point+32 in (nmethod*)0x000002b08805ab90
RBX=537528702 is a compressed pointer to class: 0x0000000100504bf0
org.gradle.cache.internal.btree.FreeListBlockStore$FreeListEntry {0x0000000100504bf8}
RCX=0x000000000000002c is an unknown value
RDX=0x000000008f8eb820 is an oop: java.lang.StringBuilder 
{0x000000008f8eb820} - klass: 'java/lang/StringBuilder'
RSP=0x000000c849cfc550 is pointing into the stack for thread: 0x000002b091767000
RBP=0x0000000000000b8f is an unknown value
RSI=0x000000007fffffcb is an unknown value
RDI=0x0 is NULL
R8 =537528702 is a compressed pointer to class: 0x0000000100504bf0
org.gradle.cache.internal.btree.FreeListBlockStore$FreeListEntry {0x0000000100504bf8}
R9 =0x0 is NULL
R10=0x000002b0f0361000 points into unknown readable memory: 0x0000000000000000 | 00 00 00 00 00 00 00 00
R11=0x000000000000002c is an unknown value
R12=0x0 is NULL
R13=0x000000008f8eb858 is an oop: [B 
{0x000000008f8eb858} - klass: {type array byte}
 - length: 44
R14=0x000000008f8eb858 is an oop: [B 
{0x000000008f8eb858} - klass: {type array byte}
 - length: 44
R15=0x000002b091767000 is a thread


Registers:
RAX=0x000002b08805ad80, RBX=0x00000000200a097e, RCX=0x000000000000002c, RDX=0x000000008f8eb820
RSP=0x000000c849cfc550, RBP=0x0000000000000b8f, RSI=0x000000007fffffcb, RDI=0x0000000000000000
R8 =0x00000000200a097e, R9 =0x0000000000000000, R10=0x000002b0f0361000, R11=0x000000000000002c
R12=0x0000000000000000, R13=0x000000008f8eb858, R14=0x000000008f8eb858, R15=0x000002b091767000
RIP=0x000002b08805ad9d, EFLAGS=0x0000000000010206

Top of Stack: (sp=0x000000c849cfc550)
0x000000c849cfc550:   000000000000002c 000002b0f0361000
0x000000c849cfc560:   0000000000000000 00000000200a097e
0x000000c849cfc570:   0000000000000000 000000008f8eb820
0x000000c849cfc580:   000000c849cfc5c0 000000c849cfc5b0
0x000000c849cfc590:   000002b0fd0b3b40 000000008f8eb820
0x000000c849cfc5a0:   000000000000002c 000002b08805ad80
0x000000c849cfc5b0:   000000008672a268 0000000000000246
0x000000c849cfc5c0:   0000000000000b8f 000002b082b1ac84
0x000000c849cfc5d0:   0000000000000b8e 000002b0826ff8c4
0x000000c849cfc5e0:   0000000000000b8c 000002b081141db4
0x000000c849cfc5f0:   000000008f8eb744 000002b0835ec7c4
0x000000c849cfc600:   000000008f8e65a0 000000010006d3c8
0x000000c849cfc610:   0000000000000004 00007ffc962cd18e
0x000000c849cfc620:   000000008f8869e8 00007ffc962bbf07
0x000000c849cfc630:   00007ffc9694df90 000002b0f24539d0
0x000000c849cfc640:   000000008f886878 0000000100000c10 

Instructions: (pc=0x000002b08805ad9d)
0x000002b08805ac9d:   02 00 00 60 ad 05 88 b0 02 00 00 9d 08 00 00 ff
0x000002b08805acad:   ff ff ff d0 01 00 00 70 08 00 00 b8 08 00 00 b8
0x000002b08805acbd:   08 00 00 00 00 00 00 38 0a 00 00 18 0b 00 00 20
0x000002b08805accd:   0b 00 00 80 0b 00 00 b0 0b 00 00 60 00 00 00 99
0x000002b08805acdd:   34 00 00 04 00 00 00 00 00 00 00 00 00 00 00 02
0x000002b08805aced:   00 00 00 00 00 00 00 00 00 00 00 df 01 00 00 ff
0x000002b08805acfd:   ff ff ff ff ff ff ff 00 00 00 00 0b 60 06 b1 46
0x000002b08805ad0d:   34 04 f0 a5 cc b7 35 28 34 00 c1 10 64 50 64 a0
0x000002b08805ad1d:   64 40 64 0c 64 0c 64 0c 64 18 64 0c 64 19 64 24
0x000002b08805ad2d:   00 01 f8 a9 fe 00 50 00 c0 0a 64 01 f8 4d fc 05
0x000002b08805ad3d:   50 00 c0 0a 64 01 f8 25 fc 05 50 00 c0 0a 64 05
0x000002b08805ad4d:   64 0f 64 00 00 00 00 00 00 00 00 00 00 00 00 00
0x000002b08805ad5d:   00 00 00 44 8b 52 08 49 c1 e2 03 49 3b c2 0f 85
0x000002b08805ad6d:   8f ad fc f7 66 66 90 0f 1f 84 00 00 00 00 00 66
0x000002b08805ad7d:   66 66 90 89 84 24 00 90 ff ff 55 48 83 ec 70 48
0x000002b08805ad8d:   89 54 24 28 49 8b d8 4d 85 c0 0f 84 9b 03 00 00
0x000002b08805ad9d:   45 8b 50 0c 45 8b 42 0c 44 8b 5a 14 45 8b 53 0c
0x000002b08805adad:   44 89 54 24 48 0f be 7a 10 0f be 53 14 44 8b 54
0x000002b08805adbd:   24 48 8b cf 41 d3 fa 8b ca 41 d3 f8 44 89 44 24
0x000002b08805adcd:   30 4c 8b 44 24 28 45 8b 48 0c 44 8b 44 24 30 45
0x000002b08805addd:   03 c1 41 8b c8 41 2b ca 85 c9 0f 8f 88 00 00 00
0x000002b08805aded:   3b fa 0f 85 04 03 00 00 4c 8b 54 24 28 45 8b 52
0x000002b08805adfd:   14 8b 5b 0c 3b d7 0f 85 46 02 00 00 44 8b 5b 0c
0x000002b08805ae0d:   8b cf 41 d3 e1 45 8b 42 0c 45 85 c9 0f 8c 52 04
0x000002b08805ae1d:   00 00 41 8b c9 41 03 cb 44 3b c1 0f 82 43 04 00
0x000002b08805ae2d:   00 45 85 db 76 1f 4d 63 c3 4c 8b db 48 8d 4b 10
0x000002b08805ae3d:   4d 8b da 4b 8d 54 0a 10 49 ba 80 52 03 80 b0 02
0x000002b08805ae4d:   00 00 41 ff d2 4c 8b 54 24 28 44 8b 5c 24 30 45
0x000002b08805ae5d:   01 5a 0c 48 8b 44 24 28 48 83 c4 70 5d 4d 8b 97
0x000002b08805ae6d:   08 01 00 00 41 85 02 c3 41 d1 e2 41 8b ca 41 2b
0x000002b08805ae7d:   c8 83 c1 02 85 c9 0f 8d bd 01 00 00 45 8b d0 45
0x000002b08805ae8d:   85 d2 7e 10 be f7 ff ff 7f 8b cf d3 fe 41 2b f2 


Stack slot to memory mapping:
stack at sp + 0 slots: 0x000000000000002c is an unknown value
stack at sp + 1 slots: 0x000002b0f0361000 points into unknown readable memory: 0x0000000000000000 | 00 00 00 00 00 00 00 00
stack at sp + 2 slots: 0x0 is NULL
stack at sp + 3 slots: 537528702 is a compressed pointer to class: 0x0000000100504bf0
org.gradle.cache.internal.btree.FreeListBlockStore$FreeListEntry {0x0000000100504bf8}
stack at sp + 4 slots: 0x0 is NULL
stack at sp + 5 slots: 0x000000008f8eb820 is an oop: java.lang.StringBuilder 
{0x000000008f8eb820} - klass: 'java/lang/StringBuilder'
stack at sp + 6 slots: 0x000000c849cfc5c0 is pointing into the stack for thread: 0x000002b091767000
stack at sp + 7 slots: 0x000000c849cfc5b0 is pointing into the stack for thread: 0x000002b091767000



---------------  P R O C E S S  ---------------

Threads class SMR info:
_java_thread_list=0x000002b09abc0310, length=101, elements={
0x000002b0f2445000, 0x000002b0fd834800, 0x000002b0fd83d000, 0x000002b0fd849800,
0x000002b0fd84a800, 0x000002b0fd84b800, 0x000002b0fd896800, 0x000002b0fd89c000,
0x000002b0fd89e800, 0x000002b0fd9ff800, 0x000002b0ff182800, 0x000002b0ff24e800,
0x000002b08f597800, 0x000002b08f195800, 0x000002b08f196000, 0x000002b08f191800,
0x000002b08f198000, 0x000002b08f192000, 0x000002b090b51000, 0x000002b090b54800,
0x000002b090b4e800, 0x000002b090b57000, 0x000002b090b56000, 0x000002b0feb80000,
0x000002b0feb80800, 0x000002b091765000, 0x000002b091766000, 0x000002b091762000,
0x000002b091760800, 0x000002b097260800, 0x000002b094ebc000, 0x000002b097265000,
0x000002b097263000, 0x000002b097263800, 0x000002b097264800, 0x000002b097262000,
0x000002b097261000, 0x000002b09725f800, 0x000002b097266000, 0x000002b09366d800,
0x000002b093668000, 0x000002b09366b800, 0x000002b09366c000, 0x000002b09366e800,
0x000002b093669800, 0x000002b09366a800, 0x000002b093669000, 0x000002b09366f800,
0x000002b093676000, 0x000002b093672800, 0x000002b093672000, 0x000002b093673800,
0x000002b093674800, 0x000002b093670000, 0x000002b093671000, 0x000002b093675000,
0x000002b093676800, 0x000002b094ebc800, 0x000002b094ebb000, 0x000002b094ebd800,
0x000002b094eba800, 0x000002b094ebe800, 0x000002b094ec4000, 0x000002b094ec5000,
0x000002b094ec3800, 0x000002b094ec0000, 0x000002b094ec1800, 0x000002b094ec2800,
0x000002b094ebf000, 0x000002b094ec5800, 0x000002b094ec6800, 0x000002b094ec1000,
0x000002b094ec7800, 0x000002b094ec8000, 0x000002b094ec9000, 0x000002b0feb73800,
0x000002b0feb73000, 0x000002b0feb75000, 0x000002b0feb74800, 0x000002b0feb76000,
0x000002b0feb72000, 0x000002b0feb7a000, 0x000002b0feb78800, 0x000002b0feb7b000,
0x000002b0feb79800, 0x000002b0feb77800, 0x000002b0feb7b800, 0x000002b0feb7c800,
0x000002b0feb77000, 0x000002b0feb7d800, 0x000002b0feb7f000, 0x000002b09175e800,
0x000002b09175b800, 0x000002b09175c000, 0x000002b091759000, 0x000002b091761000,
0x000002b091763800, 0x000002b09175e000, 0x000002b09175d000, 0x000002b091767000,
0x000002b091764800
}

Java Threads: ( => current thread )
  0x000002b0f2445000 JavaThread "main" [_thread_blocked, id=1588, stack(0x000000c843300000,0x000000c843400000)]
  0x000002b0fd834800 JavaThread "Reference Handler" daemon [_thread_blocked, id=1092, stack(0x000000c843a00000,0x000000c843b00000)]
  0x000002b0fd83d000 JavaThread "Finalizer" daemon [_thread_blocked, id=1976, stack(0x000000c843b00000,0x000000c843c00000)]
  0x000002b0fd849800 JavaThread "Signal Dispatcher" daemon [_thread_blocked, id=8060, stack(0x000000c843c00000,0x000000c843d00000)]
  0x000002b0fd84a800 JavaThread "Attach Listener" daemon [_thread_blocked, id=6996, stack(0x000000c843d00000,0x000000c843e00000)]
  0x000002b0fd84b800 JavaThread "Service Thread" daemon [_thread_blocked, id=6876, stack(0x000000c843e00000,0x000000c843f00000)]
  0x000002b0fd896800 JavaThread "C2 CompilerThread0" daemon [_thread_in_vm, id=7524, stack(0x000000c843f00000,0x000000c844000000)]
  0x000002b0fd89c000 JavaThread "C1 CompilerThread0" daemon [_thread_blocked, id=8288, stack(0x000000c844000000,0x000000c844100000)]
  0x000002b0fd89e800 JavaThread "Sweeper thread" daemon [_thread_blocked, id=4004, stack(0x000000c844100000,0x000000c844200000)]
  0x000002b0fd9ff800 JavaThread "Common-Cleaner" daemon [_thread_blocked, id=5088, stack(0x000000c844200000,0x000000c844300000)]
  0x000002b0ff182800 JavaThread "Daemon health stats" [_thread_blocked, id=9132, stack(0x000000c844400000,0x000000c844500000)]
  0x000002b0ff24e800 JavaThread "Incoming local TCP Connector on port 63649" [_thread_in_native, id=8804, stack(0x000000c844800000,0x000000c844900000)]
  0x000002b08f597800 JavaThread "Daemon periodic checks" [_thread_blocked, id=2204, stack(0x000000c844900000,0x000000c844a00000)]
  0x000002b08f195800 JavaThread "Cache worker for journal cache (C:\Users\Garik Asatryan\.gradle\caches\journal-1)" [_thread_blocked, id=6272, stack(0x000000c845100000,0x000000c845200000)]
  0x000002b08f196000 JavaThread "File lock request listener" [_thread_in_native, id=8172, stack(0x000000c845200000,0x000000c845300000)]
  0x000002b08f191800 JavaThread "Cache worker for file hash cache (C:\Users\Garik Asatryan\.gradle\caches\7.2\fileHashes)" [_thread_blocked, id=7756, stack(0x000000c845300000,0x000000c845400000)]
  0x000002b08f198000 JavaThread "File watcher server" daemon [_thread_in_native, id=2404, stack(0x000000c845500000,0x000000c845600000)]
  0x000002b08f192000 JavaThread "File watcher consumer" daemon [_thread_blocked, id=4836, stack(0x000000c845600000,0x000000c845700000)]
  0x000002b090b51000 JavaThread "Cache worker for execution history cache (C:\Users\Garik Asatryan\.gradle\caches\7.2\executionHistory)" [_thread_blocked, id=1036, stack(0x000000c845a00000,0x000000c845b00000)]
  0x000002b090b54800 JavaThread "jar transforms" [_thread_blocked, id=6024, stack(0x000000c845b00000,0x000000c845c00000)]
  0x000002b090b4e800 JavaThread "Cache worker for file content cache (C:\Users\Garik Asatryan\.gradle\caches\7.2\fileContent)" [_thread_blocked, id=6416, stack(0x000000c845c00000,0x000000c845d00000)]
  0x000002b090b57000 JavaThread "jar transforms Thread 2" [_thread_blocked, id=1268, stack(0x000000c845d00000,0x000000c845e00000)]
  0x000002b090b56000 JavaThread "jar transforms Thread 3" [_thread_blocked, id=8636, stack(0x000000c845f00000,0x000000c846000000)]
  0x000002b0feb80000 JavaThread "jar transforms Thread 4" [_thread_blocked, id=7244, stack(0x000000c848900000,0x000000c848a00000)]
  0x000002b0feb80800 JavaThread "Memory manager" [_thread_blocked, id=2860, stack(0x000000c848a00000,0x000000c848b00000)]
  0x000002b091765000 JavaThread "RMI Scheduler(0)" daemon [_thread_blocked, id=5616, stack(0x000000c848e00000,0x000000c848f00000)]
  0x000002b091766000 JavaThread "RMI GC Daemon" daemon [_thread_blocked, id=8864, stack(0x000000c849000000,0x000000c849100000)]
  0x000002b091762000 JavaThread "RMI TCP Accept-0" daemon [_thread_in_native, id=2500, stack(0x000000c849100000,0x000000c849200000)]
  0x000002b091760800 JavaThread "RMI Reaper" [_thread_blocked, id=2948, stack(0x000000c849200000,0x000000c849300000)]
  0x000002b097260800 JavaThread "Cache worker for Java compile cache (C:\Users\Garik Asatryan\.gradle\caches\7.2\javaCompile)" [_thread_blocked, id=2452, stack(0x000000c849300000,0x000000c849400000)]
  0x000002b094ebc000 JavaThread "ForkJoinPool.commonPool-worker-7" daemon [_thread_blocked, id=7172, stack(0x000000c849e00000,0x000000c849f00000)]
  0x000002b097265000 JavaThread "Daemon Thread 22" [_thread_blocked, id=5552, stack(0x000000c843000000,0x000000c843100000)]
  0x000002b097263000 JavaThread "Handler for socket connection from /127.0.0.1:63649 to /127.0.0.1:64787" [_thread_in_native, id=6372, stack(0x000000c843100000,0x000000c843200000)]
  0x000002b097263800 JavaThread "Cancel handler" [_thread_blocked, id=8508, stack(0x000000c843200000,0x000000c843300000)]
  0x000002b097264800 JavaThread "Daemon worker Thread 22" [_thread_blocked, id=3576, stack(0x000000c844a00000,0x000000c844b00000)]
  0x000002b097262000 JavaThread "Asynchronous log dispatcher for DefaultDaemonConnection: socket connection from /127.0.0.1:63649 to /127.0.0.1:64787" [_thread_blocked, id=7892, stack(0x000000c844b00000,0x000000c844c00000)]
  0x000002b097261000 JavaThread "Stdin handler" [_thread_blocked, id=7788, stack(0x000000c844c00000,0x000000c844d00000)]
  0x000002b09725f800 JavaThread "Daemon client event forwarder" [_thread_blocked, id=300, stack(0x000000c844d00000,0x000000c844e00000)]
  0x000002b097266000 JavaThread "Cache worker for file hash cache (C:\Users\Garik Asatryan\AndroidStudioProjects\Task_1\.gradle\7.2\fileHashes)" [_thread_blocked, id=3724, stack(0x000000c844e00000,0x000000c844f00000)]
  0x000002b09366d800 JavaThread "Cache worker for checksums cache (C:\Users\Garik Asatryan\AndroidStudioProjects\Task_1\.gradle\checksums)" [_thread_blocked, id=5932, stack(0x000000c844f00000,0x000000c845000000)]
  0x000002b093668000 JavaThread "Cache worker for cache directory md-supplier (C:\Users\Garik Asatryan\.gradle\caches\7.2\md-supplier)" [_thread_blocked, id=2712, stack(0x000000c845000000,0x000000c845100000)]
  0x000002b09366b800 JavaThread "Cache worker for cache directory md-rule (C:\Users\Garik Asatryan\.gradle\caches\7.2\md-rule)" [_thread_blocked, id=7368, stack(0x000000c845400000,0x000000c845500000)]
  0x000002b09366c000 JavaThread "Cache worker for dependencies-accessors (C:\Users\Garik Asatryan\AndroidStudioProjects\Task_1\.gradle\7.2\dependencies-accessors)" [_thread_blocked, id=8640, stack(0x000000c845700000,0x000000c845800000)]
  0x000002b09366e800 JavaThread "Cache worker for Build Output Cleanup Cache (C:\Users\Garik Asatryan\AndroidStudioProjects\Task_1\.gradle\buildOutputCleanup)" [_thread_blocked, id=2900, stack(0x000000c845800000,0x000000c845900000)]
  0x000002b093669800 JavaThread "Unconstrained build operations" [_thread_blocked, id=2344, stack(0x000000c845900000,0x000000c845a00000)]
  0x000002b09366a800 JavaThread "Unconstrained build operations Thread 2" [_thread_blocked, id=1364, stack(0x000000c845e00000,0x000000c845f00000)]
  0x000002b093669000 JavaThread "Unconstrained build operations Thread 3" [_thread_blocked, id=6940, stack(0x000000c846000000,0x000000c846100000)]
  0x000002b09366f800 JavaThread "Unconstrained build operations Thread 4" [_thread_blocked, id=4232, stack(0x000000c846100000,0x000000c846200000)]
  0x000002b093676000 JavaThread "Unconstrained build operations Thread 5" [_thread_blocked, id=1380, stack(0x000000c846200000,0x000000c846300000)]
  0x000002b093672800 JavaThread "Unconstrained build operations Thread 6" [_thread_blocked, id=1944, stack(0x000000c846300000,0x000000c846400000)]
  0x000002b093672000 JavaThread "Unconstrained build operations Thread 7" [_thread_blocked, id=8212, stack(0x000000c846400000,0x000000c846500000)]
  0x000002b093673800 JavaThread "Unconstrained build operations Thread 8" [_thread_blocked, id=4444, stack(0x000000c846500000,0x000000c846600000)]
  0x000002b093674800 JavaThread "Unconstrained build operations Thread 9" [_thread_blocked, id=5328, stack(0x000000c846600000,0x000000c846700000)]
  0x000002b093670000 JavaThread "Unconstrained build operations Thread 10" [_thread_blocked, id=4576, stack(0x000000c846700000,0x000000c846800000)]
  0x000002b093671000 JavaThread "Unconstrained build operations Thread 11" [_thread_blocked, id=6792, stack(0x000000c846800000,0x000000c846900000)]
  0x000002b093675000 JavaThread "Unconstrained build operations Thread 12" [_thread_blocked, id=8396, stack(0x000000c846900000,0x000000c846a00000)]
  0x000002b093676800 JavaThread "Unconstrained build operations Thread 13" [_thread_blocked, id=8332, stack(0x000000c846a00000,0x000000c846b00000)]
  0x000002b094ebc800 JavaThread "Unconstrained build operations Thread 14" [_thread_blocked, id=7824, stack(0x000000c846b00000,0x000000c846c00000)]
  0x000002b094ebb000 JavaThread "Unconstrained build operations Thread 15" [_thread_blocked, id=6096, stack(0x000000c846c00000,0x000000c846d00000)]
  0x000002b094ebd800 JavaThread "Unconstrained build operations Thread 16" [_thread_blocked, id=5884, stack(0x000000c846d00000,0x000000c846e00000)]
  0x000002b094eba800 JavaThread "Unconstrained build operations Thread 17" [_thread_blocked, id=8380, stack(0x000000c846e00000,0x000000c846f00000)]
  0x000002b094ebe800 JavaThread "Unconstrained build operations Thread 18" [_thread_blocked, id=3136, stack(0x000000c846f00000,0x000000c847000000)]
  0x000002b094ec4000 JavaThread "Unconstrained build operations Thread 19" [_thread_blocked, id=3716, stack(0x000000c847000000,0x000000c847100000)]
  0x000002b094ec5000 JavaThread "Unconstrained build operations Thread 20" [_thread_blocked, id=7280, stack(0x000000c847100000,0x000000c847200000)]
  0x000002b094ec3800 JavaThread "Unconstrained build operations Thread 21" [_thread_blocked, id=6524, stack(0x000000c847200000,0x000000c847300000)]
  0x000002b094ec0000 JavaThread "Unconstrained build operations Thread 22" [_thread_blocked, id=8248, stack(0x000000c847300000,0x000000c847400000)]
  0x000002b094ec1800 JavaThread "Unconstrained build operations Thread 23" [_thread_blocked, id=4180, stack(0x000000c847400000,0x000000c847500000)]
  0x000002b094ec2800 JavaThread "Unconstrained build operations Thread 24" [_thread_blocked, id=4992, stack(0x000000c847500000,0x000000c847600000)]
  0x000002b094ebf000 JavaThread "Unconstrained build operations Thread 25" [_thread_blocked, id=1472, stack(0x000000c847600000,0x000000c847700000)]
  0x000002b094ec5800 JavaThread "Unconstrained build operations Thread 26" [_thread_blocked, id=6264, stack(0x000000c847700000,0x000000c847800000)]
  0x000002b094ec6800 JavaThread "Unconstrained build operations Thread 27" [_thread_blocked, id=7432, stack(0x000000c847800000,0x000000c847900000)]
  0x000002b094ec1000 JavaThread "Unconstrained build operations Thread 28" [_thread_blocked, id=5160, stack(0x000000c847900000,0x000000c847a00000)]
  0x000002b094ec7800 JavaThread "Unconstrained build operations Thread 29" [_thread_blocked, id=7088, stack(0x000000c847a00000,0x000000c847b00000)]
  0x000002b094ec8000 JavaThread "Unconstrained build operations Thread 30" [_thread_blocked, id=364, stack(0x000000c847b00000,0x000000c847c00000)]
  0x000002b094ec9000 JavaThread "Unconstrained build operations Thread 31" [_thread_blocked, id=4704, stack(0x000000c847c00000,0x000000c847d00000)]
  0x000002b0feb73800 JavaThread "Unconstrained build operations Thread 32" [_thread_blocked, id=5480, stack(0x000000c847d00000,0x000000c847e00000)]
  0x000002b0feb73000 JavaThread "Unconstrained build operations Thread 33" [_thread_blocked, id=5536, stack(0x000000c847e00000,0x000000c847f00000)]
  0x000002b0feb75000 JavaThread "Unconstrained build operations Thread 34" [_thread_blocked, id=6056, stack(0x000000c847f00000,0x000000c848000000)]
  0x000002b0feb74800 JavaThread "Unconstrained build operations Thread 35" [_thread_blocked, id=7728, stack(0x000000c848000000,0x000000c848100000)]
  0x000002b0feb76000 JavaThread "Unconstrained build operations Thread 36" [_thread_blocked, id=864, stack(0x000000c848100000,0x000000c848200000)]
  0x000002b0feb72000 JavaThread "Unconstrained build operations Thread 37" [_thread_blocked, id=1672, stack(0x000000c848200000,0x000000c848300000)]
  0x000002b0feb7a000 JavaThread "Unconstrained build operations Thread 38" [_thread_blocked, id=6012, stack(0x000000c848300000,0x000000c848400000)]
  0x000002b0feb78800 JavaThread "Unconstrained build operations Thread 39" [_thread_blocked, id=8848, stack(0x000000c848400000,0x000000c848500000)]
  0x000002b0feb7b000 JavaThread "Unconstrained build operations Thread 40" [_thread_blocked, id=8156, stack(0x000000c848500000,0x000000c848600000)]
  0x000002b0feb79800 JavaThread "build event listener" [_thread_blocked, id=1308, stack(0x000000c848600000,0x000000c848700000)]
  0x000002b0feb77800 JavaThread "build event listener" [_thread_blocked, id=484, stack(0x000000c848700000,0x000000c848800000)]
  0x000002b0feb7b800 JavaThread "Execution worker for ':'" [_thread_blocked, id=7796, stack(0x000000c848800000,0x000000c848900000)]
  0x000002b0feb7c800 JavaThread "Execution worker for ':' Thread 2" [_thread_blocked, id=8500, stack(0x000000c848b00000,0x000000c848c00000)]
  0x000002b0feb77000 JavaThread "Execution worker for ':' Thread 3" [_thread_blocked, id=6184, stack(0x000000c848c00000,0x000000c848d00000)]
  0x000002b0feb7d800 JavaThread "Cache worker for execution history cache (C:\Users\Garik Asatryan\AndroidStudioProjects\Task_1\.gradle\7.2\executionHistory)" [_thread_blocked, id=6984, stack(0x000000c848d00000,0x000000c848e00000)]
  0x000002b0feb7f000 JavaThread "RMI TCP Connection(119)-127.0.0.1" daemon [_thread_in_native, id=2172, stack(0x000000c849400000,0x000000c849500000)]
  0x000002b09175e800 JavaThread "RMI TCP Connection(idle)" daemon [_thread_blocked, id=9124, stack(0x000000c849500000,0x000000c849600000)]
  0x000002b09175b800 JavaThread "WorkerExecutor Queue" [_thread_in_vm, id=1236, stack(0x000000c848f00000,0x000000c849000000)]
  0x000002b09175c000 JavaThread "RMI TCP Connection(118)-127.0.0.1" daemon [_thread_in_native, id=4768, stack(0x000000c849700000,0x000000c849800000)]
  0x000002b091759000 JavaThread "Build operations" [_thread_blocked, id=348, stack(0x000000c849800000,0x000000c849900000)]
  0x000002b091761000 JavaThread "Build operations Thread 2" [_thread_blocked, id=3168, stack(0x000000c849900000,0x000000c849a00000)]
  0x000002b091763800 JavaThread "Build operations Thread 3" [_thread_blocked, id=5040, stack(0x000000c849a00000,0x000000c849b00000)]
  0x000002b09175e000 JavaThread "Build operations Thread 4" [_thread_blocked, id=2240, stack(0x000000c849b00000,0x000000c849c00000)]
  0x000002b09175d000 JavaThread "WorkerExecutor Queue Thread 2" [_thread_blocked, id=6752, stack(0x000000c849600000,0x000000c849700000)]
=>0x000002b091767000 JavaThread "WorkerExecutor Queue Thread 3" [_thread_in_Java, id=1916, stack(0x000000c849c00000,0x000000c849d00000)]
  0x000002b091764800 JavaThread "WorkerExecutor Queue Thread 4" [_thread_in_vm, id=1636, stack(0x000000c849d00000,0x000000c849e00000)]

Other Threads:
  0x000002b0fcded800 VMThread "VM Thread" [stack: 0x000000c843900000,0x000000c843a00000] [id=2688] _threads_hazard_ptr=0x000002b09abc0310
  0x000002b0fda33000 WatcherThread [stack: 0x000000c844300000,0x000000c844400000] [id=8720]
  0x000002b0f245b800 GCTaskThread "GC Thread#0" [stack: 0x000000c843400000,0x000000c843500000] [id=7236]
  0x000002b0fe2d4800 GCTaskThread "GC Thread#1" [stack: 0x000000c844500000,0x000000c844600000] [id=8008]
  0x000002b08f21a000 GCTaskThread "GC Thread#2" [stack: 0x000000c844600000,0x000000c844700000] [id=9192]
  0x000002b08f21c800 GCTaskThread "GC Thread#3" [stack: 0x000000c844700000,0x000000c844800000] [id=2996]
  0x000002b0f2491000 ConcurrentGCThread "G1 Main Marker" [stack: 0x000000c843500000,0x000000c843600000] [id=7180]
  0x000002b0f2492800 ConcurrentGCThread "G1 Conc#0" [stack: 0x000000c843600000,0x000000c843700000] [id=3960]
  0x000002b0fcc57800 ConcurrentGCThread "G1 Refine#0" [stack: 0x000000c843700000,0x000000c843800000] [id=7464]
  0x000002b0fcc58000 ConcurrentGCThread "G1 Young RemSet Sampling" [stack: 0x000000c843800000,0x000000c843900000] [id=2812]

Threads with active compile tasks:
C2 CompilerThread06913604 37150 %     4       com.android.tools.r8.ir.regalloc.b::c @ 606 (3939 bytes)

VM state:synchronizing (normal execution)

VM Mutex/Monitor currently owned by a thread:  ([mutex/lock_event])
[0x000002b0f2441110] Safepoint_lock - owner thread: 0x000002b0fcded800
[0x000002b0f243fdf0] Threads_lock - owner thread: 0x000002b0fcded800
[0x000002b0f243f7c0] CompiledIC_lock - owner thread: 0x000002b09175d000

Heap address: 0x0000000080000000, size: 2048 MB, Compressed Oops mode: 32-bit
Narrow klass base: 0x0000000000000000, Narrow klass shift: 3
Compressed class space size: 1073741824 Address: 0x0000000100000000

Heap:
 garbage-first heap   total 313344K, used 231024K [0x0000000080000000, 0x0000000100000000)
  region size 1024K, 85 young (87040K), 1 survivors (1024K)
 Metaspace       used 148835K, capacity 154614K, committed 154908K, reserved 1183744K
  class space    used 18141K, capacity 20187K, committed 20352K, reserved 1048576K
Heap Regions: E=young(eden), S=young(survivor), O=old, HS=humongous(starts), HC=humongous(continues), CS=collection set, F=free, A=archive, TAMS=top-at-mark-start (previous, next)
|   0|0x0000000080000000, 0x0000000080100000, 0x0000000080100000|100%|HS|  |TAMS 0x0000000080100000, 0x0000000080000000| Complete 
|   1|0x0000000080100000, 0x0000000080200000, 0x0000000080200000|100%|HC|  |TAMS 0x0000000080200000, 0x0000000080100000| Complete 
|   2|0x0000000080200000, 0x0000000080300000, 0x0000000080300000|100%|HC|  |TAMS 0x0000000080300000, 0x0000000080200000| Complete 
|   3|0x0000000080300000, 0x0000000080400000, 0x0000000080400000|100%| O|  |TAMS 0x0000000080400000, 0x0000000080300000| Untracked 
|   4|0x0000000080400000, 0x0000000080500000, 0x0000000080500000|100%| O|  |TAMS 0x0000000080500000, 0x0000000080400000| Untracked 
|   5|0x0000000080500000, 0x0000000080600000, 0x0000000080600000|100%| O|  |TAMS 0x0000000080600000, 0x0000000080500000| Untracked 
|   6|0x0000000080600000, 0x0000000080700000, 0x0000000080700000|100%| O|  |TAMS 0x0000000080700000, 0x0000000080600000| Untracked 
|   7|0x0000000080700000, 0x0000000080800000, 0x0000000080800000|100%| O|  |TAMS 0x0000000080800000, 0x0000000080700000| Untracked 
|   8|0x0000000080800000, 0x0000000080900000, 0x0000000080900000|100%| O|  |TAMS 0x0000000080900000, 0x0000000080800000| Complete 
|   9|0x0000000080900000, 0x0000000080a00000, 0x0000000080a00000|100%| O|  |TAMS 0x0000000080a00000, 0x0000000080900000| Untracked 
|  10|0x0000000080a00000, 0x0000000080b00000, 0x0000000080b00000|100%| O|  |TAMS 0x0000000080b00000, 0x0000000080a00000| Untracked 
|  11|0x0000000080b00000, 0x0000000080c00000, 0x0000000080c00000|100%|HS|  |TAMS 0x0000000080c00000, 0x0000000080b00000| Complete 
|  12|0x0000000080c00000, 0x0000000080d00000, 0x0000000080d00000|100%| O|  |TAMS 0x0000000080d00000, 0x0000000080c00000| Untracked 
|  13|0x0000000080d00000, 0x0000000080e00000, 0x0000000080e00000|100%| O|  |TAMS 0x0000000080e00000, 0x0000000080d00000| Untracked 
|  14|0x0000000080e00000, 0x0000000080f00000, 0x0000000080f00000|100%| O|  |TAMS 0x0000000080f00000, 0x0000000080e00000| Complete 
|  15|0x0000000080f00000, 0x0000000081000000, 0x0000000081000000|100%| O|  |TAMS 0x0000000081000000, 0x0000000080f00000| Complete 
|  16|0x0000000081000000, 0x0000000081100000, 0x0000000081100000|100%| O|  |TAMS 0x0000000081100000, 0x0000000081000000| Complete 
|  17|0x0000000081100000, 0x0000000081200000, 0x0000000081200000|100%| O|  |TAMS 0x0000000081200000, 0x0000000081100000| Complete 
|  18|0x0000000081200000, 0x0000000081300000, 0x0000000081300000|100%| O|  |TAMS 0x0000000081300000, 0x0000000081200000| Complete 
|  19|0x0000000081300000, 0x0000000081400000, 0x0000000081400000|100%| O|  |TAMS 0x0000000081400000, 0x0000000081300000| Complete 
|  20|0x0000000081400000, 0x0000000081500000, 0x0000000081500000|100%| O|  |TAMS 0x0000000081500000, 0x0000000081400000| Complete 
|  21|0x0000000081500000, 0x0000000081600000, 0x0000000081600000|100%| O|  |TAMS 0x0000000081600000, 0x0000000081500000| Complete 
|  22|0x0000000081600000, 0x0000000081700000, 0x0000000081700000|100%| O|  |TAMS 0x0000000081700000, 0x0000000081600000| Complete 
|  23|0x0000000081700000, 0x0000000081800000, 0x0000000081800000|100%| O|  |TAMS 0x0000000081800000, 0x0000000081700000| Complete 
|  24|0x0000000081800000, 0x0000000081900000, 0x0000000081900000|100%|HS|  |TAMS 0x0000000081900000, 0x0000000081800000| Complete 
|  25|0x0000000081900000, 0x0000000081a00000, 0x0000000081a00000|100%| O|  |TAMS 0x0000000081a00000, 0x0000000081900000| Untracked 
|  26|0x0000000081a00000, 0x0000000081b00000, 0x0000000081b00000|100%| O|  |TAMS 0x0000000081b00000, 0x0000000081a00000| Complete 
|  27|0x0000000081b00000, 0x0000000081c00000, 0x0000000081c00000|100%| O|  |TAMS 0x0000000081c00000, 0x0000000081b00000| Untracked 
|  28|0x0000000081c00000, 0x0000000081d00000, 0x0000000081d00000|100%|HS|  |TAMS 0x0000000081d00000, 0x0000000081c00000| Complete 
|  29|0x0000000081d00000, 0x0000000081e00000, 0x0000000081e00000|100%|HS|  |TAMS 0x0000000081e00000, 0x0000000081d00000| Complete 
|  30|0x0000000081e00000, 0x0000000081f00000, 0x0000000081f00000|100%|HS|  |TAMS 0x0000000081f00000, 0x0000000081e00000| Complete 
|  31|0x0000000081f00000, 0x0000000082000000, 0x0000000082000000|100%|HS|  |TAMS 0x0000000082000000, 0x0000000081f00000| Complete 
|  32|0x0000000082000000, 0x0000000082100000, 0x0000000082100000|100%|HC|  |TAMS 0x0000000082100000, 0x0000000082000000| Complete 
|  33|0x0000000082100000, 0x0000000082200000, 0x0000000082200000|100%|HC|  |TAMS 0x0000000082200000, 0x0000000082100000| Complete 
|  34|0x0000000082200000, 0x0000000082300000, 0x0000000082300000|100%|HS|  |TAMS 0x0000000082300000, 0x0000000082200000| Complete 
|  35|0x0000000082300000, 0x0000000082400000, 0x0000000082400000|100%|HC|  |TAMS 0x0000000082400000, 0x0000000082300000| Complete 
|  36|0x0000000082400000, 0x0000000082500000, 0x0000000082500000|100%| O|  |TAMS 0x0000000082500000, 0x0000000082400000| Complete 
|  37|0x0000000082500000, 0x0000000082600000, 0x0000000082600000|100%| O|  |TAMS 0x0000000082600000, 0x0000000082500000| Untracked 
|  38|0x0000000082600000, 0x0000000082700000, 0x0000000082700000|100%| O|  |TAMS 0x0000000082700000, 0x0000000082600000| Complete 
|  39|0x0000000082700000, 0x0000000082700000, 0x0000000082800000|  0%| F|  |TAMS 0x0000000082700000, 0x0000000082700000| Untracked 
|  40|0x0000000082800000, 0x0000000082900000, 0x0000000082900000|100%| O|  |TAMS 0x0000000082900000, 0x0000000082800000| Complete 
|  41|0x0000000082900000, 0x0000000082a00000, 0x0000000082a00000|100%| O|  |TAMS 0x0000000082a00000, 0x0000000082900000| Complete 
|  42|0x0000000082a00000, 0x0000000082b00000, 0x0000000082b00000|100%| O|  |TAMS 0x0000000082b00000, 0x0000000082a00000| Complete 
|  43|0x0000000082b00000, 0x0000000082c00000, 0x0000000082c00000|100%| O|  |TAMS 0x0000000082c00000, 0x0000000082b00000| Complete 
|  44|0x0000000082c00000, 0x0000000082d00000, 0x0000000082d00000|100%| O|  |TAMS 0x0000000082d00000, 0x0000000082c00000| Complete 
|  45|0x0000000082d00000, 0x0000000082e00000, 0x0000000082e00000|100%| O|  |TAMS 0x0000000082e00000, 0x0000000082d00000| Untracked 
|  46|0x0000000082e00000, 0x0000000082f00000, 0x0000000082f00000|100%| O|  |TAMS 0x0000000082f00000, 0x0000000082e00000| Untracked 
|  47|0x0000000082f00000, 0x0000000083000000, 0x0000000083000000|100%| O|  |TAMS 0x0000000083000000, 0x0000000082f00000| Complete 
|  48|0x0000000083000000, 0x0000000083100000, 0x0000000083100000|100%| O|  |TAMS 0x0000000083100000, 0x0000000083000000| Untracked 
|  49|0x0000000083100000, 0x0000000083200000, 0x0000000083200000|100%| O|  |TAMS 0x0000000083200000, 0x0000000083100000| Complete 
|  50|0x0000000083200000, 0x0000000083200000, 0x0000000083300000|  0%| F|  |TAMS 0x0000000083200000, 0x0000000083200000| Untracked 
|  51|0x0000000083300000, 0x0000000083400000, 0x0000000083400000|100%| O|  |TAMS 0x0000000083400000, 0x0000000083300000| Complete 
|  52|0x0000000083400000, 0x0000000083500000, 0x0000000083500000|100%| O|  |TAMS 0x0000000083500000, 0x0000000083400000| Complete 
|  53|0x0000000083500000, 0x0000000083500000, 0x0000000083600000|  0%| F|  |TAMS 0x0000000083500000, 0x0000000083500000| Untracked 
|  54|0x0000000083600000, 0x0000000083700000, 0x0000000083700000|100%| O|  |TAMS 0x0000000083700000, 0x0000000083600000| Complete 
|  55|0x0000000083700000, 0x0000000083800000, 0x0000000083800000|100%| O|  |TAMS 0x0000000083800000, 0x0000000083700000| Untracked 
|  56|0x0000000083800000, 0x0000000083800000, 0x0000000083900000|  0%| F|  |TAMS 0x0000000083800000, 0x0000000083800000| Untracked 
|  57|0x0000000083900000, 0x0000000083a00000, 0x0000000083a00000|100%| O|  |TAMS 0x0000000083a00000, 0x0000000083900000| Complete 
|  58|0x0000000083a00000, 0x0000000083b00000, 0x0000000083b00000|100%| O|  |TAMS 0x0000000083b00000, 0x0000000083a00000| Complete 
|  59|0x0000000083b00000, 0x0000000083c00000, 0x0000000083c00000|100%|HS|  |TAMS 0x0000000083b00000, 0x0000000083b00000| Complete 
|  60|0x0000000083c00000, 0x0000000083d00000, 0x0000000083d00000|100%|HC|  |TAMS 0x0000000083c00000, 0x0000000083c00000| Complete 
|  61|0x0000000083d00000, 0x0000000083e00000, 0x0000000083e00000|100%| O|  |TAMS 0x0000000083e00000, 0x0000000083d00000| Complete 
|  62|0x0000000083e00000, 0x0000000083f00000, 0x0000000083f00000|100%|HS|  |TAMS 0x0000000083e00000, 0x0000000083e00000| Complete 
|  63|0x0000000083f00000, 0x0000000084000000, 0x0000000084000000|100%|HC|  |TAMS 0x0000000083f00000, 0x0000000083f00000| Complete 
|  64|0x0000000084000000, 0x0000000084000000, 0x0000000084100000|  0%| F|  |TAMS 0x0000000084000000, 0x0000000084000000| Untracked 
|  65|0x0000000084100000, 0x0000000084100000, 0x0000000084200000|  0%| F|  |TAMS 0x0000000084100000, 0x0000000084100000| Untracked 
|  66|0x0000000084200000, 0x0000000084300000, 0x0000000084300000|100%| O|  |TAMS 0x0000000084300000, 0x0000000084200000| Complete 
|  67|0x0000000084300000, 0x0000000084400000, 0x0000000084400000|100%| O|  |TAMS 0x0000000084400000, 0x0000000084300000| Untracked 
|  68|0x0000000084400000, 0x0000000084400000, 0x0000000084500000|  0%| F|  |TAMS 0x0000000084400000, 0x0000000084400000| Untracked 
|  69|0x0000000084500000, 0x0000000084500000, 0x0000000084600000|  0%| F|  |TAMS 0x0000000084500000, 0x0000000084500000| Untracked 
|  70|0x0000000084600000, 0x0000000084700000, 0x0000000084700000|100%| O|  |TAMS 0x0000000084700000, 0x0000000084600000| Complete 
|  71|0x0000000084700000, 0x0000000084800000, 0x0000000084800000|100%| O|  |TAMS 0x0000000084800000, 0x0000000084700000| Complete 
|  72|0x0000000084800000, 0x0000000084900000, 0x0000000084900000|100%|HS|  |TAMS 0x0000000084900000, 0x0000000084800000| Complete 
|  73|0x0000000084900000, 0x0000000084a00000, 0x0000000084a00000|100%|HC|  |TAMS 0x0000000084a00000, 0x0000000084900000| Complete 
|  74|0x0000000084a00000, 0x0000000084b00000, 0x0000000084b00000|100%|HC|  |TAMS 0x0000000084b00000, 0x0000000084a00000| Complete 
|  75|0x0000000084b00000, 0x0000000084b00000, 0x0000000084c00000|  0%| F|  |TAMS 0x0000000084b00000, 0x0000000084b00000| Untracked 
|  76|0x0000000084c00000, 0x0000000084d00000, 0x0000000084d00000|100%| O|  |TAMS 0x0000000084d00000, 0x0000000084c00000| Complete 
|  77|0x0000000084d00000, 0x0000000084e00000, 0x0000000084e00000|100%| O|  |TAMS 0x0000000084e00000, 0x0000000084d00000| Complete 
|  78|0x0000000084e00000, 0x0000000084e00000, 0x0000000084f00000|  0%| F|  |TAMS 0x0000000084e00000, 0x0000000084e00000| Untracked 
|  79|0x0000000084f00000, 0x0000000085000000, 0x0000000085000000|100%| O|  |TAMS 0x0000000085000000, 0x0000000084f00000| Untracked 
|  80|0x0000000085000000, 0x0000000085100000, 0x0000000085100000|100%| O|  |TAMS 0x0000000085100000, 0x0000000085000000| Untracked 
|  81|0x0000000085100000, 0x0000000085200000, 0x0000000085200000|100%| O|  |TAMS 0x0000000085200000, 0x0000000085100000| Complete 
|  82|0x0000000085200000, 0x0000000085300000, 0x0000000085300000|100%| O|  |TAMS 0x0000000085300000, 0x0000000085200000| Untracked 
|  83|0x0000000085300000, 0x0000000085400000, 0x0000000085400000|100%| O|  |TAMS 0x0000000085400000, 0x0000000085300000| Complete 
|  84|0x0000000085400000, 0x0000000085500000, 0x0000000085500000|100%| O|  |TAMS 0x0000000085500000, 0x0000000085400000| Complete 
|  85|0x0000000085500000, 0x0000000085600000, 0x0000000085600000|100%| O|  |TAMS 0x0000000085600000, 0x0000000085500000| Complete 
|  86|0x0000000085600000, 0x0000000085700000, 0x0000000085700000|100%| O|  |TAMS 0x0000000085700000, 0x0000000085600000| Untracked 
|  87|0x0000000085700000, 0x0000000085800000, 0x0000000085800000|100%| O|  |TAMS 0x0000000085800000, 0x0000000085700000| Complete 
|  88|0x0000000085800000, 0x0000000085900000, 0x0000000085900000|100%| O|  |TAMS 0x0000000085900000, 0x0000000085800000| Complete 
|  89|0x0000000085900000, 0x0000000085a00000, 0x0000000085a00000|100%| O|  |TAMS 0x0000000085a00000, 0x0000000085900000| Complete 
|  90|0x0000000085a00000, 0x0000000085b00000, 0x0000000085b00000|100%| O|  |TAMS 0x0000000085b00000, 0x0000000085a00000| Complete 
|  91|0x0000000085b00000, 0x0000000085c00000, 0x0000000085c00000|100%| O|  |TAMS 0x0000000085c00000, 0x0000000085b00000| Untracked 
|  92|0x0000000085c00000, 0x0000000085d00000, 0x0000000085d00000|100%| O|  |TAMS 0x0000000085d00000, 0x0000000085c00000| Untracked 
|  93|0x0000000085d00000, 0x0000000085e00000, 0x0000000085e00000|100%| O|  |TAMS 0x0000000085e00000, 0x0000000085d00000| Complete 
|  94|0x0000000085e00000, 0x0000000085f00000, 0x0000000085f00000|100%| O|  |TAMS 0x0000000085f00000, 0x0000000085e00000| Untracked 
|  95|0x0000000085f00000, 0x0000000086000000, 0x0000000086000000|100%| O|  |TAMS 0x0000000086000000, 0x0000000085f00000| Untracked 
|  96|0x0000000086000000, 0x0000000086100000, 0x0000000086100000|100%| O|  |TAMS 0x0000000086100000, 0x0000000086000000| Untracked 
|  97|0x0000000086100000, 0x0000000086200000, 0x0000000086200000|100%| O|  |TAMS 0x0000000086200000, 0x0000000086100000| Untracked 
|  98|0x0000000086200000, 0x0000000086300000, 0x0000000086300000|100%| O|  |TAMS 0x0000000086300000, 0x0000000086200000| Untracked 
|  99|0x0000000086300000, 0x0000000086400000, 0x0000000086400000|100%| O|  |TAMS 0x0000000086400000, 0x0000000086300000| Complete 
| 100|0x0000000086400000, 0x0000000086500000, 0x0000000086500000|100%| O|  |TAMS 0x0000000086500000, 0x0000000086400000| Untracked 
| 101|0x0000000086500000, 0x0000000086600000, 0x0000000086600000|100%| O|  |TAMS 0x0000000086600000, 0x0000000086500000| Complete 
| 102|0x0000000086600000, 0x0000000086700000, 0x0000000086700000|100%| O|  |TAMS 0x0000000086700000, 0x0000000086600000| Untracked 
| 103|0x0000000086700000, 0x0000000086800000, 0x0000000086800000|100%| O|  |TAMS 0x0000000086800000, 0x0000000086700000| Untracked 
| 104|0x0000000086800000, 0x0000000086900000, 0x0000000086900000|100%| O|  |TAMS 0x0000000086900000, 0x0000000086800000| Untracked 
| 105|0x0000000086900000, 0x0000000086a00000, 0x0000000086a00000|100%| O|  |TAMS 0x0000000086a00000, 0x0000000086900000| Untracked 
| 106|0x0000000086a00000, 0x0000000086b00000, 0x0000000086b00000|100%| O|  |TAMS 0x0000000086b00000, 0x0000000086a00000| Complete 
| 107|0x0000000086b00000, 0x0000000086c00000, 0x0000000086c00000|100%| O|  |TAMS 0x0000000086c00000, 0x0000000086b00000| Complete 
| 108|0x0000000086c00000, 0x0000000086d00000, 0x0000000086d00000|100%| O|  |TAMS 0x0000000086d00000, 0x0000000086c00000| Complete 
| 109|0x0000000086d00000, 0x0000000086d00000, 0x0000000086e00000|  0%| F|  |TAMS 0x0000000086d00000, 0x0000000086d00000| Untracked 
| 110|0x0000000086e00000, 0x0000000086f00000, 0x0000000086f00000|100%|HS|  |TAMS 0x0000000086f00000, 0x0000000086e00000| Complete 
| 111|0x0000000086f00000, 0x0000000087000000, 0x0000000087000000|100%|HC|  |TAMS 0x0000000087000000, 0x0000000086f00000| Complete 
| 112|0x0000000087000000, 0x0000000087000000, 0x0000000087100000|  0%| F|  |TAMS 0x0000000087000000, 0x0000000087000000| Untracked 
| 113|0x0000000087100000, 0x0000000087200000, 0x0000000087200000|100%| O|  |TAMS 0x0000000087200000, 0x0000000087100000| Complete 
| 114|0x0000000087200000, 0x0000000087300000, 0x0000000087300000|100%| O|  |TAMS 0x0000000087300000, 0x0000000087200000| Complete 
| 115|0x0000000087300000, 0x0000000087400000, 0x0000000087400000|100%| O|  |TAMS 0x0000000087400000, 0x0000000087300000| Untracked 
| 116|0x0000000087400000, 0x0000000087500000, 0x0000000087500000|100%| O|  |TAMS 0x0000000087500000, 0x0000000087400000| Untracked 
| 117|0x0000000087500000, 0x0000000087600000, 0x0000000087600000|100%| O|  |TAMS 0x0000000087600000, 0x0000000087500000| Complete 
| 118|0x0000000087600000, 0x0000000087700000, 0x0000000087700000|100%| O|  |TAMS 0x0000000087700000, 0x0000000087600000| Untracked 
| 119|0x0000000087700000, 0x0000000087800000, 0x0000000087800000|100%| O|  |TAMS 0x0000000087800000, 0x0000000087700000| Complete 
| 120|0x0000000087800000, 0x0000000087900000, 0x0000000087900000|100%| O|  |TAMS 0x0000000087900000, 0x0000000087800000| Complete 
| 121|0x0000000087900000, 0x0000000087a00000, 0x0000000087a00000|100%| O|  |TAMS 0x0000000087a00000, 0x0000000087900000| Untracked 
| 122|0x0000000087a00000, 0x0000000087a00000, 0x0000000087b00000|  0%| F|  |TAMS 0x0000000087a00000, 0x0000000087a00000| Untracked 
| 123|0x0000000087b00000, 0x0000000087c00000, 0x0000000087c00000|100%| O|  |TAMS 0x0000000087c00000, 0x0000000087b00000| Complete 
| 124|0x0000000087c00000, 0x0000000087d00000, 0x0000000087d00000|100%| O|  |TAMS 0x0000000087d00000, 0x0000000087c00000| Complete 
| 125|0x0000000087d00000, 0x0000000087e00000, 0x0000000087e00000|100%| O|  |TAMS 0x0000000087e00000, 0x0000000087d00000| Untracked 
| 126|0x0000000087e00000, 0x0000000087f00000, 0x0000000087f00000|100%| O|  |TAMS 0x0000000087f00000, 0x0000000087e00000| Complete 
| 127|0x0000000087f00000, 0x0000000088000000, 0x0000000088000000|100%| O|  |TAMS 0x0000000088000000, 0x0000000087f00000| Untracked 
| 128|0x0000000088000000, 0x0000000088100000, 0x0000000088100000|100%| O|  |TAMS 0x0000000088100000, 0x0000000088000000| Complete 
| 129|0x0000000088100000, 0x0000000088100000, 0x0000000088200000|  0%| F|  |TAMS 0x0000000088100000, 0x0000000088100000| Untracked 
| 130|0x0000000088200000, 0x0000000088300000, 0x0000000088300000|100%| O|  |TAMS 0x0000000088300000, 0x0000000088200000| Complete 
| 131|0x0000000088300000, 0x0000000088400000, 0x0000000088400000|100%| O|  |TAMS 0x0000000088400000, 0x0000000088300000| Untracked 
| 132|0x0000000088400000, 0x0000000088500000, 0x0000000088500000|100%| O|  |TAMS 0x0000000088500000, 0x0000000088400000| Complete 
| 133|0x0000000088500000, 0x0000000088500000, 0x0000000088600000|  0%| F|  |TAMS 0x0000000088500000, 0x0000000088500000| Untracked 
| 134|0x0000000088600000, 0x0000000088600000, 0x0000000088700000|  0%| F|  |TAMS 0x0000000088600000, 0x0000000088600000| Untracked 
| 135|0x0000000088700000, 0x0000000088800000, 0x0000000088800000|100%| O|  |TAMS 0x0000000088800000, 0x0000000088700000| Untracked 
| 136|0x0000000088800000, 0x0000000088900000, 0x0000000088900000|100%| O|  |TAMS 0x0000000088900000, 0x0000000088800000| Untracked 
| 137|0x0000000088900000, 0x0000000088a00000, 0x0000000088a00000|100%| O|  |TAMS 0x0000000088a00000, 0x0000000088900000| Complete 
| 138|0x0000000088a00000, 0x0000000088b00000, 0x0000000088b00000|100%| O|  |TAMS 0x0000000088b00000, 0x0000000088a00000| Complete 
| 139|0x0000000088b00000, 0x0000000088b00000, 0x0000000088c00000|  0%| F|  |TAMS 0x0000000088b00000, 0x0000000088b00000| Untracked 
| 140|0x0000000088c00000, 0x0000000088d00000, 0x0000000088d00000|100%| O|  |TAMS 0x0000000088d00000, 0x0000000088c00000| Complete 
| 141|0x0000000088d00000, 0x0000000088e00000, 0x0000000088e00000|100%| O|  |TAMS 0x0000000088e00000, 0x0000000088d00000| Untracked 
| 142|0x0000000088e00000, 0x0000000088f00000, 0x0000000088f00000|100%| O|  |TAMS 0x0000000088f00000, 0x0000000088e00000| Untracked 
| 143|0x0000000088f00000, 0x0000000089000000, 0x0000000089000000|100%| O|  |TAMS 0x0000000089000000, 0x0000000088f00000| Complete 
| 144|0x0000000089000000, 0x0000000089100000, 0x0000000089100000|100%| O|  |TAMS 0x0000000089100000, 0x0000000089000000| Complete 
| 145|0x0000000089100000, 0x0000000089200000, 0x0000000089200000|100%| O|  |TAMS 0x0000000089200000, 0x0000000089100000| Complete 
| 146|0x0000000089200000, 0x0000000089300000, 0x0000000089300000|100%| O|  |TAMS 0x0000000089300000, 0x0000000089200000| Complete 
| 147|0x0000000089300000, 0x0000000089400000, 0x0000000089400000|100%| O|  |TAMS 0x0000000089400000, 0x0000000089300000| Complete 
| 148|0x0000000089400000, 0x0000000089500000, 0x0000000089500000|100%| O|  |TAMS 0x0000000089500000, 0x0000000089400000| Complete 
| 149|0x0000000089500000, 0x0000000089600000, 0x0000000089600000|100%| O|  |TAMS 0x0000000089600000, 0x0000000089500000| Untracked 
| 150|0x0000000089600000, 0x0000000089700000, 0x0000000089700000|100%| O|  |TAMS 0x0000000089700000, 0x0000000089600000| Complete 
| 151|0x0000000089700000, 0x0000000089800000, 0x0000000089800000|100%| O|  |TAMS 0x0000000089800000, 0x0000000089700000| Untracked 
| 152|0x0000000089800000, 0x0000000089900000, 0x0000000089900000|100%| O|  |TAMS 0x0000000089900000, 0x0000000089800000| Complete 
| 153|0x0000000089900000, 0x0000000089a00000, 0x0000000089a00000|100%| O|  |TAMS 0x0000000089a00000, 0x0000000089900000| Untracked 
| 154|0x0000000089a00000, 0x0000000089abea00, 0x0000000089b00000| 74%| O|  |TAMS 0x0000000089abea00, 0x0000000089a00000| Untracked 
| 155|0x0000000089b00000, 0x0000000089c00000, 0x0000000089c00000|100%| O|  |TAMS 0x0000000089c00000, 0x0000000089b00000| Complete 
| 156|0x0000000089c00000, 0x0000000089d00000, 0x0000000089d00000|100%| O|  |TAMS 0x0000000089d00000, 0x0000000089c00000| Complete 
| 157|0x0000000089d00000, 0x0000000089d00000, 0x0000000089e00000|  0%| F|  |TAMS 0x0000000089d00000, 0x0000000089d00000| Untracked 
| 158|0x0000000089e00000, 0x0000000089e00000, 0x0000000089f00000|  0%| F|  |TAMS 0x0000000089e00000, 0x0000000089e00000| Untracked 
| 159|0x0000000089f00000, 0x0000000089f00000, 0x000000008a000000|  0%| F|  |TAMS 0x0000000089f00000, 0x0000000089f00000| Untracked 
| 160|0x000000008a000000, 0x000000008a000000, 0x000000008a100000|  0%| F|  |TAMS 0x000000008a000000, 0x000000008a000000| Untracked 
| 161|0x000000008a100000, 0x000000008a100000, 0x000000008a200000|  0%| F|  |TAMS 0x000000008a100000, 0x000000008a100000| Untracked 
| 162|0x000000008a200000, 0x000000008a200000, 0x000000008a300000|  0%| F|  |TAMS 0x000000008a200000, 0x000000008a200000| Untracked 
| 163|0x000000008a300000, 0x000000008a300000, 0x000000008a400000|  0%| F|  |TAMS 0x000000008a300000, 0x000000008a300000| Untracked 
| 164|0x000000008a400000, 0x000000008a400000, 0x000000008a500000|  0%| F|  |TAMS 0x000000008a400000, 0x000000008a400000| Untracked 
| 165|0x000000008a500000, 0x000000008a600000, 0x000000008a600000|100%| O|  |TAMS 0x000000008a600000, 0x000000008a500000| Untracked 
| 166|0x000000008a600000, 0x000000008a700000, 0x000000008a700000|100%| O|  |TAMS 0x000000008a700000, 0x000000008a600000| Untracked 
| 167|0x000000008a700000, 0x000000008a700000, 0x000000008a800000|  0%| F|  |TAMS 0x000000008a700000, 0x000000008a700000| Untracked 
| 168|0x000000008a800000, 0x000000008a800000, 0x000000008a900000|  0%| F|  |TAMS 0x000000008a800000, 0x000000008a800000| Untracked 
| 169|0x000000008a900000, 0x000000008a900000, 0x000000008aa00000|  0%| F|  |TAMS 0x000000008a900000, 0x000000008a900000| Untracked 
| 170|0x000000008aa00000, 0x000000008aa00000, 0x000000008ab00000|  0%| F|  |TAMS 0x000000008aa00000, 0x000000008aa00000| Untracked 
| 171|0x000000008ab00000, 0x000000008ab00000, 0x000000008ac00000|  0%| F|  |TAMS 0x000000008ab00000, 0x000000008ab00000| Untracked 
| 172|0x000000008ac00000, 0x000000008ac00000, 0x000000008ad00000|  0%| F|  |TAMS 0x000000008ac00000, 0x000000008ac00000| Untracked 
| 173|0x000000008ad00000, 0x000000008ad00000, 0x000000008ae00000|  0%| F|  |TAMS 0x000000008ad00000, 0x000000008ad00000| Untracked 
| 174|0x000000008ae00000, 0x000000008ae00000, 0x000000008af00000|  0%| F|  |TAMS 0x000000008ae00000, 0x000000008ae00000| Untracked 
| 175|0x000000008af00000, 0x000000008af00000, 0x000000008b000000|  0%| F|  |TAMS 0x000000008af00000, 0x000000008af00000| Untracked 
| 176|0x000000008b000000, 0x000000008b000000, 0x000000008b100000|  0%| F|  |TAMS 0x000000008b000000, 0x000000008b000000| Untracked 
| 177|0x000000008b100000, 0x000000008b100000, 0x000000008b200000|  0%| F|  |TAMS 0x000000008b100000, 0x000000008b100000| Untracked 
| 178|0x000000008b200000, 0x000000008b200000, 0x000000008b300000|  0%| F|  |TAMS 0x000000008b200000, 0x000000008b200000| Untracked 
| 179|0x000000008b300000, 0x000000008b300000, 0x000000008b400000|  0%| F|  |TAMS 0x000000008b300000, 0x000000008b300000| Untracked 
| 180|0x000000008b400000, 0x000000008b400000, 0x000000008b500000|  0%| F|  |TAMS 0x000000008b400000, 0x000000008b400000| Untracked 
| 181|0x000000008b500000, 0x000000008b500000, 0x000000008b600000|  0%| F|  |TAMS 0x000000008b500000, 0x000000008b500000| Untracked 
| 182|0x000000008b600000, 0x000000008b600000, 0x000000008b700000|  0%| F|  |TAMS 0x000000008b600000, 0x000000008b600000| Untracked 
| 183|0x000000008b700000, 0x000000008b700000, 0x000000008b800000|  0%| F|  |TAMS 0x000000008b700000, 0x000000008b700000| Untracked 
| 184|0x000000008b800000, 0x000000008b800000, 0x000000008b900000|  0%| F|  |TAMS 0x000000008b800000, 0x000000008b800000| Untracked 
| 185|0x000000008b900000, 0x000000008b900000, 0x000000008ba00000|  0%| F|  |TAMS 0x000000008b900000, 0x000000008b900000| Untracked 
| 186|0x000000008ba00000, 0x000000008ba00000, 0x000000008bb00000|  0%| F|  |TAMS 0x000000008ba00000, 0x000000008ba00000| Untracked 
| 187|0x000000008bb00000, 0x000000008bb00000, 0x000000008bc00000|  0%| F|  |TAMS 0x000000008bb00000, 0x000000008bb00000| Untracked 
| 188|0x000000008bc00000, 0x000000008bc00000, 0x000000008bd00000|  0%| F|  |TAMS 0x000000008bc00000, 0x000000008bc00000| Untracked 
| 189|0x000000008bd00000, 0x000000008bd00000, 0x000000008be00000|  0%| F|  |TAMS 0x000000008bd00000, 0x000000008bd00000| Untracked 
| 190|0x000000008be00000, 0x000000008be00000, 0x000000008bf00000|  0%| F|  |TAMS 0x000000008be00000, 0x000000008be00000| Untracked 
| 191|0x000000008bf00000, 0x000000008bf00000, 0x000000008c000000|  0%| F|  |TAMS 0x000000008bf00000, 0x000000008bf00000| Untracked 
| 192|0x000000008c000000, 0x000000008c000000, 0x000000008c100000|  0%| F|  |TAMS 0x000000008c000000, 0x000000008c000000| Untracked 
| 193|0x000000008c100000, 0x000000008c100000, 0x000000008c200000|  0%| F|  |TAMS 0x000000008c100000, 0x000000008c100000| Untracked 
| 194|0x000000008c200000, 0x000000008c200000, 0x000000008c300000|  0%| F|  |TAMS 0x000000008c200000, 0x000000008c200000| Untracked 
| 195|0x000000008c300000, 0x000000008c300000, 0x000000008c400000|  0%| F|  |TAMS 0x000000008c300000, 0x000000008c300000| Untracked 
| 196|0x000000008c400000, 0x000000008c400000, 0x000000008c500000|  0%| F|  |TAMS 0x000000008c400000, 0x000000008c400000| Untracked 
| 197|0x000000008c500000, 0x000000008c500000, 0x000000008c600000|  0%| F|  |TAMS 0x000000008c500000, 0x000000008c500000| Untracked 
| 198|0x000000008c600000, 0x000000008c600000, 0x000000008c700000|  0%| F|  |TAMS 0x000000008c600000, 0x000000008c600000| Untracked 
| 199|0x000000008c700000, 0x000000008c700000, 0x000000008c800000|  0%| F|  |TAMS 0x000000008c700000, 0x000000008c700000| Untracked 
| 200|0x000000008c800000, 0x000000008c800000, 0x000000008c900000|  0%| F|  |TAMS 0x000000008c800000, 0x000000008c800000| Untracked 
| 201|0x000000008c900000, 0x000000008c900000, 0x000000008ca00000|  0%| F|  |TAMS 0x000000008c900000, 0x000000008c900000| Untracked 
| 202|0x000000008ca00000, 0x000000008ca00000, 0x000000008cb00000|  0%| F|  |TAMS 0x000000008ca00000, 0x000000008ca00000| Untracked 
| 203|0x000000008cb00000, 0x000000008cb00000, 0x000000008cc00000|  0%| F|  |TAMS 0x000000008cb00000, 0x000000008cb00000| Untracked 
| 204|0x000000008cc00000, 0x000000008cc00000, 0x000000008cd00000|  0%| F|  |TAMS 0x000000008cc00000, 0x000000008cc00000| Untracked 
| 205|0x000000008cd00000, 0x000000008cd00000, 0x000000008ce00000|  0%| F|  |TAMS 0x000000008cd00000, 0x000000008cd00000| Untracked 
| 206|0x000000008ce00000, 0x000000008ce00000, 0x000000008cf00000|  0%| F|  |TAMS 0x000000008ce00000, 0x000000008ce00000| Untracked 
| 207|0x000000008cf00000, 0x000000008cf00000, 0x000000008d000000|  0%| F|  |TAMS 0x000000008cf00000, 0x000000008cf00000| Untracked 
| 208|0x000000008d000000, 0x000000008d000000, 0x000000008d100000|  0%| F|  |TAMS 0x000000008d000000, 0x000000008d000000| Untracked 
| 209|0x000000008d100000, 0x000000008d100000, 0x000000008d200000|  0%| F|  |TAMS 0x000000008d100000, 0x000000008d100000| Untracked 
| 210|0x000000008d200000, 0x000000008d200000, 0x000000008d300000|  0%| F|  |TAMS 0x000000008d200000, 0x000000008d200000| Untracked 
| 211|0x000000008d300000, 0x000000008d300000, 0x000000008d400000|  0%| F|  |TAMS 0x000000008d300000, 0x000000008d300000| Untracked 
| 212|0x000000008d400000, 0x000000008d400000, 0x000000008d500000|  0%| F|  |TAMS 0x000000008d400000, 0x000000008d400000| Untracked 
| 213|0x000000008d500000, 0x000000008d500000, 0x000000008d600000|  0%| F|  |TAMS 0x000000008d500000, 0x000000008d500000| Untracked 
| 214|0x000000008d600000, 0x000000008d600000, 0x000000008d700000|  0%| F|  |TAMS 0x000000008d600000, 0x000000008d600000| Untracked 
| 215|0x000000008d700000, 0x000000008d700000, 0x000000008d800000|  0%| F|  |TAMS 0x000000008d700000, 0x000000008d700000| Untracked 
| 216|0x000000008d800000, 0x000000008d800000, 0x000000008d900000|  0%| F|  |TAMS 0x000000008d800000, 0x000000008d800000| Untracked 
| 217|0x000000008d900000, 0x000000008d900000, 0x000000008da00000|  0%| F|  |TAMS 0x000000008d900000, 0x000000008d900000| Untracked 
| 218|0x000000008da00000, 0x000000008da00000, 0x000000008db00000|  0%| F|  |TAMS 0x000000008da00000, 0x000000008da00000| Untracked 
| 219|0x000000008db00000, 0x000000008db00000, 0x000000008dc00000|  0%| F|  |TAMS 0x000000008db00000, 0x000000008db00000| Untracked 
| 220|0x000000008dc00000, 0x000000008dc40010, 0x000000008dd00000| 25%| E|  |TAMS 0x000000008dc00000, 0x000000008dc00000| Complete 
| 221|0x000000008dd00000, 0x000000008ddf4138, 0x000000008de00000| 95%| E|  |TAMS 0x000000008dd00000, 0x000000008dd00000| Complete 
| 222|0x000000008de00000, 0x000000008df00000, 0x000000008df00000|100%| E|CS|TAMS 0x000000008de00000, 0x000000008de00000| Complete 
| 223|0x000000008df00000, 0x000000008e000000, 0x000000008e000000|100%| E|CS|TAMS 0x000000008df00000, 0x000000008df00000| Complete 
| 224|0x000000008e000000, 0x000000008e100000, 0x000000008e100000|100%| E|CS|TAMS 0x000000008e000000, 0x000000008e000000| Complete 
| 225|0x000000008e100000, 0x000000008e200000, 0x000000008e200000|100%| E|CS|TAMS 0x000000008e100000, 0x000000008e100000| Complete 
| 226|0x000000008e200000, 0x000000008e300000, 0x000000008e300000|100%| E|CS|TAMS 0x000000008e200000, 0x000000008e200000| Complete 
| 227|0x000000008e300000, 0x000000008e400000, 0x000000008e400000|100%| E|CS|TAMS 0x000000008e300000, 0x000000008e300000| Complete 
| 228|0x000000008e400000, 0x000000008e500000, 0x000000008e500000|100%| E|CS|TAMS 0x000000008e400000, 0x000000008e400000| Complete 
| 229|0x000000008e500000, 0x000000008e600000, 0x000000008e600000|100%| E|CS|TAMS 0x000000008e500000, 0x000000008e500000| Complete 
| 230|0x000000008e600000, 0x000000008e700000, 0x000000008e700000|100%| E|CS|TAMS 0x000000008e600000, 0x000000008e600000| Complete 
| 231|0x000000008e700000, 0x000000008e800000, 0x000000008e800000|100%| E|CS|TAMS 0x000000008e700000, 0x000000008e700000| Complete 
| 232|0x000000008e800000, 0x000000008e900000, 0x000000008e900000|100%| E|CS|TAMS 0x000000008e800000, 0x000000008e800000| Complete 
| 233|0x000000008e900000, 0x000000008ea00000, 0x000000008ea00000|100%| E|CS|TAMS 0x000000008e900000, 0x000000008e900000| Complete 
| 234|0x000000008ea00000, 0x000000008eb00000, 0x000000008eb00000|100%| E|CS|TAMS 0x000000008ea00000, 0x000000008ea00000| Complete 
| 235|0x000000008eb00000, 0x000000008ec00000, 0x000000008ec00000|100%| E|CS|TAMS 0x000000008eb00000, 0x000000008eb00000| Complete 
| 236|0x000000008ec00000, 0x000000008ed00000, 0x000000008ed00000|100%| E|CS|TAMS 0x000000008ec00000, 0x000000008ec00000| Complete 
| 237|0x000000008ed00000, 0x000000008ee00000, 0x000000008ee00000|100%| E|CS|TAMS 0x000000008ed00000, 0x000000008ed00000| Complete 
| 238|0x000000008ee00000, 0x000000008ef00000, 0x000000008ef00000|100%| E|CS|TAMS 0x000000008ee00000, 0x000000008ee00000| Complete 
| 239|0x000000008ef00000, 0x000000008f000000, 0x000000008f000000|100%| E|CS|TAMS 0x000000008ef00000, 0x000000008ef00000| Complete 
| 240|0x000000008f000000, 0x000000008f100000, 0x000000008f100000|100%| E|CS|TAMS 0x000000008f000000, 0x000000008f000000| Complete 
| 241|0x000000008f100000, 0x000000008f200000, 0x000000008f200000|100%| E|CS|TAMS 0x000000008f100000, 0x000000008f100000| Complete 
| 242|0x000000008f200000, 0x000000008f300000, 0x000000008f300000|100%| E|CS|TAMS 0x000000008f200000, 0x000000008f200000| Complete 
| 243|0x000000008f300000, 0x000000008f400000, 0x000000008f400000|100%| E|CS|TAMS 0x000000008f300000, 0x000000008f300000| Complete 
| 244|0x000000008f400000, 0x000000008f500000, 0x000000008f500000|100%| E|CS|TAMS 0x000000008f400000, 0x000000008f400000| Complete 
| 245|0x000000008f500000, 0x000000008f600000, 0x000000008f600000|100%| E|CS|TAMS 0x000000008f500000, 0x000000008f500000| Complete 
| 246|0x000000008f600000, 0x000000008f700000, 0x000000008f700000|100%| E|CS|TAMS 0x000000008f600000, 0x000000008f600000| Complete 
| 247|0x000000008f700000, 0x000000008f800000, 0x000000008f800000|100%| E|CS|TAMS 0x000000008f700000, 0x000000008f700000| Complete 
| 248|0x000000008f800000, 0x000000008f900000, 0x000000008f900000|100%| E|CS|TAMS 0x000000008f800000, 0x000000008f800000| Complete 
| 249|0x000000008f900000, 0x000000008fa00000, 0x000000008fa00000|100%| E|CS|TAMS 0x000000008f900000, 0x000000008f900000| Complete 
| 250|0x000000008fa00000, 0x000000008fb00000, 0x000000008fb00000|100%| O|  |TAMS 0x000000008fb00000, 0x000000008fa00000| Complete 
| 251|0x000000008fb00000, 0x000000008fc00000, 0x000000008fc00000|100%| E|CS|TAMS 0x000000008fb00000, 0x000000008fb00000| Complete 
| 252|0x000000008fc00000, 0x000000008fd00000, 0x000000008fd00000|100%| E|CS|TAMS 0x000000008fc00000, 0x000000008fc00000| Complete 
| 253|0x000000008fd00000, 0x000000008fe00000, 0x000000008fe00000|100%| E|CS|TAMS 0x000000008fd00000, 0x000000008fd00000| Complete 
| 254|0x000000008fe00000, 0x000000008ff00000, 0x000000008ff00000|100%| E|CS|TAMS 0x000000008fe00000, 0x000000008fe00000| Complete 
| 255|0x000000008ff00000, 0x0000000090000000, 0x0000000090000000|100%| E|CS|TAMS 0x000000008ff00000, 0x000000008ff00000| Complete 
| 256|0x0000000090000000, 0x0000000090100000, 0x0000000090100000|100%| E|CS|TAMS 0x0000000090000000, 0x0000000090000000| Complete 
| 257|0x0000000090100000, 0x0000000090200000, 0x0000000090200000|100%| E|CS|TAMS 0x0000000090100000, 0x0000000090100000| Complete 
| 258|0x0000000090200000, 0x0000000090300000, 0x0000000090300000|100%| E|CS|TAMS 0x0000000090200000, 0x0000000090200000| Complete 
| 259|0x0000000090300000, 0x0000000090400000, 0x0000000090400000|100%| E|CS|TAMS 0x0000000090300000, 0x0000000090300000| Complete 
| 260|0x0000000090400000, 0x0000000090500000, 0x0000000090500000|100%| E|CS|TAMS 0x0000000090400000, 0x0000000090400000| Complete 
| 261|0x0000000090500000, 0x0000000090600000, 0x0000000090600000|100%| E|CS|TAMS 0x0000000090500000, 0x0000000090500000| Complete 
| 262|0x0000000090600000, 0x0000000090700000, 0x0000000090700000|100%| E|CS|TAMS 0x0000000090600000, 0x0000000090600000| Complete 
| 263|0x0000000090700000, 0x0000000090800000, 0x0000000090800000|100%| E|CS|TAMS 0x0000000090700000, 0x0000000090700000| Complete 
| 264|0x0000000090800000, 0x0000000090900000, 0x0000000090900000|100%| E|CS|TAMS 0x0000000090800000, 0x0000000090800000| Complete 
| 265|0x0000000090900000, 0x0000000090a00000, 0x0000000090a00000|100%| E|CS|TAMS 0x0000000090900000, 0x0000000090900000| Complete 
| 266|0x0000000090a00000, 0x0000000090b00000, 0x0000000090b00000|100%| E|CS|TAMS 0x0000000090a00000, 0x0000000090a00000| Complete 
| 267|0x0000000090b00000, 0x0000000090c00000, 0x0000000090c00000|100%| E|CS|TAMS 0x0000000090b00000, 0x0000000090b00000| Complete 
| 268|0x0000000090c00000, 0x0000000090d00000, 0x0000000090d00000|100%| E|CS|TAMS 0x0000000090c00000, 0x0000000090c00000| Complete 
| 269|0x0000000090d00000, 0x0000000090e00000, 0x0000000090e00000|100%| E|CS|TAMS 0x0000000090d00000, 0x0000000090d00000| Complete 
| 270|0x0000000090e00000, 0x0000000090f00000, 0x0000000090f00000|100%| E|CS|TAMS 0x0000000090e00000, 0x0000000090e00000| Complete 
| 271|0x0000000090f00000, 0x0000000091000000, 0x0000000091000000|100%| E|CS|TAMS 0x0000000090f00000, 0x0000000090f00000| Complete 
| 272|0x0000000091000000, 0x0000000091100000, 0x0000000091100000|100%| E|CS|TAMS 0x0000000091000000, 0x0000000091000000| Complete 
| 273|0x0000000091100000, 0x0000000091200000, 0x0000000091200000|100%| E|CS|TAMS 0x0000000091100000, 0x0000000091100000| Complete 
| 274|0x0000000091200000, 0x0000000091300000, 0x0000000091300000|100%| E|CS|TAMS 0x0000000091200000, 0x0000000091200000| Complete 
| 275|0x0000000091300000, 0x0000000091400000, 0x0000000091400000|100%| E|CS|TAMS 0x0000000091300000, 0x0000000091300000| Complete 
| 276|0x0000000091400000, 0x0000000091500000, 0x0000000091500000|100%| E|CS|TAMS 0x0000000091400000, 0x0000000091400000| Complete 
| 277|0x0000000091500000, 0x0000000091600000, 0x0000000091600000|100%| E|CS|TAMS 0x0000000091500000, 0x0000000091500000| Complete 
| 278|0x0000000091600000, 0x0000000091700000, 0x0000000091700000|100%| E|CS|TAMS 0x0000000091600000, 0x0000000091600000| Complete 
| 279|0x0000000091700000, 0x00000000917dd7b0, 0x0000000091800000| 86%| S|CS|TAMS 0x0000000091700000, 0x0000000091700000| Complete 
| 280|0x0000000091800000, 0x0000000091900000, 0x0000000091900000|100%| E|CS|TAMS 0x0000000091800000, 0x0000000091800000| Complete 
| 281|0x0000000091900000, 0x0000000091a00000, 0x0000000091a00000|100%| E|CS|TAMS 0x0000000091900000, 0x0000000091900000| Complete 
| 282|0x0000000091a00000, 0x0000000091b00000, 0x0000000091b00000|100%| E|CS|TAMS 0x0000000091a00000, 0x0000000091a00000| Complete 
| 283|0x0000000091b00000, 0x0000000091c00000, 0x0000000091c00000|100%| E|CS|TAMS 0x0000000091b00000, 0x0000000091b00000| Complete 
| 284|0x0000000091c00000, 0x0000000091d00000, 0x0000000091d00000|100%| E|CS|TAMS 0x0000000091c00000, 0x0000000091c00000| Complete 
| 285|0x0000000091d00000, 0x0000000091e00000, 0x0000000091e00000|100%| E|CS|TAMS 0x0000000091d00000, 0x0000000091d00000| Complete 
| 286|0x0000000091e00000, 0x0000000091f00000, 0x0000000091f00000|100%| E|CS|TAMS 0x0000000091e00000, 0x0000000091e00000| Complete 
| 287|0x0000000091f00000, 0x0000000092000000, 0x0000000092000000|100%| E|CS|TAMS 0x0000000091f00000, 0x0000000091f00000| Complete 
| 288|0x0000000092000000, 0x0000000092100000, 0x0000000092100000|100%| E|CS|TAMS 0x0000000092000000, 0x0000000092000000| Complete 
| 289|0x0000000092100000, 0x0000000092200000, 0x0000000092200000|100%| E|CS|TAMS 0x0000000092100000, 0x0000000092100000| Complete 
| 290|0x0000000092200000, 0x0000000092300000, 0x0000000092300000|100%| E|CS|TAMS 0x0000000092200000, 0x0000000092200000| Complete 
| 291|0x0000000092300000, 0x0000000092400000, 0x0000000092400000|100%| E|CS|TAMS 0x0000000092300000, 0x0000000092300000| Complete 
| 292|0x0000000092400000, 0x0000000092500000, 0x0000000092500000|100%| E|CS|TAMS 0x0000000092400000, 0x0000000092400000| Complete 
| 293|0x0000000092500000, 0x0000000092600000, 0x0000000092600000|100%| E|CS|TAMS 0x0000000092500000, 0x0000000092500000| Complete 
| 294|0x0000000092600000, 0x0000000092700000, 0x0000000092700000|100%| E|CS|TAMS 0x0000000092600000, 0x0000000092600000| Complete 
| 295|0x0000000092700000, 0x0000000092800000, 0x0000000092800000|100%| E|CS|TAMS 0x0000000092700000, 0x0000000092700000| Complete 
| 296|0x0000000092800000, 0x0000000092900000, 0x0000000092900000|100%| E|CS|TAMS 0x0000000092800000, 0x0000000092800000| Complete 
| 297|0x0000000092900000, 0x0000000092a00000, 0x0000000092a00000|100%| E|CS|TAMS 0x0000000092900000, 0x0000000092900000| Complete 
| 298|0x0000000092a00000, 0x0000000092b00000, 0x0000000092b00000|100%| E|CS|TAMS 0x0000000092a00000, 0x0000000092a00000| Complete 
| 299|0x0000000092b00000, 0x0000000092c00000, 0x0000000092c00000|100%| E|CS|TAMS 0x0000000092b00000, 0x0000000092b00000| Complete 
| 300|0x0000000092c00000, 0x0000000092d00000, 0x0000000092d00000|100%| E|CS|TAMS 0x0000000092c00000, 0x0000000092c00000| Complete 
| 301|0x0000000092d00000, 0x0000000092e00000, 0x0000000092e00000|100%| E|CS|TAMS 0x0000000092d00000, 0x0000000092d00000| Complete 
| 302|0x0000000092e00000, 0x0000000092f00000, 0x0000000092f00000|100%| E|CS|TAMS 0x0000000092e00000, 0x0000000092e00000| Complete 
| 303|0x0000000092f00000, 0x0000000093000000, 0x0000000093000000|100%| E|CS|TAMS 0x0000000092f00000, 0x0000000092f00000| Complete 
| 304|0x0000000093000000, 0x0000000093100000, 0x0000000093100000|100%| E|CS|TAMS 0x0000000093000000, 0x0000000093000000| Complete 
| 305|0x0000000093100000, 0x0000000093200000, 0x0000000093200000|100%| E|CS|TAMS 0x0000000093100000, 0x0000000093100000| Complete 

Card table byte_map: [0x000002b0f62e0000,0x000002b0f66e0000] _byte_map_base: 0x000002b0f5ee0000

Marking Bits (Prev, Next): (CMBitMap*) 0x000002b0f24880e0, (CMBitMap*) 0x000002b0f24880a8
 Prev Bits: [0x000002b0f8ae0000, 0x000002b0faae0000)
 Next Bits: [0x000002b0f6ae0000, 0x000002b0f8ae0000)

Polling page: 0x000002b0f0360000

Metaspace:

Usage:
  Non-class:    131.28 MB capacity,   127.63 MB ( 97%) used,     3.01 MB (  2%) free+waste,   653.44 KB ( <1%) overhead. 
      Class:     19.71 MB capacity,    17.72 MB ( 90%) used,     1.72 MB (  9%) free+waste,   285.06 KB (  1%) overhead. 
       Both:    150.99 MB capacity,   145.35 MB ( 96%) used,     4.73 MB (  3%) free+waste,   938.50 KB ( <1%) overhead. 

Virtual space:
  Non-class space:      132.00 MB reserved,     131.40 MB (>99%) committed 
      Class space:        1.00 GB reserved,      19.88 MB (  2%) committed 
             Both:        1.13 GB reserved,     151.28 MB ( 13%) committed 

Chunk freelists:
   Non-Class:  1.00 KB
       Class:  69.00 KB
        Both:  70.00 KB

MaxMetaspaceSize: 17179869184.00 GB
CompressedClassSpaceSize: 1.00 GB

CodeHeap 'non-profiled nmethods': size=120064Kb used=22298Kb max_used=22380Kb free=97765Kb
 bounds [0x000002b087ac0000, 0x000002b0890c0000, 0x000002b08f000000]
CodeHeap 'profiled nmethods': size=120000Kb used=59790Kb max_used=62498Kb free=60210Kb
 bounds [0x000002b080590000, 0x000002b0842e0000, 0x000002b087ac0000]
CodeHeap 'non-nmethods': size=5696Kb used=2387Kb max_used=2457Kb free=3308Kb
 bounds [0x000002b080000000, 0x000002b080290000, 0x000002b080590000]
 total_blobs=29251 nmethods=28231 adapters=929
 compilation: enabled
              stopped_count=0, restarted_count=0
 full_count=0

Compilation events (20 events):
Event: 6913.004 Thread 0x000002b0fd89c000 37149       1       com.android.tools.r8.internal.XK0::k (5 bytes)
Event: 6913.004 Thread 0x000002b0fd89c000 nmethod 37149 0x000002b087f2db10 code [0x000002b087f2dcc0, 0x000002b087f2dd78]
Event: 6913.116 Thread 0x000002b0fd89c000 37151       2       com.android.tools.r8.graph.H$$Lambda$1500/0x0000000100ea4c40::test (16 bytes)
Event: 6913.116 Thread 0x000002b0fd89c000 nmethod 37151 0x000002b080806710 code [0x000002b0808068e0, 0x000002b080806aa8]
Event: 6913.116 Thread 0x000002b0fd89c000 37152       2       com.android.tools.r8.graph.J::o (5 bytes)
Event: 6913.117 Thread 0x000002b0fd89c000 nmethod 37152 0x000002b080774190 code [0x000002b080774340, 0x000002b080774438]
Event: 6913.226 Thread 0x000002b0fd89c000 37155       2       com.android.tools.r8.code.N0::hashCode (28 bytes)
Event: 6913.227 Thread 0x000002b0fd89c000 nmethod 37155 0x000002b0807a9990 code [0x000002b0807a9b40, 0x000002b0807a9c88]
Event: 6913.228 Thread 0x000002b0fd89c000 37156       2       com.android.tools.r8.ir.regalloc.b::a (242 bytes)
Event: 6913.230 Thread 0x000002b0fd89c000 nmethod 37156 0x000002b080807e10 code [0x000002b080808080, 0x000002b080808868]
Event: 6913.235 Thread 0x000002b0fd89c000 37158       2       com.android.tools.r8.internal.V61::<init> (5 bytes)
Event: 6913.235 Thread 0x000002b0fd89c000 nmethod 37158 0x000002b080806210 code [0x000002b0808063c0, 0x000002b0808064b8]
Event: 6913.274 Thread 0x000002b0fd89c000 37164       1       com.android.tools.r8.internal.aX0::C1 (2 bytes)
Event: 6913.274 Thread 0x000002b0fd89c000 nmethod 37164 0x000002b08807be90 code [0x000002b08807c040, 0x000002b08807c0f8]
Event: 6913.277 Thread 0x000002b0fd89c000 37165       2       com.android.tools.r8.internal.NX0::a (25 bytes)
Event: 6913.280 Thread 0x000002b0fd89c000 nmethod 37165 0x000002b080807a90 code [0x000002b080807c40, 0x000002b080807d78]
Event: 6913.280 Thread 0x000002b0fd89c000 37167 %     3       com.android.tools.r8.internal.pe1::a @ 87 (270 bytes)
Event: 6913.288 Thread 0x000002b0fd89c000 nmethod 37167% 0x000002b08134a110 code [0x000002b08134a6a0, 0x000002b08134db98]
Event: 6913.288 Thread 0x000002b0fd89c000 37166       2       com.android.tools.r8.internal.S81::<init> (5 bytes)
Event: 6913.297 Thread 0x000002b0fd89c000 nmethod 37166 0x000002b080807710 code [0x000002b0808078c0, 0x000002b0808079b8]

GC Heap History (20 events):
Event: 6743.082 GC heap before
{Heap before GC invocations=248 (full 0):
 garbage-first heap   total 261120K, used 210352K [0x0000000080000000, 0x0000000100000000)
  region size 1024K, 68 young (69632K), 4 survivors (4096K)
 Metaspace       used 148729K, capacity 154474K, committed 154652K, reserved 1183744K
  class space    used 18141K, capacity 20187K, committed 20352K, reserved 1048576K
}
Event: 6743.112 GC heap after
{Heap after GC invocations=249 (full 0):
 garbage-first heap   total 261120K, used 149756K [0x0000000080000000, 0x0000000100000000)
  region size 1024K, 9 young (9216K), 9 survivors (9216K)
 Metaspace       used 148729K, capacity 154474K, committed 154652K, reserved 1183744K
  class space    used 18141K, capacity 20187K, committed 20352K, reserved 1048576K
}
Event: 6743.135 GC heap before
{Heap before GC invocations=249 (full 0):
 garbage-first heap   total 261120K, used 152828K [0x0000000080000000, 0x0000000100000000)
  region size 1024K, 12 young (12288K), 9 survivors (9216K)
 Metaspace       used 148729K, capacity 154474K, committed 154652K, reserved 1183744K
  class space    used 18141K, capacity 20187K, committed 20352K, reserved 1048576K
}
Event: 6743.168 GC heap after
{Heap after GC invocations=250 (full 0):
 garbage-first heap   total 261120K, used 150775K [0x0000000080000000, 0x0000000100000000)
  region size 1024K, 2 young (2048K), 2 survivors (2048K)
 Metaspace       used 148729K, capacity 154474K, committed 154652K, reserved 1183744K
  class space    used 18141K, capacity 20187K, committed 20352K, reserved 1048576K
}
Event: 6743.461 GC heap before
{Heap before GC invocations=250 (full 0):
 garbage-first heap   total 261120K, used 208119K [0x0000000080000000, 0x0000000100000000)
  region size 1024K, 59 young (60416K), 2 survivors (2048K)
 Metaspace       used 148739K, capacity 154476K, committed 154652K, reserved 1183744K
  class space    used 18141K, capacity 20187K, committed 20352K, reserved 1048576K
}
Event: 6743.472 GC heap after
{Heap after GC invocations=251 (full 0):
 garbage-first heap   total 261120K, used 151138K [0x0000000080000000, 0x0000000100000000)
  region size 1024K, 2 young (2048K), 2 survivors (2048K)
 Metaspace       used 148739K, capacity 154476K, committed 154652K, reserved 1183744K
  class space    used 18141K, capacity 20187K, committed 20352K, reserved 1048576K
}
Event: 6883.669 GC heap before
{Heap before GC invocations=252 (full 0):
 garbage-first heap   total 261120K, used 229986K [0x0000000080000000, 0x0000000100000000)
  region size 1024K, 62 young (63488K), 2 survivors (2048K)
 Metaspace       used 146751K, capacity 152440K, committed 154652K, reserved 1183744K
  class space    used 18001K, capacity 20019K, committed 20352K, reserved 1048576K
}
Event: 6884.055 GC heap after
{Heap after GC invocations=253 (full 0):
 garbage-first heap   total 313344K, used 151711K [0x0000000080000000, 0x0000000100000000)
  region size 1024K, 4 young (4096K), 4 survivors (4096K)
 Metaspace       used 146751K, capacity 152440K, committed 154652K, reserved 1183744K
  class space    used 18001K, capacity 20019K, committed 20352K, reserved 1048576K
}
Event: 6884.397 GC heap before
{Heap before GC invocations=253 (full 0):
 garbage-first heap   total 313344K, used 162975K [0x0000000080000000, 0x0000000100000000)
  region size 1024K, 15 young (15360K), 4 survivors (4096K)
 Metaspace       used 146752K, capacity 152440K, committed 154652K, reserved 1183744K
  class space    used 18001K, capacity 20019K, committed 20352K, reserved 1048576K
}
Event: 6884.510 GC heap after
{Heap after GC invocations=254 (full 0):
 garbage-first heap   total 313344K, used 146598K [0x0000000080000000, 0x0000000100000000)
  region size 1024K, 2 young (2048K), 2 survivors (2048K)
 Metaspace       used 146752K, capacity 152440K, committed 154652K, reserved 1183744K
  class space    used 18001K, capacity 20019K, committed 20352K, reserved 1048576K
}
Event: 6895.744 GC heap before
{Heap before GC invocations=254 (full 0):
 garbage-first heap   total 313344K, used 204966K [0x0000000080000000, 0x0000000100000000)
  region size 1024K, 61 young (62464K), 2 survivors (2048K)
 Metaspace       used 146761K, capacity 152442K, committed 154652K, reserved 1183744K
  class space    used 18001K, capacity 20019K, committed 20352K, reserved 1048576K
}
Event: 6895.829 GC heap after
{Heap after GC invocations=255 (full 0):
 garbage-first heap   total 313344K, used 150694K [0x0000000080000000, 0x0000000100000000)
  region size 1024K, 6 young (6144K), 6 survivors (6144K)
 Metaspace       used 146761K, capacity 152442K, committed 154652K, reserved 1183744K
  class space    used 18001K, capacity 20019K, committed 20352K, reserved 1048576K
}
Event: 6902.954 GC heap before
{Heap before GC invocations=256 (full 0):
 garbage-first heap   total 313344K, used 238758K [0x0000000080000000, 0x0000000100000000)
  region size 1024K, 88 young (90112K), 6 survivors (6144K)
 Metaspace       used 147234K, capacity 153012K, committed 154652K, reserved 1183744K
  class space    used 18036K, capacity 20059K, committed 20352K, reserved 1048576K
}
Event: 6903.092 GC heap after
{Heap after GC invocations=257 (full 0):
 garbage-first heap   total 313344K, used 160426K [0x0000000080000000, 0x0000000100000000)
  region size 1024K, 11 young (11264K), 11 survivors (11264K)
 Metaspace       used 147234K, capacity 153012K, committed 154652K, reserved 1183744K
  class space    used 18036K, capacity 20059K, committed 20352K, reserved 1048576K
}
Event: 6903.266 GC heap before
{Heap before GC invocations=257 (full 0):
 garbage-first heap   total 313344K, used 163498K [0x0000000080000000, 0x0000000100000000)
  region size 1024K, 15 young (15360K), 11 survivors (11264K)
 Metaspace       used 147955K, capacity 153748K, committed 154652K, reserved 1183744K
  class space    used 18113K, capacity 20155K, committed 20352K, reserved 1048576K
}
Event: 6903.426 GC heap after
{Heap after GC invocations=258 (full 0):
 garbage-first heap   total 313344K, used 143545K [0x0000000080000000, 0x0000000100000000)
  region size 1024K, 2 young (2048K), 2 survivors (2048K)
 Metaspace       used 147955K, capacity 153748K, committed 154652K, reserved 1183744K
  class space    used 18113K, capacity 20155K, committed 20352K, reserved 1048576K
}
Event: 6903.429 GC heap before
{Heap before GC invocations=258 (full 0):
 garbage-first heap   total 313344K, used 143545K [0x0000000080000000, 0x0000000100000000)
  region size 1024K, 3 young (3072K), 2 survivors (2048K)
 Metaspace       used 147955K, capacity 153748K, committed 154652K, reserved 1183744K
  class space    used 18113K, capacity 20155K, committed 20352K, reserved 1048576K
}
Event: 6903.446 GC heap after
{Heap after GC invocations=259 (full 0):
 garbage-first heap   total 313344K, used 143081K [0x0000000080000000, 0x0000000100000000)
  region size 1024K, 1 young (1024K), 1 survivors (1024K)
 Metaspace       used 147955K, capacity 153748K, committed 154652K, reserved 1183744K
  class space    used 18113K, capacity 20155K, committed 20352K, reserved 1048576K
}
Event: 6912.090 GC heap before
{Heap before GC invocations=260 (full 0):
 garbage-first heap   total 313344K, used 167657K [0x0000000080000000, 0x0000000100000000)
  region size 1024K, 26 young (26624K), 1 survivors (1024K)
 Metaspace       used 148818K, capacity 154612K, committed 154908K, reserved 1183744K
  class space    used 18141K, capacity 20187K, committed 20352K, reserved 1048576K
}
Event: 6912.107 GC heap after
{Heap after GC invocations=261 (full 0):
 garbage-first heap   total 313344K, used 142960K [0x0000000080000000, 0x0000000100000000)
  region size 1024K, 1 young (1024K), 1 survivors (1024K)
 Metaspace       used 148818K, capacity 154612K, committed 154908K, reserved 1183744K
  class space    used 18141K, capacity 20187K, committed 20352K, reserved 1048576K
}

Deoptimization events (20 events):
Event: 6896.910 Thread 0x000002b094ec6800 DEOPT PACKING pc=0x000002b088d73900 sp=0x000000c8478fe9b0
Event: 6896.911 Thread 0x000002b094ec6800 DEOPT UNPACKING pc=0x000002b0800265af sp=0x000000c8478fe948 mode 2
Event: 6902.611 Thread 0x000002b09175b800 DEOPT PACKING pc=0x000002b0823b1dff sp=0x000000c848ffc110
Event: 6902.613 Thread 0x000002b09175b800 DEOPT UNPACKING pc=0x000002b080026d5e sp=0x000000c848ffb5c8 mode 0
Event: 6902.810 Thread 0x000002b09175b800 DEOPT PACKING pc=0x000002b0823b1dff sp=0x000000c848ffcad0
Event: 6902.811 Thread 0x000002b09175b800 DEOPT UNPACKING pc=0x000002b080026d5e sp=0x000000c848ffbf88 mode 0
Event: 6911.745 Thread 0x000002b0feb77000 Uncommon trap: trap_request=0xfffffff4 fr.pc=0x000002b088f9666c relative=0x0000000000000d4c
Event: 6911.745 Thread 0x000002b0feb77000 Uncommon trap: reason=null_check action=make_not_entrant pc=0x000002b088f9666c method=org.gradle.api.internal.changedetection.state.DefaultResourceSnapshotterCacheService.hashFile(Lorg/gradle/internal/snapshot/FileSystemLocationSnapshot;Lorg/gradle/intern
Event: 6911.745 Thread 0x000002b0feb77000 DEOPT PACKING pc=0x000002b088f9666c sp=0x000000c848cfbe00
Event: 6911.745 Thread 0x000002b0feb77000 DEOPT UNPACKING pc=0x000002b0800265af sp=0x000000c848cfbdd0 mode 2
Event: 6912.621 Thread 0x000002b091764800 DEOPT PACKING pc=0x000002b08354b782 sp=0x000000c849dfcac0
Event: 6912.621 Thread 0x000002b091764800 DEOPT UNPACKING pc=0x000002b080026d5e sp=0x000000c849dfc268 mode 0
Event: 6912.671 Thread 0x000002b091764800 DEOPT PACKING pc=0x000002b08354b782 sp=0x000000c849dfc660
Event: 6912.671 Thread 0x000002b091764800 DEOPT UNPACKING pc=0x000002b080026d5e sp=0x000000c849dfbe08 mode 0
Event: 6912.845 Thread 0x000002b091764800 DEOPT PACKING pc=0x000002b08358b6d4 sp=0x000000c849dfc800
Event: 6912.852 Thread 0x000002b091764800 DEOPT UNPACKING pc=0x000002b080026d5e sp=0x000000c849dfbda8 mode 0
Event: 6912.949 Thread 0x000002b091767000 DEOPT PACKING pc=0x000002b08354b782 sp=0x000000c849cfc7e0
Event: 6912.949 Thread 0x000002b091767000 DEOPT UNPACKING pc=0x000002b080026d5e sp=0x000000c849cfbf68 mode 0
Event: 6913.002 Thread 0x000002b091767000 DEOPT PACKING pc=0x000002b08354b782 sp=0x000000c849cfc830
Event: 6913.002 Thread 0x000002b091767000 DEOPT UNPACKING pc=0x000002b080026d5e sp=0x000000c849cfbfd8 mode 0

Classes redefined (0 events):
No events

Internal exceptions (20 events):
Event: 6902.825 Thread 0x000002b09175b800 Exception <a 'sun/nio/fs/WindowsException'{0x000000008db4ddf0}> (0x000000008db4ddf0) thrown at [./src/hotspot/share/prims/jni.cpp, line 615]
Event: 6902.825 Thread 0x000002b09175b800 Exception <a 'sun/nio/fs/WindowsException'{0x000000008db4de70}> (0x000000008db4de70) thrown at [./src/hotspot/share/prims/jni.cpp, line 615]
Event: 6902.825 Thread 0x000002b09175b800 Exception <a 'sun/nio/fs/WindowsException'{0x000000008db4f240}> (0x000000008db4f240) thrown at [./src/hotspot/share/prims/jni.cpp, line 615]
Event: 6902.825 Thread 0x000002b09175b800 Exception <a 'sun/nio/fs/WindowsException'{0x000000008db4f2c0}> (0x000000008db4f2c0) thrown at [./src/hotspot/share/prims/jni.cpp, line 615]
Event: 6902.836 Thread 0x000002b09175b800 Exception <a 'sun/nio/fs/WindowsException'{0x000000008dbcc218}> (0x000000008dbcc218) thrown at [./src/hotspot/share/prims/jni.cpp, line 615]
Event: 6902.836 Thread 0x000002b09175b800 Exception <a 'sun/nio/fs/WindowsException'{0x000000008dbcc298}> (0x000000008dbcc298) thrown at [./src/hotspot/share/prims/jni.cpp, line 615]
Event: 6902.836 Thread 0x000002b09175b800 Exception <a 'sun/nio/fs/WindowsException'{0x000000008dbcd5f0}> (0x000000008dbcd5f0) thrown at [./src/hotspot/share/prims/jni.cpp, line 615]
Event: 6902.837 Thread 0x000002b09175b800 Exception <a 'sun/nio/fs/WindowsException'{0x000000008dbcd670}> (0x000000008dbcd670) thrown at [./src/hotspot/share/prims/jni.cpp, line 615]
Event: 6902.837 Thread 0x000002b09175b800 Exception <a 'sun/nio/fs/WindowsException'{0x000000008dbce9b0}> (0x000000008dbce9b0) thrown at [./src/hotspot/share/prims/jni.cpp, line 615]
Event: 6902.837 Thread 0x000002b09175b800 Exception <a 'sun/nio/fs/WindowsException'{0x000000008dbcea30}> (0x000000008dbcea30) thrown at [./src/hotspot/share/prims/jni.cpp, line 615]
Event: 6902.839 Thread 0x000002b09175b800 Exception <a 'sun/nio/fs/WindowsException'{0x000000008dbf3d48}> (0x000000008dbf3d48) thrown at [./src/hotspot/share/prims/jni.cpp, line 615]
Event: 6902.839 Thread 0x000002b09175b800 Exception <a 'sun/nio/fs/WindowsException'{0x000000008dbf3dc8}> (0x000000008dbf3dc8) thrown at [./src/hotspot/share/prims/jni.cpp, line 615]
Event: 6902.840 Thread 0x000002b09175b800 Exception <a 'sun/nio/fs/WindowsException'{0x000000008dbf5188}> (0x000000008dbf5188) thrown at [./src/hotspot/share/prims/jni.cpp, line 615]
Event: 6902.840 Thread 0x000002b09175b800 Exception <a 'sun/nio/fs/WindowsException'{0x000000008dbf5450}> (0x000000008dbf5450) thrown at [./src/hotspot/share/prims/jni.cpp, line 615]
Event: 6902.840 Thread 0x000002b09175b800 Exception <a 'sun/nio/fs/WindowsException'{0x000000008dbf67f8}> (0x000000008dbf67f8) thrown at [./src/hotspot/share/prims/jni.cpp, line 615]
Event: 6902.841 Thread 0x000002b09175b800 Exception <a 'sun/nio/fs/WindowsException'{0x000000008dbf6878}> (0x000000008dbf6878) thrown at [./src/hotspot/share/prims/jni.cpp, line 615]
Event: 6911.745 Thread 0x000002b0feb77000 Implicit null exception at 0x000002b088f96000 to 0x000002b088f96660
Event: 6912.200 Thread 0x000002b0feb77000 Exception <a 'sun/nio/fs/WindowsException'{0x0000000093169058}> (0x0000000093169058) thrown at [./src/hotspot/share/prims/jni.cpp, line 615]
Event: 6912.276 Thread 0x000002b09175d000 Exception <a 'sun/nio/fs/WindowsException'{0x0000000092a20828}> (0x0000000092a20828) thrown at [./src/hotspot/share/prims/jni.cpp, line 615]
Event: 6912.285 Thread 0x000002b09175b800 Exception <a 'sun/nio/fs/WindowsException'{0x0000000092defb60}> (0x0000000092defb60) thrown at [./src/hotspot/share/prims/jni.cpp, line 615]

Events (20 events):
Event: 6912.223 Thread 0x000002b091767000 Thread added: 0x000002b091767000
Event: 6912.225 Thread 0x000002b091764800 Thread added: 0x000002b091764800
Event: 6912.225 Executing VM operation: RevokeBias
Event: 6912.226 Executing VM operation: RevokeBias done
Event: 6912.242 Executing VM operation: RevokeBias
Event: 6912.244 Executing VM operation: RevokeBias done
Event: 6912.504 Executing VM operation: RevokeBias
Event: 6912.506 Executing VM operation: RevokeBias done
Event: 6912.751 Executing VM operation: ICBufferFull
Event: 6912.753 Executing VM operation: ICBufferFull done
Event: 6912.756 Executing VM operation: CGC_Operation
Event: 6912.802 Executing VM operation: CGC_Operation done
Event: 6912.804 Executing VM operation: RevokeBias
Event: 6912.805 Executing VM operation: RevokeBias done
Event: 6912.809 Executing VM operation: RevokeBias
Event: 6912.812 Executing VM operation: RevokeBias done
Event: 6912.932 Executing VM operation: ICBufferFull
Event: 6912.939 Executing VM operation: ICBufferFull done
Event: 6913.125 Executing VM operation: CGC_Operation
Event: 6913.126 Executing VM operation: CGC_Operation done


Dynamic libraries:
0x00007ff662990000 - 0x00007ff66299a000 	C:\Program Files\Android\Android Studio\jre\bin\java.exe
0x00007ffcc5f10000 - 0x00007ffcc6105000 	C:\Windows\SYSTEM32\ntdll.dll
0x00007ffcc43e0000 - 0x00007ffcc449e000 	C:\Windows\System32\KERNEL32.DLL
0x00007ffcc3820000 - 0x00007ffcc3ae8000 	C:\Windows\System32\KERNELBASE.dll
0x00007ffcc36d0000 - 0x00007ffcc37d0000 	C:\Windows\System32\ucrtbase.dll
0x00007ffca7840000 - 0x00007ffca7859000 	C:\Program Files\Android\Android Studio\jre\bin\jli.dll
0x00007ffca7860000 - 0x00007ffca7877000 	C:\Program Files\Android\Android Studio\jre\bin\VCRUNTIME140.dll
0x00007ffcc3f70000 - 0x00007ffcc4110000 	C:\Windows\System32\USER32.dll
0x00007ffcc3c30000 - 0x00007ffcc3c52000 	C:\Windows\System32\win32u.dll
0x00007ffcc44a0000 - 0x00007ffcc44cb000 	C:\Windows\System32\GDI32.dll
0x00007ffcb50d0000 - 0x00007ffcb536a000 	C:\Windows\WinSxS\amd64_microsoft.windows.common-controls_6595b64144ccf1df_6.0.19041.1110_none_60b5254171f9507e\COMCTL32.dll
0x00007ffcc3cd0000 - 0x00007ffcc3ddb000 	C:\Windows\System32\gdi32full.dll
0x00007ffcc3630000 - 0x00007ffcc36cd000 	C:\Windows\System32\msvcp_win.dll
0x00007ffcc44d0000 - 0x00007ffcc456e000 	C:\Windows\System32\msvcrt.dll
0x00007ffcc4580000 - 0x00007ffcc45b0000 	C:\Windows\System32\IMM32.DLL
0x00007ffcc2e10000 - 0x00007ffcc2e46000 	C:\Windows\system32\DriverStore\FileRepository\nvam.inf_amd64_1aae4f19e68d0780\nvinitx.dll
0x00007ffcc54a0000 - 0x00007ffcc554e000 	C:\Windows\System32\ADVAPI32.dll
0x00007ffcc2e00000 - 0x00007ffcc2e0a000 	C:\Windows\SYSTEM32\VERSION.dll
0x00007ffcc51e0000 - 0x00007ffcc527c000 	C:\Windows\System32\sechost.dll
0x00007ffcc4110000 - 0x00007ffcc4235000 	C:\Windows\System32\RPCRT4.dll
0x00007ffcc5660000 - 0x00007ffcc5da4000 	C:\Windows\System32\Shell32.dll
0x00007ffcc16f0000 - 0x00007ffcc1e84000 	C:\Windows\SYSTEM32\windows.storage.dll
0x00007ffcc4660000 - 0x00007ffcc49b4000 	C:\Windows\System32\combase.dll
0x00007ffcc3090000 - 0x00007ffcc30bc000 	C:\Windows\SYSTEM32\Wldp.dll
0x00007ffcc5550000 - 0x00007ffcc55fd000 	C:\Windows\System32\SHCORE.dll
0x00007ffcc4fd0000 - 0x00007ffcc5025000 	C:\Windows\System32\shlwapi.dll
0x0000000077640000 - 0x0000000077646000 	C:\Program Files\NVIDIA Corporation\CoProcManager\_etoured.dll
0x00007ffcbac80000 - 0x00007ffcbacc3000 	C:\Program Files\NVIDIA Corporation\CoProcManager\nvd3d9wrapx.dll
0x00007ffcc4a40000 - 0x00007ffcc4eb0000 	C:\Windows\System32\SETUPAPI.dll
0x00007ffcc37d0000 - 0x00007ffcc381e000 	C:\Windows\System32\cfgmgr32.dll
0x00007ffcc3de0000 - 0x00007ffcc3e07000 	C:\Windows\System32\bcrypt.dll
0x00007ffcbabb0000 - 0x00007ffcbabdd000 	C:\Program Files\NVIDIA Corporation\CoProcManager\nvdxgiwrapx.dll
0x00007ffc868d0000 - 0x00007ffc8696d000 	C:\Program Files\Android\Android Studio\jre\bin\msvcp140.dll
0x00007ffc96140000 - 0x00007ffc96c15000 	C:\Program Files\Android\Android Studio\jre\bin\server\jvm.dll
0x00007ffcc4f60000 - 0x00007ffcc4f68000 	C:\Windows\System32\PSAPI.DLL
0x00007ffcb7300000 - 0x00007ffcb7327000 	C:\Windows\SYSTEM32\WINMM.dll
0x00007ffcb4580000 - 0x00007ffcb4589000 	C:\Windows\SYSTEM32\WSOCK32.dll
0x00007ffcc4240000 - 0x00007ffcc42ab000 	C:\Windows\System32\ws2_32.DLL
0x00007ffcc14f0000 - 0x00007ffcc1502000 	C:\Windows\SYSTEM32\kernel.appcore.dll
0x00007ffcb43c0000 - 0x00007ffcb43d1000 	C:\Program Files\Android\Android Studio\jre\bin\verify.dll
0x00007ffcb1840000 - 0x00007ffcb1a24000 	C:\Windows\SYSTEM32\DBGHELP.DLL
0x00007ffcb17f0000 - 0x00007ffcb181c000 	C:\Windows\SYSTEM32\dbgcore.DLL
0x00007ffcc3af0000 - 0x00007ffcc3b72000 	C:\Windows\System32\bcryptPrimitives.dll
0x00007ffc96110000 - 0x00007ffc96139000 	C:\Program Files\Android\Android Studio\jre\bin\java.dll
0x00007ffcb4550000 - 0x00007ffcb455b000 	C:\Program Files\Android\Android Studio\jre\bin\jimage.dll
0x00007ffc960f0000 - 0x00007ffc96108000 	C:\Program Files\Android\Android Studio\jre\bin\zip.dll
0x00007ffcc3570000 - 0x00007ffcc358f000 	C:\Windows\SYSTEM32\profapi.dll
0x00007ffc960d0000 - 0x00007ffc960ea000 	C:\Program Files\Android\Android Studio\jre\bin\net.dll
0x00007ffcbd590000 - 0x00007ffcbd699000 	C:\Windows\SYSTEM32\WINHTTP.dll
0x00007ffcc2d30000 - 0x00007ffcc2d9a000 	C:\Windows\system32\mswsock.dll
0x00007ffc960b0000 - 0x00007ffc960c4000 	C:\Program Files\Android\Android Studio\jre\bin\nio.dll
0x00007ffca7880000 - 0x00007ffca78a7000 	C:\Users\Garik Asatryan\.gradle\native\e1d6ef7f7dcc3fd88c89a11ec53ec762bb8ba0a96d01ffa2cd45eb1d1d8dd5c5\windows-amd64\native-platform.dll
0x00007ffca7c50000 - 0x00007ffca7d94000 	C:\Users\Garik Asatryan\.gradle\native\5664cfc778a61ccfe75a443a1ab52a65af34e5dc3c78e0209fed803814484fcb\windows-amd64\native-platform-file-events.dll
0x00007ffcb4080000 - 0x00007ffcb408a000 	C:\Program Files\Android\Android Studio\jre\bin\management.dll
0x00007ffcb4010000 - 0x00007ffcb401d000 	C:\Program Files\Android\Android Studio\jre\bin\management_ext.dll
0x00007ffcc2f80000 - 0x00007ffcc2f98000 	C:\Windows\SYSTEM32\CRYPTSP.dll
0x00007ffcc2650000 - 0x00007ffcc2684000 	C:\Windows\system32\rsaenh.dll
0x00007ffcc3530000 - 0x00007ffcc355e000 	C:\Windows\SYSTEM32\USERENV.dll
0x00007ffcc2f70000 - 0x00007ffcc2f7c000 	C:\Windows\SYSTEM32\CRYPTBASE.dll
0x00007ffcc2a20000 - 0x00007ffcc2a5b000 	C:\Windows\SYSTEM32\IPHLPAPI.DLL
0x00007ffcc5280000 - 0x00007ffcc5288000 	C:\Windows\System32\NSI.dll
0x00007ffcb9940000 - 0x00007ffcb9957000 	C:\Windows\SYSTEM32\dhcpcsvc6.DLL
0x00007ffcbab90000 - 0x00007ffcbabad000 	C:\Windows\SYSTEM32\dhcpcsvc.DLL
0x00007ffcc2a60000 - 0x00007ffcc2b2a000 	C:\Windows\SYSTEM32\DNSAPI.dll
0x00007ffcbca50000 - 0x00007ffcbca58000 	C:\Program Files\Android\Android Studio\jre\bin\rmi.dll
0x00007ffc96090000 - 0x00007ffc960a7000 	C:\Windows\system32\napinsp.dll
0x00007ffc96070000 - 0x00007ffc9608b000 	C:\Windows\system32\pnrpnsp.dll
0x00007ffcbe4a0000 - 0x00007ffcbe4b5000 	C:\Windows\system32\wshbth.dll
0x00007ffcbf020000 - 0x00007ffcbf03d000 	C:\Windows\system32\NLAapi.dll
0x00007ffc96050000 - 0x00007ffc96062000 	C:\Windows\System32\winrnr.dll
0x00007ffcb4ff0000 - 0x00007ffcb4ffa000 	C:\Windows\System32\rasadhlp.dll
0x00007ffcb5050000 - 0x00007ffcb50cf000 	C:\Windows\System32\fwpuclnt.dll
0x0000000070bc0000 - 0x0000000070c9c000 	C:\Users\Garik Asatryan\AppData\Local\Temp\sqlite-3.36.0-01758d0d-4aff-47a9-832d-569a863aa7c6-sqlitejdbc.dll

dbghelp: loaded successfully - version: 4.0.5 - missing functions: none
symbol engine: initialized successfully - sym options: 0x614 - pdb path: .;C:\Program Files\Android\Android Studio\jre\bin;C:\Windows\SYSTEM32;C:\Windows\WinSxS\amd64_microsoft.windows.common-controls_6595b64144ccf1df_6.0.19041.1110_none_60b5254171f9507e;C:\Windows\system32\DriverStore\FileRepository\nvam.inf_amd64_1aae4f19e68d0780;C:\Program Files\NVIDIA Corporation\CoProcManager;C:\Program Files\Android\Android Studio\jre\bin\server;C:\Users\Garik Asatryan\.gradle\native\e1d6ef7f7dcc3fd88c89a11ec53ec762bb8ba0a96d01ffa2cd45eb1d1d8dd5c5\windows-amd64;C:\Users\Garik Asatryan\.gradle\native\5664cfc778a61ccfe75a443a1ab52a65af34e5dc3c78e0209fed803814484fcb\windows-amd64;C:\Users\Garik Asatryan\AppData\Local\Temp

VM Arguments:
jvm_args: --add-opens=java.base/java.util=ALL-UNNAMED --add-opens=java.base/java.lang=ALL-UNNAMED --add-opens=java.base/java.lang.invoke=ALL-UNNAMED --add-opens=java.base/java.util=ALL-UNNAMED --add-opens=java.prefs/java.util.prefs=ALL-UNNAMED --add-opens=java.prefs/java.util.prefs=ALL-UNNAMED --add-opens=java.base/java.nio.charset=ALL-UNNAMED --add-opens=java.base/java.net=ALL-UNNAMED --add-opens=java.base/java.util.concurrent.atomic=ALL-UNNAMED -Xmx2048m -Dfile.encoding=UTF-8 -Duser.country=US -Duser.language=en -Duser.variant 
java_command: org.gradle.launcher.daemon.bootstrap.GradleDaemon 7.2
java_class_path (initial): C:\Users\Garik Asatryan\.gradle\wrapper\dists\gradle-7.2-bin\2dnblmf4td7x66yl1d74lt32g\gradle-7.2\lib\gradle-launcher-7.2.jar
Launcher Type: SUN_STANDARD

[Global flags]
     intx CICompilerCount                          = 3                                         {product} {ergonomic}
     uint ConcGCThreads                            = 1                                         {product} {ergonomic}
     uint G1ConcRefinementThreads                  = 4                                         {product} {ergonomic}
   size_t G1HeapRegionSize                         = 1048576                                   {product} {ergonomic}
    uintx GCDrainStackTargetSize                   = 64                                        {product} {ergonomic}
   size_t InitialHeapSize                          = 67108864                                  {product} {ergonomic}
   size_t MarkStackSize                            = 4194304                                   {product} {ergonomic}
   size_t MaxHeapSize                              = 2147483648                                {product} {command line}
   size_t MaxNewSize                               = 1287651328                                {product} {ergonomic}
   size_t MinHeapDeltaBytes                        = 1048576                                   {product} {ergonomic}
    uintx NonNMethodCodeHeapSize                   = 5830732                                {pd product} {ergonomic}
    uintx NonProfiledCodeHeapSize                  = 122913754                              {pd product} {ergonomic}
    uintx ProfiledCodeHeapSize                     = 122913754                              {pd product} {ergonomic}
    uintx ReservedCodeCacheSize                    = 251658240                              {pd product} {ergonomic}
     bool SegmentedCodeCache                       = true                                      {product} {ergonomic}
     bool UseCompressedClassPointers               = true                                 {lp64_product} {ergonomic}
     bool UseCompressedOops                        = true                                 {lp64_product} {ergonomic}
     bool UseG1GC                                  = true                                      {product} {ergonomic}
     bool UseLargePagesIndividualAllocation        = false                                  {pd product} {ergonomic}

Logging:
Log output configuration:
 #0: stdout all=warning uptime,level,tags
 #1: stderr all=off uptime,level,tags

Environment Variables:
PATH=C:\Windows\system32;C:\Windows;C:\Windows\System32\Wbem;C:\Windows\System32\WindowsPowerShell\v1.0\;C:\Windows\System32\OpenSSH\;C:\Program Files\Git\cmd;C:\Users\Garik Asatryan\AppData\Local\Microsoft\WindowsApps;
USERNAME=Garik Asatryan
OS=Windows_NT
PROCESSOR_IDENTIFIER=Intel64 Family 6 Model 42 Stepping 7, GenuineIntel



---------------  S Y S T E M  ---------------

OS: Windows 10 , 64 bit Build 19041 (10.0.19041.1566)
OS uptime: 0 days 8:26 hours

CPU:total 4 (initial active 4) (2 cores per cpu, 2 threads per core) family 6 model 42 stepping 7 microcode 0x2f, cmov, cx8, fxsr, mmx, sse, sse2, sse3, ssse3, sse4.1, sse4.2, popcnt, avx, clmul, ht, tsc, tscinvbit

Memory: 4k page, system-wide physical 4006M (51M free)
TotalPageFile size 10992M (AvailPageFile size 3631M)
current process WorkingSet (physical memory assigned to process): 484M, peak: 561M
current process commit charge ("private bytes"): 740M, peak: 744M

vm_info: OpenJDK 64-Bit Server VM (11.0.11+9-b60-7590822) for windows-amd64 JRE (11.0.11+9-b60-7590822), built on Jul 29 2021 21:43:44 by "builder" with MS VC++ 14.0 (VS2015)

END.
